<?xml version="1.0" encoding="UTF-8"?>
<testng-results ignored="0" total="1" passed="0" failed="1" skipped="0">
  <reporter-output>
  </reporter-output>
  <suite started-at="2023-07-23T18:18:17 IST" name="Default suite" finished-at="2023-07-23T18:18:20 IST" duration-ms="3692">
    <groups>
    </groups>
    <test started-at="2023-07-23T18:18:17 IST" name="Default test" finished-at="2023-07-23T18:18:20 IST" duration-ms="3692">
      <class name="com.testautomation.apitesting.tests.GetAPIRequest">
        <test-method is-config="true" signature="beforeMethod()[pri:0, instance:com.testautomation.apitesting.tests.GetAPIRequest@3ba9ad43]" started-at="2023-07-23T18:18:17 IST" name="beforeMethod" finished-at="2023-07-23T18:18:17 IST" duration-ms="388" status="PASS">
          <reporter-output>
          </reporter-output>
        </test-method> <!-- beforeMethod -->
        <test-method signature="verifyResponseKeysAvailable()[pri:0, instance:com.testautomation.apitesting.tests.GetAPIRequest@3ba9ad43]" started-at="2023-07-23T18:18:17 IST" name="verifyResponseKeysAvailable" finished-at="2023-07-23T18:18:20 IST" duration-ms="3237" status="FAIL">
          <exception class="java.lang.AssertionError">
            <message>
              <![CDATA[1 expectation failed.
Response body doesn't match expectation.
Expected: The content to match the given JSON schema.
error: instance type (number) does not match any allowed primitive type (allowed: ["null"])
    level: "error"
    schema: {"loadingURI":"#","pointer":"/properties/currentConditions/properties/precip"}
    instance: {"pointer":"/currentConditions/precip"}
    domain: "validation"
    keyword: "type"
    found: "number"
    expected: ["null"]
error: instance type (array) does not match any allowed primitive type (allowed: ["null"])
    level: "error"
    schema: {"loadingURI":"#","pointer":"/properties/currentConditions/properties/preciptype"}
    instance: {"pointer":"/currentConditions/preciptype"}
    domain: "validation"
    keyword: "type"
    found: "array"
    expected: ["null"]
error: object has missing required properties (["AV559","VIDP"])
    level: "error"
    schema: {"loadingURI":"#","pointer":"/properties/stations"}
    instance: {"pointer":"/stations"}
    domain: "validation"
    keyword: "required"
    required: ["AV559","VIDP"]
    missing: ["AV559","VIDP"]

  Actual: {"queryCost":1,"latitude":22.4867,"longitude":85.1946,"resolvedAddress":"Guragaon, Anandpur, JH, India","address":"Guragoan","timezone":"Asia/Kolkata","tzoffset":5.5,"description":"Similar temperatures continuing with a chance of rain multiple days.","days":[{"datetime":"2023-07-23","datetimeEpoch":1690050600,"tempmax":32.6,"tempmin":24.1,"temp":27.7,"feelslikemax":38.2,"feelslikemin":24.1,"feelslike":30.1,"dew":23.7,"humidity":80.1,"precip":3.3,"precipprob":100.0,"precipcover":41.67,"preciptype":["rain"],"snow":0.0,"snowdepth":0.0,"windgust":37.1,"windspeed":19.1,"winddir":103.3,"pressure":1003.9,"cloudcover":66.8,"visibility":23.1,"solarradiation":233.5,"solarenergy":20.2,"uvindex":8.0,"severerisk":60.0,"sunrise":"05:16:54","sunriseEpoch":1690069614,"sunset":"18:34:26","sunsetEpoch":1690117466,"moonphase":0.18,"conditions":"Rain, Partially cloudy","description":"Partly cloudy throughout the day with storms possible.","icon":"rain","stations":["remote"],"source":"comb","hours":[{"datetime":"00:00:00","datetimeEpoch":1690050600,"temp":24.9,"feelslike":24.9,"humidity":93.62,"dew":23.8,"precip":0.0,"precipprob":0.0,"snow":0.0,"snowdepth":0.0,"preciptype":null,"windgust":21.2,"windspeed":7.2,"winddir":74.0,"pressure":1006.0,"visibility":24.1,"cloudcover":99.2,"solarradiation":0.0,"solarenergy":0.0,"uvindex":0.0,"severerisk":10.0,"conditions":"Overcast","icon":"cloudy","stations":["remote"],"source":"obs"},{"datetime":"01:00:00","datetimeEpoch":1690054200,"temp":24.8,"feelslike":24.8,"humidity":94.18,"dew":23.8,"precip":0.0,"precipprob":0.0,"snow":0.0,"snowdepth":0.0,"preciptype":null,"windgust":20.2,"windspeed":6.8,"winddir":67.6,"pressure":1006.0,"visibility":24.1,"cloudcover":100.0,"solarradiation":0.0,"solarenergy":0.0,"uvindex":0.0,"severerisk":10.0,"conditions":"Overcast","icon":"cloudy","stations":["remote"],"source":"obs"},{"datetime":"02:00:00","datetimeEpoch":1690057800,"temp":24.6,"feelslike":24.6,"humidity":95.31,"dew":23.8,"precip":0.0,"precipprob":0.0,"snow":0.0,"snowdepth":0.0,"preciptype":null,"windgust":20.5,"windspeed":6.8,"winddir":68.7,"pressure":1005.0,"visibility":24.1,"cloudcover":100.0,"solarradiation":0.0,"solarenergy":0.0,"uvindex":0.0,"severerisk":10.0,"conditions":"Overcast","icon":"cloudy","stations":["remote"],"source":"obs"},{"datetime":"03:00:00","datetimeEpoch":1690061400,"temp":24.3,"feelslike":24.3,"humidity":97.04,"dew":23.8,"precip":0.0,"precipprob":0.0,"snow":0.0,"snowdepth":0.0,"preciptype":null,"windgust":19.1,"windspeed":6.5,"winddir":67.4,"pressure":1005.0,"visibility":24.1,"cloudcover":73.7,"solarradiation":0.0,"solarenergy":0.0,"uvindex":0.0,"severerisk":10.0,"conditions":"Partially cloudy","icon":"partly-cloudy-night","stations":["remote"],"source":"obs"},{"datetime":"04:00:00","datetimeEpoch":1690065000,"temp":24.2,"feelslike":24.2,"humidity":97.62,"dew":23.8,"precip":0.0,"precipprob":0.0,"snow":0.0,"snowdepth":0.0,"preciptype":null,"windgust":18.7,"windspeed":6.5,"winddir":61.7,"pressure":1005.0,"visibility":24.1,"cloudcover":23.8,"solarradiation":0.0,"solarenergy":0.0,"uvindex":0.0,"severerisk":10.0,"conditions":"Partially cloudy","icon":"partly-cloudy-night","stations":["remote"],"source":"obs"},{"datetime":"05:00:00","datetimeEpoch":1690068600,"temp":24.1,"feelslike":24.1,"humidity":98.21,"dew":23.8,"precip":0.0,"precipprob":0.0,"snow":0.0,"snowdepth":0.0,"preciptype":null,"windgust":18.0,"windspeed":6.1,"winddir":66.9,"pressure":1005.0,"visibility":24.1,"cloudcover":50.2,"solarradiation":0.0,"solarenergy":0.0,"uvindex":0.0,"severerisk":10.0,"conditions":"Partially cloudy","icon":"partly-cloudy-night","stations":["remote"],"source":"obs"},{"datetime":"06:00:00","datetimeEpoch":1690072200,"temp":24.2,"feelslike":24.2,"humidity":98.21,"dew":23.9,"precip":0.0,"precipprob":0.0,"snow":0.0,"snowdepth":0.0,"preciptype":null,"windgust":21.6,"windspeed":6.5,"winddir":65.6,"pressure":1005.0,"visibility":24.1,"cloudcover":100.0,"solarradiation":1.0,"solarenergy":0.0,"uvindex":0.0,"severerisk":10.0,"conditions":"Overcast","icon":"cloudy","stations":["remote"],"source":"obs"},{"datetime":"07:00:00","datetimeEpoch":1690075800,"temp":25.7,"feelslike":25.7,"humidity":90.89,"dew":24.1,"precip":0.0,"precipprob":0.0,"snow":0.0,"snowdepth":0.0,"preciptype":null,"windgust":29.9,"windspeed":9.7,"winddir":67.9,"pressure":1005.0,"visibility":24.1,"cloudcover":100.0,"solarradiation":76.0,"solarenergy":0.3,"uvindex":1.0,"severerisk":10.0,"conditions":"Overcast","icon":"cloudy","stations":["remote"],"source":"obs"},{"datetime":"08:00:00","datetimeEpoch":1690079400,"temp":27.1,"feelslike":30.1,"humidity":82.19,"dew":23.8,"precip":0.0,"precipprob":0.0,"snow":0.0,"snowdepth":0.0,"preciptype":null,"windgust":30.6,"windspeed":15.1,"winddir":80.8,"pressure":1005.0,"visibility":24.1,"cloudcover":100.0,"solarradiation":218.0,"solarenergy":0.8,"uvindex":2.0,"severerisk":10.0,"conditions":"Overcast","icon":"cloudy","stations":["remote"],"source":"obs"},{"datetime":"09:00:00","datetimeEpoch":1690083000,"temp":28.6,"feelslike":32.5,"humidity":74.39,"dew":23.6,"precip":0.0,"precipprob":0.0,"snow":0.0,"snowdepth":0.0,"preciptype":null,"windgust":28.8,"windspeed":18.0,"winddir":91.7,"pressure":1006.0,"visibility":24.1,"cloudcover":96.3,"solarradiation":415.0,"solarenergy":1.5,"uvindex":4.0,"severerisk":30.0,"conditions":"Overcast","icon":"cloudy","stations":["remote"],"source":"obs"},{"datetime":"10:00:00","datetimeEpoch":1690086600,"temp":30.4,"feelslike":35.2,"humidity":67.05,"dew":23.6,"precip":0.0,"precipprob":0.0,"snow":0.0,"snowdepth":0.0,"preciptype":null,"windgust":26.6,"windspeed":19.1,"winddir":95.4,"pressure":1005.0,"visibility":24.1,"cloudcover":57.4,"solarradiation":651.0,"solarenergy":2.3,"uvindex":7.0,"severerisk":30.0,"conditions":"Partially cloudy","icon":"partly-cloudy-day","stations":["remote"],"source":"obs"},{"datetime":"11:00:00","datetimeEpoch":1690090200,"temp":31.5,"feelslike":36.4,"humidity":62.22,"dew":23.4,"precip":0.1,"precipprob":100.0,"snow":0.0,"snowdepth":0.0,"preciptype":["rain"],"windgust":25.6,"windspeed":19.1,"winddir":96.0,"pressure":1005.0,"visibility":24.1,"cloudcover":81.2,"solarradiation":705.0,"solarenergy":2.5,"uvindex":7.0,"severerisk":30.0,"conditions":"Rain, Partially cloudy","icon":"rain","stations":["remote"],"source":"obs"},{"datetime":"12:00:00","datetimeEpoch":1690093800,"temp":31.8,"feelslike":36.8,"humidity":61.17,"dew":23.4,"precip":0.1,"precipprob":100.0,"snow":0.0,"snowdepth":0.0,"preciptype":["rain"],"windgust":25.2,"windspeed":18.0,"winddir":97.4,"pressure":1004.0,"visibility":18.3,"cloudcover":95.2,"solarradiation":669.0,"solarenergy":2.4,"uvindex":7.0,"severerisk":30.0,"conditions":"Rain, Overcast","icon":"rain","stations":["remote"],"source":"obs"},{"datetime":"13:00:00","datetimeEpoch":1690097400,"temp":31.4,"feelslike":36.3,"humidity":62.57,"dew":23.4,"precip":0.2,"precipprob":100.0,"snow":0.0,"snowdepth":0.0,"preciptype":["rain"],"windgust":24.5,"windspeed":17.6,"winddir":101.6,"pressure":1003.0,"visibility":23.4,"cloudcover":96.0,"solarradiation":484.0,"solarenergy":1.7,"uvindex":5.0,"severerisk":30.0,"conditions":"Rain, Overcast","icon":"rain","stations":["remote"],"source":"obs"},{"datetime":"14:00:00","datetimeEpoch":1690101000,"temp":31.1,"feelslike":36.2,"humidity":64.81,"dew":23.7,"precip":0.1,"precipprob":100.0,"snow":0.0,"snowdepth":0.0,"preciptype":["rain"],"windgust":22.7,"windspeed":15.1,"winddir":106.8,"pressure":1002.0,"visibility":24.1,"cloudcover":55.1,"solarradiation":382.0,"solarenergy":1.4,"uvindex":4.0,"severerisk":30.0,"conditions":"Rain, Partially cloudy","icon":"rain","stations":["remote"],"source":"obs"},{"datetime":"15:00:00","datetimeEpoch":1690104600,"temp":32.6,"feelslike":38.2,"humidity":59.53,"dew":23.7,"precip":0.3,"precipprob":100.0,"snow":0.0,"snowdepth":0.0,"preciptype":["rain"],"windgust":22.0,"windspeed":15.8,"winddir":114.2,"pressure":1001.0,"visibility":24.1,"cloudcover":55.2,"solarradiation":765.0,"solarenergy":2.8,"uvindex":8.0,"severerisk":30.0,"conditions":"Rain, Partially cloudy","icon":"rain","stations":["remote"],"source":"obs"},{"datetime":"16:00:00","datetimeEpoch":1690108200,"temp":32.0,"feelslike":37.7,"humidity":62.33,"dew":23.9,"precip":0.5,"precipprob":100.0,"snow":0.0,"snowdepth":0.0,"preciptype":["rain"],"windgust":20.9,"windspeed":15.1,"winddir":112.9,"pressure":1001.0,"visibility":24.1,"cloudcover":99.8,"solarradiation":581.0,"solarenergy":2.1,"uvindex":6.0,"severerisk":60.0,"conditions":"Rain, Overcast","icon":"rain","stations":["remote"],"source":"obs"},{"datetime":"17:00:00","datetimeEpoch":1690111800,"temp":30.7,"feelslike":36.1,"humidity":67.93,"dew":24.1,"precip":0.6,"precipprob":100.0,"snow":0.0,"snowdepth":0.0,"preciptype":["rain"],"windgust":23.0,"windspeed":14.0,"winddir":123.9,"pressure":1001.0,"visibility":7.7,"cloudcover":99.8,"solarradiation":359.0,"solarenergy":1.3,"uvindex":4.0,"severerisk":30.0,"conditions":"Rain, Overcast","icon":"rain","stations":["remote"],"source":"obs"},{"datetime":"18:00:00","datetimeEpoch":1690115400,"temp":29.4,"feelslike":34.1,"humidity":72.76,"dew":24.0,"precip":1.0,"precipprob":95.2,"snow":0.0,"snowdepth":0.0,"preciptype":["rain"],"windgust":26.3,"windspeed":13.0,"winddir":131.5,"pressure":1001.0,"visibility":24.1,"cloudcover":96.3,"solarradiation":249.0,"solarenergy":0.9,"uvindex":2.0,"severerisk":30.0,"conditions":"Rain, Overcast","icon":"rain","stations":null,"source":"fcst"},{"datetime":"19:00:00","datetimeEpoch":1690119000,"temp":27.5,"feelslike":30.8,"humidity":80.28,"dew":23.8,"precip":0.3,"precipprob":33.3,"snow":0.0,"snowdepth":0.0,"preciptype":["rain"],"windgust":26.6,"windspeed":10.8,"winddir":136.8,"pressure":1002.0,"visibility":24.1,"cloudcover":9.3,"solarradiation":49.0,"solarenergy":0.2,"uvindex":0.0,"severerisk":30.0,"conditions":"Clear","icon":"clear-night","stations":null,"source":"fcst"},{"datetime":"20:00:00","datetimeEpoch":1690122600,"temp":26.7,"feelslike":26.7,"humidity":82.64,"dew":23.5,"precip":0.1,"precipprob":33.3,"snow":0.0,"snowdepth":0.0,"preciptype":["rain"],"windgust":32.4,"windspeed":11.5,"winddir":140.8,"pressure":1003.0,"visibility":24.1,"cloudcover":5.9,"solarradiation":0.0,"solarenergy":0.0,"uvindex":0.0,"severerisk":10.0,"conditions":"Clear","icon":"clear-night","stations":null,"source":"fcst"},{"datetime":"21:00:00","datetimeEpoch":1690126200,"temp":26.3,"feelslike":26.3,"humidity":83.59,"dew":23.3,"precip":0.0,"precipprob":33.3,"snow":0.0,"snowdepth":0.0,"preciptype":null,"windgust":37.1,"windspeed":12.6,"winddir":140.4,"pressure":1004.0,"visibility":24.1,"cloudcover":0.0,"solarradiation":0.0,"solarenergy":0.0,"uvindex":0.0,"severerisk":10.0,"conditions":"Clear","icon":"clear-night","stations":null,"source":"fcst"},{"datetime":"22:00:00","datetimeEpoch":1690129800,"temp":26.0,"feelslike":26.0,"humidity":85.09,"dew":23.3,"precip":0.0,"precipprob":33.3,"snow":0.0,"snowdepth":0.0,"preciptype":null,"windgust":34.2,"windspeed":11.9,"winddir":134.7,"pressure":1004.0,"visibility":24.1,"cloudcover":3.5,"solarradiation":0.0,"solarenergy":0.0,"uvindex":0.0,"severerisk":10.0,"conditions":"Clear","icon":"clear-night","stations":null,"source":"fcst"},{"datetime":"23:00:00","datetimeEpoch":1690133400,"temp":25.6,"feelslike":25.6,"humidity":87.66,"dew":23.4,"precip":0.0,"precipprob":33.3,"snow":0.0,"snowdepth":0.0,"preciptype":null,"windgust":28.8,"windspeed":10.4,"winddir":132.4,"pressure":1004.0,"visibility":24.1,"cloudcover":5.0,"solarradiation":0.0,"solarenergy":0.0,"uvindex":0.0,"severerisk":10.0,"conditions":"Clear","icon":"clear-night","stations":null,"source":"fcst"}]},{"datetime":"2023-07-24","datetimeEpoch":1690137000,"tempmax":33.0,"tempmin":23.6,"temp":27.9,"feelslikemax":37.3,"feelslikemin":23.6,"feelslike":30.1,"dew":23.0,"humidity":76.3,"precip":0.1,"precipprob":33.3,"precipcover":4.17,"preciptype":["rain"],"snow":0.0,"snowdepth":0.0,"windgust":33.5,"windspeed":14.8,"winddir":93.3,"pressure":1002.4,"cloudcover":51.9,"visibility":24.1,"solarradiation":219.3,"solarenergy":18.9,"uvindex":7.0,"severerisk":30.0,"sunrise":"05:17:19","sunriseEpoch":1690156039,"sunset":"18:34:03","sunsetEpoch":1690203843,"moonphase":0.22,"conditions":"Partially cloudy","description":"Partly cloudy throughout the day with storms possible.","icon":"partly-cloudy-day","stations":null,"source":"fcst","hours":[{"datetime":"00:00:00","datetimeEpoch":1690137000,"temp":25.1,"feelslike":25.1,"humidity":89.76,"dew":23.3,"precip":0.0,"precipprob":33.3,"snow":0.0,"snowdepth":0.0,"preciptype":null,"windgust":22.0,"windspeed":7.9,"winddir":123.4,"pressure":1004.0,"visibility":24.1,"cloudcover":5.0,"solarradiation":0.0,"solarenergy":0.0,"uvindex":0.0,"severerisk":10.0,"conditions":"Clear","icon":"clear-night","stations":null,"source":"fcst"},{"datetime":"01:00:00","datetimeEpoch":1690140600,"temp":24.8,"feelslike":24.8,"humidity":91.94,"dew":23.4,"precip":0.0,"precipprob":4.8,"snow":0.0,"snowdepth":0.0,"preciptype":null,"windgust":11.9,"windspeed":5.8,"winddir":104.2,"pressure":1003.0,"visibility":24.1,"cloudcover":30.2,"solarradiation":0.0,"solarenergy":0.0,"uvindex":0.0,"severerisk":10.0,"conditions":"Partially cloudy","icon":"partly-cloudy-night","stations":null,"source":"fcst"},{"datetime":"02:00:00","datetimeEpoch":1690144200,"temp":24.4,"feelslike":24.4,"humidity":93.6,"dew":23.3,"precip":0.0,"precipprob":4.8,"snow":0.0,"snowdepth":0.0,"preciptype":null,"windgust":7.6,"windspeed":5.0,"winddir":87.2,"pressure":1003.0,"visibility":24.1,"cloudcover":80.9,"solarradiation":0.0,"solarenergy":0.0,"uvindex":0.0,"severerisk":10.0,"conditions":"Partially cloudy","icon":"partly-cloudy-night","stations":null,"source":"fcst"},{"datetime":"03:00:00","datetimeEpoch":1690147800,"temp":24.1,"feelslike":24.1,"humidity":95.3,"dew":23.3,"precip":0.0,"precipprob":4.8,"snow":0.0,"snowdepth":0.0,"preciptype":null,"windgust":5.8,"windspeed":5.0,"winddir":77.0,"pressure":1003.0,"visibility":24.1,"cloudcover":100.0,"solarradiation":0.0,"solarenergy":0.0,"uvindex":0.0,"severerisk":10.0,"conditions":"Overcast","icon":"cloudy","stations":null,"source":"fcst"},{"datetime":"04:00:00","datetimeEpoch":1690151400,"temp":23.9,"feelslike":23.9,"humidity":95.87,"dew":23.2,"precip":0.0,"precipprob":4.8,"snow":0.0,"snowdepth":0.0,"preciptype":null,"windgust":5.8,"windspeed":5.0,"winddir":72.2,"pressure":1003.0,"visibility":24.1,"cloudcover":84.5,"solarradiation":0.0,"solarenergy":0.0,"uvindex":0.0,"severerisk":10.0,"conditions":"Partially cloudy","icon":"partly-cloudy-night","stations":null,"source":"fcst"},{"datetime":"05:00:00","datetimeEpoch":1690155000,"temp":23.6,"feelslike":23.6,"humidity":97.61,"dew":23.2,"precip":0.0,"precipprob":4.8,"snow":0.0,"snowdepth":0.0,"preciptype":null,"windgust":5.8,"windspeed":5.0,"winddir":71.9,"pressure":1002.0,"visibility":24.1,"cloudcover":18.6,"solarradiation":0.0,"solarenergy":0.0,"uvindex":0.0,"severerisk":10.0,"conditions":"Clear","icon":"clear-night","stations":null,"source":"fcst"},{"datetime":"06:00:00","datetimeEpoch":1690158600,"temp":23.6,"feelslike":23.6,"humidity":97.61,"dew":23.2,"precip":0.0,"precipprob":4.8,"snow":0.0,"snowdepth":0.0,"preciptype":null,"windgust":7.9,"windspeed":5.8,"winddir":75.5,"pressure":1003.0,"visibility":24.1,"cloudcover":40.6,"solarradiation":1.0,"solarenergy":0.0,"uvindex":0.0,"severerisk":10.0,"conditions":"Partially cloudy","icon":"partly-cloudy-day","stations":null,"source":"fcst"},{"datetime":"07:00:00","datetimeEpoch":1690162200,"temp":25.2,"feelslike":25.2,"humidity":90.31,"dew":23.5,"precip":0.0,"precipprob":0.0,"snow":0.0,"snowdepth":0.0,"preciptype":null,"windgust":14.4,"windspeed":6.5,"winddir":90.4,"pressure":1003.0,"visibility":24.1,"cloudcover":19.7,"solarradiation":88.0,"solarenergy":0.3,"uvindex":1.0,"severerisk":10.0,"conditions":"Clear","icon":"clear-day","stations":null,"source":"fcst"},{"datetime":"08:00:00","datetimeEpoch":1690165800,"temp":27.1,"feelslike":29.9,"humidity":80.23,"dew":23.4,"precip":0.0,"precipprob":0.0,"snow":0.0,"snowdepth":0.0,"preciptype":null,"windgust":15.5,"windspeed":9.4,"winddir":104.6,"pressure":1004.0,"visibility":24.1,"cloudcover":49.0,"solarradiation":305.0,"solarenergy":1.1,"uvindex":3.0,"severerisk":10.0,"conditions":"Partially cloudy","icon":"partly-cloudy-day","stations":null,"source":"fcst"},{"datetime":"09:00:00","datetimeEpoch":1690169400,"temp":28.6,"feelslike":32.1,"humidity":72.18,"dew":23.1,"precip":0.0,"precipprob":0.0,"snow":0.0,"snowdepth":0.0,"preciptype":null,"windgust":15.1,"windspeed":10.4,"winddir":120.8,"pressure":1004.0,"visibility":24.1,"cloudcover":90.6,"solarradiation":474.0,"solarenergy":1.7,"uvindex":5.0,"severerisk":10.0,"conditions":"Overcast","icon":"cloudy","stations":null,"source":"fcst"},{"datetime":"10:00:00","datetimeEpoch":1690173000,"temp":30.0,"feelslike":33.9,"humidity":65.37,"dew":22.8,"precip":0.0,"precipprob":0.0,"snow":0.0,"snowdepth":0.0,"preciptype":["rain"],"windgust":15.1,"windspeed":11.2,"winddir":122.7,"pressure":1004.0,"visibility":24.1,"cloudcover":63.8,"solarradiation":602.0,"solarenergy":2.2,"uvindex":6.0,"severerisk":10.0,"conditions":"Partially cloudy","icon":"partly-cloudy-day","stations":null,"source":"fcst"},{"datetime":"11:00:00","datetimeEpoch":1690176600,"temp":31.0,"feelslike":35.0,"humidity":60.99,"dew":22.6,"precip":0.0,"precipprob":0.0,"snow":0.0,"snowdepth":0.0,"preciptype":["rain"],"windgust":13.7,"windspeed":10.4,"winddir":116.0,"pressure":1004.0,"visibility":24.1,"cloudcover":96.2,"solarradiation":665.0,"solarenergy":2.4,"uvindex":7.0,"severerisk":10.0,"conditions":"Overcast","icon":"cloudy","stations":null,"source":"fcst"},{"datetime":"12:00:00","datetimeEpoch":1690180200,"temp":31.0,"feelslike":34.8,"humidity":60.25,"dew":22.4,"precip":0.1,"precipprob":0.0,"snow":0.0,"snowdepth":0.0,"preciptype":["rain"],"windgust":13.0,"windspeed":10.8,"winddir":94.6,"pressure":1003.0,"visibility":24.1,"cloudcover":92.1,"solarradiation":496.0,"solarenergy":1.8,"uvindex":5.0,"severerisk":10.0,"conditions":"Overcast","icon":"cloudy","stations":null,"source":"fcst"},{"datetime":"13:00:00","datetimeEpoch":1690183800,"temp":31.0,"feelslike":35.0,"humidity":60.99,"dew":22.6,"precip":0.0,"precipprob":19.0,"snow":0.0,"snowdepth":0.0,"preciptype":null,"windgust":13.0,"windspeed":10.8,"winddir":91.7,"pressure":1002.0,"visibility":24.1,"cloudcover":72.3,"solarradiation":419.0,"solarenergy":1.5,"uvindex":4.0,"severerisk":10.0,"conditions":"Partially cloudy","icon":"partly-cloudy-day","stations":null,"source":"fcst"},{"datetime":"14:00:00","datetimeEpoch":1690187400,"temp":31.9,"feelslike":36.1,"humidity":57.95,"dew":22.6,"precip":0.0,"precipprob":19.0,"snow":0.0,"snowdepth":0.0,"preciptype":null,"windgust":13.7,"windspeed":10.8,"winddir":87.6,"pressure":1001.0,"visibility":24.1,"cloudcover":37.3,"solarradiation":585.0,"solarenergy":2.1,"uvindex":6.0,"severerisk":30.0,"conditions":"Partially cloudy","icon":"partly-cloudy-day","stations":null,"source":"fcst"},{"datetime":"15:00:00","datetimeEpoch":1690191000,"temp":33.0,"feelslike":37.3,"humidity":53.8,"dew":22.4,"precip":0.0,"precipprob":19.0,"snow":0.0,"snowdepth":0.0,"preciptype":null,"windgust":15.8,"windspeed":12.6,"winddir":79.3,"pressure":1000.0,"visibility":24.1,"cloudcover":59.9,"solarradiation":708.0,"solarenergy":2.5,"uvindex":7.0,"severerisk":30.0,"conditions":"Partially cloudy","icon":"partly-cloudy-day","stations":null,"source":"fcst"},{"datetime":"16:00:00","datetimeEpoch":1690194600,"temp":32.6,"feelslike":36.9,"humidity":55.36,"dew":22.5,"precip":0.0,"precipprob":19.0,"snow":0.0,"snowdepth":0.0,"preciptype":null,"windgust":17.3,"windspeed":14.8,"winddir":81.7,"pressure":1000.0,"visibility":24.1,"cloudcover":87.1,"solarradiation":525.0,"solarenergy":1.9,"uvindex":5.0,"severerisk":30.0,"conditions":"Partially cloudy","icon":"partly-cloudy-day","stations":null,"source":"fcst"},{"datetime":"17:00:00","datetimeEpoch":1690198200,"temp":31.2,"feelslike":35.6,"humidity":61.78,"dew":23.0,"precip":0.0,"precipprob":19.0,"snow":0.0,"snowdepth":0.0,"preciptype":null,"windgust":19.8,"windspeed":12.2,"winddir":84.4,"pressure":1000.0,"visibility":24.1,"cloudcover":80.2,"solarradiation":224.0,"solarenergy":0.8,"uvindex":2.0,"severerisk":30.0,"conditions":"Partially cloudy","icon":"partly-cloudy-day","stations":null,"source":"fcst"},{"datetime":"18:00:00","datetimeEpoch":1690201800,"temp":30.4,"feelslike":34.9,"humidity":65.85,"dew":23.3,"precip":0.0,"precipprob":19.0,"snow":0.0,"snowdepth":0.0,"preciptype":null,"windgust":23.0,"windspeed":10.1,"winddir":84.4,"pressure":1000.0,"visibility":24.1,"cloudcover":61.7,"solarradiation":129.0,"solarenergy":0.5,"uvindex":1.0,"severerisk":30.0,"conditions":"Partially cloudy","icon":"partly-cloudy-day","stations":null,"source":"fcst"},{"datetime":"19:00:00","datetimeEpoch":1690205400,"temp":29.0,"feelslike":32.7,"humidity":70.53,"dew":23.1,"precip":0.0,"precipprob":9.5,"snow":0.0,"snowdepth":0.0,"preciptype":null,"windgust":28.4,"windspeed":10.8,"winddir":83.7,"pressure":1001.0,"visibility":24.1,"cloudcover":17.5,"solarradiation":41.0,"solarenergy":0.1,"uvindex":0.0,"severerisk":30.0,"conditions":"Clear","icon":"clear-night","stations":null,"source":"fcst"},{"datetime":"20:00:00","datetimeEpoch":1690209000,"temp":27.9,"feelslike":30.9,"humidity":74.28,"dew":22.9,"precip":0.0,"precipprob":9.5,"snow":0.0,"snowdepth":0.0,"preciptype":null,"windgust":33.5,"windspeed":11.9,"winddir":92.1,"pressure":1002.0,"visibility":24.1,"cloudcover":4.5,"solarradiation":0.0,"solarenergy":0.0,"uvindex":0.0,"severerisk":10.0,"conditions":"Clear","icon":"clear-night","stations":null,"source":"fcst"},{"datetime":"21:00:00","datetimeEpoch":1690212600,"temp":27.2,"feelslike":29.8,"humidity":76.92,"dew":22.8,"precip":0.0,"precipprob":9.5,"snow":0.0,"snowdepth":0.0,"preciptype":null,"windgust":33.5,"windspeed":11.5,"winddir":93.6,"pressure":1002.0,"visibility":24.1,"cloudcover":5.0,"solarradiation":0.0,"solarenergy":0.0,"uvindex":0.0,"severerisk":10.0,"conditions":"Clear","icon":"clear-night","stations":null,"source":"fcst"},{"datetime":"22:00:00","datetimeEpoch":1690216200,"temp":26.6,"feelslike":26.6,"humidity":79.2,"dew":22.7,"precip":0.0,"precipprob":9.5,"snow":0.0,"snowdepth":0.0,"preciptype":null,"windgust":26.6,"windspeed":9.0,"winddir":94.1,"pressure":1003.0,"visibility":24.1,"cloudcover":20.1,"solarradiation":0.0,"solarenergy":0.0,"uvindex":0.0,"severerisk":10.0,"conditions":"Partially cloudy","icon":"partly-cloudy-night","stations":null,"source":"fcst"},{"datetime":"23:00:00","datetimeEpoch":1690219800,"temp":25.8,"feelslike":25.8,"humidity":83.03,"dew":22.7,"precip":0.0,"precipprob":9.5,"snow":0.0,"snowdepth":0.0,"preciptype":null,"windgust":11.2,"windspeed":6.5,"winddir":85.2,"pressure":1003.0,"visibility":24.1,"cloudcover":29.6,"solarradiation":0.0,"solarenergy":0.0,"uvindex":0.0,"severerisk":3.0,"conditions":"Partially cloudy","icon":"partly-cloudy-night","stations":null,"source":"fcst"}]},{"datetime":"2023-07-25","datetimeEpoch":1690223400,"tempmax":32.9,"tempmin":23.9,"temp":28.1,"feelslikemax":38.1,"feelslikemin":23.9,"feelslike":30.6,"dew":23.1,"humidity":75.5,"precip":0.7,"precipprob":23.8,"precipcover":29.17,"preciptype":["rain"],"snow":0.0,"snowdepth":0.0,"windgust":31.7,"windspeed":18.4,"winddir":75.2,"pressure":1002.0,"cloudcover":50.5,"visibility":24.0,"solarradiation":272.6,"solarenergy":23.6,"uvindex":8.0,"severerisk":30.0,"sunrise":"05:17:44","sunriseEpoch":1690242464,"sunset":"18:33:40","sunsetEpoch":1690290220,"moonphase":0.25,"conditions":"Partially cloudy","description":"Partly cloudy throughout the day.","icon":"partly-cloudy-day","stations":null,"source":"fcst","hours":[{"datetime":"00:00:00","datetimeEpoch":1690223400,"temp":25.1,"feelslike":25.1,"humidity":85.52,"dew":22.5,"precip":0.0,"precipprob":9.5,"snow":0.0,"snowdepth":0.0,"preciptype":null,"windgust":9.4,"windspeed":6.5,"winddir":73.5,"pressure":1003.0,"visibility":24.1,"cloudcover":19.9,"solarradiation":0.0,"solarenergy":0.0,"uvindex":0.0,"severerisk":3.0,"conditions":"Clear","icon":"clear-night","stations":null,"source":"fcst"},{"datetime":"01:00:00","datetimeEpoch":1690227000,"temp":24.7,"feelslike":24.7,"humidity":86.52,"dew":22.3,"precip":0.0,"precipprob":0.0,"snow":0.0,"snowdepth":0.0,"preciptype":null,"windgust":10.1,"windspeed":7.2,"winddir":56.8,"pressure":1003.0,"visibility":24.1,"cloudcover":35.0,"solarradiation":0.0,"solarenergy":0.0,"uvindex":0.0,"severerisk":3.0,"conditions":"Partially cloudy","icon":"partly-cloudy-night","stations":null,"source":"fcst"},{"datetime":"02:00:00","datetimeEpoch":1690230600,"temp":24.4,"feelslike":24.4,"humidity":87.56,"dew":22.2,"precip":0.0,"precipprob":0.0,"snow":0.0,"snowdepth":0.0,"preciptype":null,"windgust":12.6,"windspeed":6.8,"winddir":61.2,"pressure":1002.0,"visibility":24.1,"cloudcover":33.7,"solarradiation":0.0,"solarenergy":0.0,"uvindex":0.0,"severerisk":5.0,"conditions":"Partially cloudy","icon":"partly-cloudy-night","stations":null,"source":"fcst"},{"datetime":"03:00:00","datetimeEpoch":1690234200,"temp":24.1,"feelslike":24.1,"humidity":89.69,"dew":22.3,"precip":0.0,"precipprob":0.0,"snow":0.0,"snowdepth":0.0,"preciptype":null,"windgust":13.0,"windspeed":6.5,"winddir":60.9,"pressure":1002.0,"visibility":24.1,"cloudcover":40.1,"solarradiation":0.0,"solarenergy":0.0,"uvindex":0.0,"severerisk":5.0,"conditions":"Partially cloudy","icon":"partly-cloudy-night","stations":null,"source":"fcst"},{"datetime":"04:00:00","datetimeEpoch":1690237800,"temp":23.9,"feelslike":23.9,"humidity":91.88,"dew":22.5,"precip":0.0,"precipprob":0.0,"snow":0.0,"snowdepth":0.0,"preciptype":null,"windgust":12.6,"windspeed":6.5,"winddir":52.5,"pressure":1002.0,"visibility":24.1,"cloudcover":100.0,"solarradiation":0.0,"solarenergy":0.0,"uvindex":0.0,"severerisk":3.0,"conditions":"Overcast","icon":"cloudy","stations":null,"source":"fcst"},{"datetime":"05:00:00","datetimeEpoch":1690241400,"temp":23.9,"feelslike":23.9,"humidity":92.44,"dew":22.6,"precip":0.0,"precipprob":0.0,"snow":0.0,"snowdepth":0.0,"preciptype":null,"windgust":13.3,"windspeed":6.1,"winddir":58.8,"pressure":1002.0,"visibility":24.1,"cloudcover":100.0,"solarradiation":0.0,"solarenergy":0.0,"uvindex":0.0,"severerisk":3.0,"conditions":"Overcast","icon":"cloudy","stations":null,"source":"fcst"},{"datetime":"06:00:00","datetimeEpoch":1690245000,"temp":23.9,"feelslike":23.9,"humidity":93.57,"dew":22.8,"precip":0.0,"precipprob":0.0,"snow":0.0,"snowdepth":0.0,"preciptype":null,"windgust":14.0,"windspeed":6.1,"winddir":58.6,"pressure":1003.0,"visibility":24.1,"cloudcover":39.2,"solarradiation":1.0,"solarenergy":0.0,"uvindex":0.0,"severerisk":3.0,"conditions":"Partially cloudy","icon":"partly-cloudy-day","stations":null,"source":"fcst"},{"datetime":"07:00:00","datetimeEpoch":1690248600,"temp":25.3,"feelslike":25.3,"humidity":88.7,"dew":23.3,"precip":0.0,"precipprob":0.0,"snow":0.0,"snowdepth":0.0,"preciptype":null,"windgust":18.7,"windspeed":7.6,"winddir":59.8,"pressure":1003.0,"visibility":24.1,"cloudcover":29.3,"solarradiation":86.0,"solarenergy":0.3,"uvindex":1.0,"severerisk":10.0,"conditions":"Partially cloudy","icon":"partly-cloudy-day","stations":null,"source":"fcst"},{"datetime":"08:00:00","datetimeEpoch":1690252200,"temp":27.3,"feelslike":30.3,"humidity":79.77,"dew":23.5,"precip":0.0,"precipprob":0.0,"snow":0.0,"snowdepth":0.0,"preciptype":null,"windgust":20.2,"windspeed":11.5,"winddir":72.5,"pressure":1003.0,"visibility":24.1,"cloudcover":53.8,"solarradiation":297.0,"solarenergy":1.1,"uvindex":3.0,"severerisk":10.0,"conditions":"Partially cloudy","icon":"partly-cloudy-day","stations":null,"source":"fcst"},{"datetime":"09:00:00","datetimeEpoch":1690255800,"temp":29.0,"feelslike":33.0,"humidity":72.25,"dew":23.5,"precip":0.1,"precipprob":0.0,"snow":0.0,"snowdepth":0.0,"preciptype":["rain"],"windgust":20.5,"windspeed":13.7,"winddir":76.5,"pressure":1004.0,"visibility":24.1,"cloudcover":67.4,"solarradiation":461.0,"solarenergy":1.7,"uvindex":5.0,"severerisk":10.0,"conditions":"Partially cloudy","icon":"partly-cloudy-day","stations":null,"source":"fcst"},{"datetime":"10:00:00","datetimeEpoch":1690259400,"temp":30.2,"feelslike":34.8,"humidity":67.42,"dew":23.5,"precip":0.0,"precipprob":0.0,"snow":0.0,"snowdepth":0.0,"preciptype":["rain"],"windgust":21.2,"windspeed":15.1,"winddir":78.1,"pressure":1004.0,"visibility":24.1,"cloudcover":55.5,"solarradiation":606.0,"solarenergy":2.2,"uvindex":6.0,"severerisk":30.0,"conditions":"Partially cloudy","icon":"partly-cloudy-day","stations":null,"source":"fcst"},{"datetime":"11:00:00","datetimeEpoch":1690263000,"temp":31.4,"feelslike":36.4,"humidity":62.95,"dew":23.5,"precip":0.1,"precipprob":0.0,"snow":0.0,"snowdepth":0.0,"preciptype":["rain"],"windgust":22.3,"windspeed":16.2,"winddir":76.6,"pressure":1003.0,"visibility":23.3,"cloudcover":58.7,"solarradiation":743.0,"solarenergy":2.7,"uvindex":7.0,"severerisk":30.0,"conditions":"Partially cloudy","icon":"partly-cloudy-day","stations":null,"source":"fcst"},{"datetime":"12:00:00","datetimeEpoch":1690266600,"temp":32.3,"feelslike":37.4,"humidity":59.1,"dew":23.3,"precip":0.1,"precipprob":0.0,"snow":0.0,"snowdepth":0.0,"preciptype":["rain"],"windgust":23.0,"windspeed":17.3,"winddir":77.6,"pressure":1002.0,"visibility":24.1,"cloudcover":56.0,"solarradiation":818.0,"solarenergy":2.9,"uvindex":8.0,"severerisk":30.0,"conditions":"Partially cloudy","icon":"partly-cloudy-day","stations":null,"source":"fcst"},{"datetime":"13:00:00","datetimeEpoch":1690270200,"temp":32.9,"feelslike":38.1,"humidity":56.79,"dew":23.2,"precip":0.1,"precipprob":23.8,"snow":0.0,"snowdepth":0.0,"preciptype":["rain"],"windgust":23.4,"windspeed":17.6,"winddir":83.8,"pressure":1001.0,"visibility":23.7,"cloudcover":81.6,"solarradiation":825.0,"solarenergy":3.0,"uvindex":8.0,"severerisk":30.0,"conditions":"Partially cloudy","icon":"partly-cloudy-day","stations":null,"source":"fcst"},{"datetime":"14:00:00","datetimeEpoch":1690273800,"temp":32.2,"feelslike":37.4,"humidity":59.8,"dew":23.4,"precip":0.1,"precipprob":23.8,"snow":0.0,"snowdepth":0.0,"preciptype":["rain"],"windgust":23.0,"windspeed":18.0,"winddir":84.0,"pressure":1001.0,"visibility":24.1,"cloudcover":100.0,"solarradiation":588.0,"solarenergy":2.1,"uvindex":6.0,"severerisk":30.0,"conditions":"Overcast","icon":"cloudy","stations":null,"source":"fcst"},{"datetime":"15:00:00","datetimeEpoch":1690277400,"temp":32.7,"feelslike":37.8,"humidity":57.43,"dew":23.2,"precip":0.1,"precipprob":23.8,"snow":0.0,"snowdepth":0.0,"preciptype":["rain"],"windgust":24.1,"windspeed":18.4,"winddir":76.7,"pressure":1000.0,"visibility":24.1,"cloudcover":49.4,"solarradiation":744.0,"solarenergy":2.7,"uvindex":7.0,"severerisk":30.0,"conditions":"Partially cloudy","icon":"partly-cloudy-day","stations":null,"source":"fcst"},{"datetime":"16:00:00","datetimeEpoch":1690281000,"temp":32.6,"feelslike":37.6,"humidity":57.41,"dew":23.1,"precip":0.1,"precipprob":23.8,"snow":0.0,"snowdepth":0.0,"preciptype":["rain"],"windgust":23.4,"windspeed":17.6,"winddir":67.8,"pressure":1000.0,"visibility":24.1,"cloudcover":21.4,"solarradiation":639.0,"solarenergy":2.3,"uvindex":6.0,"severerisk":30.0,"conditions":"Partially cloudy","icon":"partly-cloudy-day","stations":null,"source":"fcst"},{"datetime":"17:00:00","datetimeEpoch":1690284600,"temp":31.9,"feelslike":36.6,"humidity":59.73,"dew":23.1,"precip":0.0,"precipprob":23.8,"snow":0.0,"snowdepth":0.0,"preciptype":null,"windgust":23.4,"windspeed":16.6,"winddir":72.7,"pressure":1000.0,"visibility":23.4,"cloudcover":27.8,"solarradiation":451.0,"solarenergy":1.6,"uvindex":5.0,"severerisk":30.0,"conditions":"Partially cloudy","icon":"partly-cloudy-day","stations":null,"source":"fcst"},{"datetime":"18:00:00","datetimeEpoch":1690288200,"temp":30.3,"feelslike":34.9,"humidity":67.04,"dew":23.5,"precip":0.0,"precipprob":23.8,"snow":0.0,"snowdepth":0.0,"preciptype":null,"windgust":24.8,"windspeed":14.0,"winddir":86.1,"pressure":1000.0,"visibility":24.1,"cloudcover":38.7,"solarradiation":230.0,"solarenergy":0.8,"uvindex":2.0,"severerisk":30.0,"conditions":"Partially cloudy","icon":"partly-cloudy-day","stations":null,"source":"fcst"},{"datetime":"19:00:00","datetimeEpoch":1690291800,"temp":28.3,"feelslike":31.8,"humidity":74.34,"dew":23.3,"precip":0.0,"precipprob":14.3,"snow":0.0,"snowdepth":0.0,"preciptype":null,"windgust":29.2,"windspeed":9.7,"winddir":90.0,"pressure":1001.0,"visibility":24.1,"cloudcover":32.6,"solarradiation":54.0,"solarenergy":0.2,"uvindex":0.0,"severerisk":10.0,"conditions":"Partially cloudy","icon":"partly-cloudy-night","stations":null,"source":"fcst"},{"datetime":"20:00:00","datetimeEpoch":1690295400,"temp":27.3,"feelslike":30.1,"humidity":78.34,"dew":23.2,"precip":0.0,"precipprob":14.3,"snow":0.0,"snowdepth":0.0,"preciptype":null,"windgust":21.2,"windspeed":6.8,"winddir":83.4,"pressure":1002.0,"visibility":24.1,"cloudcover":14.5,"solarradiation":0.0,"solarenergy":0.0,"uvindex":0.0,"severerisk":10.0,"conditions":"Clear","icon":"clear-night","stations":null,"source":"fcst"},{"datetime":"21:00:00","datetimeEpoch":1690299000,"temp":26.8,"feelslike":29.2,"humidity":80.68,"dew":23.2,"precip":0.0,"precipprob":14.3,"snow":0.0,"snowdepth":0.0,"preciptype":null,"windgust":28.4,"windspeed":7.2,"winddir":80.8,"pressure":1002.0,"visibility":24.1,"cloudcover":36.8,"solarradiation":0.0,"solarenergy":0.0,"uvindex":0.0,"severerisk":10.0,"conditions":"Partially cloudy","icon":"partly-cloudy-night","stations":null,"source":"fcst"},{"datetime":"22:00:00","datetimeEpoch":1690302600,"temp":26.7,"feelslike":26.7,"humidity":80.66,"dew":23.1,"precip":0.0,"precipprob":14.3,"snow":0.0,"snowdepth":0.0,"preciptype":null,"windgust":31.7,"windspeed":8.3,"winddir":88.5,"pressure":1003.0,"visibility":24.1,"cloudcover":48.6,"solarradiation":0.0,"solarenergy":0.0,"uvindex":0.0,"severerisk":10.0,"conditions":"Partially cloudy","icon":"partly-cloudy-night","stations":null,"source":"fcst"},{"datetime":"23:00:00","datetimeEpoch":1690306200,"temp":26.2,"feelslike":26.2,"humidity":83.08,"dew":23.1,"precip":0.0,"precipprob":14.3,"snow":0.0,"snowdepth":0.0,"preciptype":null,"windgust":27.7,"windspeed":8.3,"winddir":77.9,"pressure":1003.0,"visibility":24.1,"cloudcover":71.7,"solarradiation":0.0,"solarenergy":0.0,"uvindex":0.0,"severerisk":10.0,"conditions":"Partially cloudy","icon":"partly-cloudy-night","stations":null,"source":"fcst"}]},{"datetime":"2023-07-26","datetimeEpoch":1690309800,"tempmax":34.4,"tempmin":24.0,"temp":28.5,"feelslikemax":38.9,"feelslikemin":24.0,"feelslike":31.3,"dew":23.2,"humidity":74.7,"precip":0.3,"precipprob":38.1,"precipcover":12.5,"preciptype":["rain"],"snow":0.0,"snowdepth":0.0,"windgust":32.0,"windspeed":16.2,"winddir":73.1,"pressure":1001.6,"cloudcover":58.3,"visibility":24.1,"solarradiation":261.6,"solarenergy":22.5,"uvindex":9.0,"severerisk":30.0,"sunrise":"05:18:09","sunriseEpoch":1690328889,"sunset":"18:33:15","sunsetEpoch":1690376595,"moonphase":0.25,"conditions":"Partially cloudy","description":"Partly cloudy throughout the day with storms possible.","icon":"partly-cloudy-day","stations":null,"source":"fcst","hours":[{"datetime":"00:00:00","datetimeEpoch":1690309800,"temp":25.8,"feelslike":25.8,"humidity":85.07,"dew":23.1,"precip":0.0,"precipprob":14.3,"snow":0.0,"snowdepth":0.0,"preciptype":null,"windgust":28.8,"windspeed":7.9,"winddir":69.1,"pressure":1002.0,"visibility":24.1,"cloudcover":73.1,"solarradiation":0.0,"solarenergy":0.0,"uvindex":0.0,"severerisk":10.0,"conditions":"Partially cloudy","icon":"partly-cloudy-night","stations":null,"source":"fcst"},{"datetime":"01:00:00","datetimeEpoch":1690313400,"temp":25.5,"feelslike":25.5,"humidity":87.12,"dew":23.2,"precip":0.0,"precipprob":0.0,"snow":0.0,"snowdepth":0.0,"preciptype":null,"windgust":23.0,"windspeed":7.6,"winddir":60.9,"pressure":1002.0,"visibility":24.1,"cloudcover":84.1,"solarradiation":0.0,"solarenergy":0.0,"uvindex":0.0,"severerisk":10.0,"conditions":"Partially cloudy","icon":"partly-cloudy-night","stations":null,"source":"fcst"},{"datetime":"02:00:00","datetimeEpoch":1690317000,"temp":25.0,"feelslike":25.0,"humidity":90.3,"dew":23.3,"precip":0.0,"precipprob":0.0,"snow":0.0,"snowdepth":0.0,"preciptype":null,"windgust":18.0,"windspeed":6.8,"winddir":59.6,"pressure":1002.0,"visibility":24.1,"cloudcover":73.2,"solarradiation":0.0,"solarenergy":0.0,"uvindex":0.0,"severerisk":10.0,"conditions":"Partially cloudy","icon":"partly-cloudy-night","stations":null,"source":"fcst"},{"datetime":"03:00:00","datetimeEpoch":1690320600,"temp":24.6,"feelslike":24.6,"humidity":92.48,"dew":23.3,"precip":0.0,"precipprob":0.0,"snow":0.0,"snowdepth":0.0,"preciptype":null,"windgust":16.6,"windspeed":6.5,"winddir":60.9,"pressure":1001.0,"visibility":24.1,"cloudcover":44.6,"solarradiation":0.0,"solarenergy":0.0,"uvindex":0.0,"severerisk":10.0,"conditions":"Partially cloudy","icon":"partly-cloudy-night","stations":null,"source":"fcst"},{"datetime":"04:00:00","datetimeEpoch":1690324200,"temp":24.3,"feelslike":24.3,"humidity":94.16,"dew":23.3,"precip":0.0,"precipprob":0.0,"snow":0.0,"snowdepth":0.0,"preciptype":null,"windgust":12.2,"windspeed":6.1,"winddir":52.9,"pressure":1001.0,"visibility":24.1,"cloudcover":20.9,"solarradiation":0.0,"solarenergy":0.0,"uvindex":0.0,"severerisk":10.0,"conditions":"Partially cloudy","icon":"partly-cloudy-night","stations":null,"source":"fcst"},{"datetime":"05:00:00","datetimeEpoch":1690327800,"temp":24.1,"feelslike":24.1,"humidity":95.3,"dew":23.3,"precip":0.0,"precipprob":0.0,"snow":0.0,"snowdepth":0.0,"preciptype":null,"windgust":11.2,"windspeed":6.1,"winddir":56.0,"pressure":1002.0,"visibility":24.1,"cloudcover":7.2,"solarradiation":0.0,"solarenergy":0.0,"uvindex":0.0,"severerisk":3.0,"conditions":"Clear","icon":"clear-night","stations":null,"source":"fcst"},{"datetime":"06:00:00","datetimeEpoch":1690331400,"temp":24.0,"feelslike":24.0,"humidity":95.87,"dew":23.3,"precip":0.0,"precipprob":0.0,"snow":0.0,"snowdepth":0.0,"preciptype":null,"windgust":15.8,"windspeed":6.1,"winddir":60.3,"pressure":1002.0,"visibility":24.1,"cloudcover":9.5,"solarradiation":1.0,"solarenergy":0.0,"uvindex":0.0,"severerisk":3.0,"conditions":"Clear","icon":"clear-day","stations":null,"source":"fcst"},{"datetime":"07:00:00","datetimeEpoch":1690335000,"temp":25.6,"feelslike":25.6,"humidity":88.72,"dew":23.6,"precip":0.0,"precipprob":4.8,"snow":0.0,"snowdepth":0.0,"preciptype":null,"windgust":25.2,"windspeed":9.0,"winddir":67.6,"pressure":1003.0,"visibility":24.1,"cloudcover":32.3,"solarradiation":90.0,"solarenergy":0.3,"uvindex":1.0,"severerisk":10.0,"conditions":"Partially cloudy","icon":"partly-cloudy-day","stations":null,"source":"fcst"},{"datetime":"08:00:00","datetimeEpoch":1690338600,"temp":27.6,"feelslike":30.9,"humidity":78.86,"dew":23.6,"precip":0.0,"precipprob":4.8,"snow":0.0,"snowdepth":0.0,"preciptype":null,"windgust":23.4,"windspeed":13.3,"winddir":81.3,"pressure":1003.0,"visibility":24.1,"cloudcover":40.2,"solarradiation":290.0,"solarenergy":1.0,"uvindex":3.0,"severerisk":10.0,"conditions":"Partially cloudy","icon":"partly-cloudy-day","stations":null,"source":"fcst"},{"datetime":"09:00:00","datetimeEpoch":1690342200,"temp":29.3,"feelslike":33.6,"humidity":71.44,"dew":23.6,"precip":0.0,"precipprob":4.8,"snow":0.0,"snowdepth":0.0,"preciptype":null,"windgust":20.9,"windspeed":14.4,"winddir":81.2,"pressure":1003.0,"visibility":24.1,"cloudcover":56.0,"solarradiation":490.0,"solarenergy":1.8,"uvindex":5.0,"severerisk":10.0,"conditions":"Partially cloudy","icon":"partly-cloudy-day","stations":null,"source":"fcst"},{"datetime":"10:00:00","datetimeEpoch":1690345800,"temp":30.6,"feelslike":35.4,"humidity":66.29,"dew":23.6,"precip":0.1,"precipprob":4.8,"snow":0.0,"snowdepth":0.0,"preciptype":["rain"],"windgust":19.4,"windspeed":14.0,"winddir":75.3,"pressure":1003.0,"visibility":24.1,"cloudcover":45.7,"solarradiation":641.0,"solarenergy":2.3,"uvindex":6.0,"severerisk":30.0,"conditions":"Partially cloudy","icon":"partly-cloudy-day","stations":null,"source":"fcst"},{"datetime":"11:00:00","datetimeEpoch":1690349400,"temp":32.0,"feelslike":37.1,"humidity":60.48,"dew":23.4,"precip":0.1,"precipprob":4.8,"snow":0.0,"snowdepth":0.0,"preciptype":["rain"],"windgust":19.4,"windspeed":15.1,"winddir":76.6,"pressure":1003.0,"visibility":24.1,"cloudcover":80.9,"solarradiation":796.0,"solarenergy":2.9,"uvindex":8.0,"severerisk":30.0,"conditions":"Partially cloudy","icon":"partly-cloudy-day","stations":null,"source":"fcst"},{"datetime":"12:00:00","datetimeEpoch":1690353000,"temp":33.0,"feelslike":38.1,"humidity":56.13,"dew":23.1,"precip":0.0,"precipprob":4.8,"snow":0.0,"snowdepth":0.0,"preciptype":null,"windgust":19.1,"windspeed":15.5,"winddir":77.5,"pressure":1002.0,"visibility":24.1,"cloudcover":51.1,"solarradiation":875.0,"solarenergy":3.2,"uvindex":9.0,"severerisk":30.0,"conditions":"Partially cloudy","icon":"partly-cloudy-day","stations":null,"source":"fcst"},{"datetime":"13:00:00","datetimeEpoch":1690356600,"temp":34.0,"feelslike":38.8,"humidity":51.49,"dew":22.6,"precip":0.0,"precipprob":38.1,"snow":0.0,"snowdepth":0.0,"preciptype":null,"windgust":18.0,"windspeed":14.4,"winddir":76.1,"pressure":1001.0,"visibility":24.1,"cloudcover":55.2,"solarradiation":895.0,"solarenergy":3.2,"uvindex":9.0,"severerisk":30.0,"conditions":"Partially cloudy","icon":"partly-cloudy-day","stations":null,"source":"fcst"},{"datetime":"14:00:00","datetimeEpoch":1690360200,"temp":34.4,"feelslike":38.9,"humidity":49.14,"dew":22.2,"precip":0.0,"precipprob":38.1,"snow":0.0,"snowdepth":0.0,"preciptype":null,"windgust":18.0,"windspeed":15.1,"winddir":67.6,"pressure":1000.0,"visibility":24.1,"cloudcover":82.6,"solarradiation":843.0,"solarenergy":3.0,"uvindex":8.0,"severerisk":30.0,"conditions":"Partially cloudy","icon":"partly-cloudy-day","stations":null,"source":"fcst"},{"datetime":"15:00:00","datetimeEpoch":1690363800,"temp":32.9,"feelslike":37.3,"humidity":54.43,"dew":22.5,"precip":0.0,"precipprob":38.1,"snow":0.0,"snowdepth":0.0,"preciptype":null,"windgust":18.4,"windspeed":16.2,"winddir":58.0,"pressure":1000.0,"visibility":24.1,"cloudcover":89.8,"solarradiation":459.0,"solarenergy":1.7,"uvindex":5.0,"severerisk":30.0,"conditions":"Partially cloudy","icon":"partly-cloudy-day","stations":null,"source":"fcst"},{"datetime":"16:00:00","datetimeEpoch":1690367400,"temp":32.2,"feelslike":36.7,"humidity":57.67,"dew":22.8,"precip":0.0,"precipprob":38.1,"snow":0.0,"snowdepth":0.0,"preciptype":null,"windgust":20.2,"windspeed":14.8,"winddir":65.1,"pressure":1000.0,"visibility":24.1,"cloudcover":76.5,"solarradiation":346.0,"solarenergy":1.2,"uvindex":3.0,"severerisk":30.0,"conditions":"Partially cloudy","icon":"partly-cloudy-day","stations":null,"source":"fcst"},{"datetime":"17:00:00","datetimeEpoch":1690371000,"temp":31.6,"feelslike":36.3,"humidity":60.75,"dew":23.1,"precip":0.0,"precipprob":38.1,"snow":0.0,"snowdepth":0.0,"preciptype":null,"windgust":21.2,"windspeed":14.4,"winddir":84.6,"pressure":1000.0,"visibility":24.1,"cloudcover":32.0,"solarradiation":262.0,"solarenergy":0.9,"uvindex":3.0,"severerisk":30.0,"conditions":"Partially cloudy","icon":"partly-cloudy-day","stations":null,"source":"fcst"},{"datetime":"18:00:00","datetimeEpoch":1690374600,"temp":30.5,"feelslike":35.3,"humidity":66.67,"dew":23.6,"precip":0.1,"precipprob":38.1,"snow":0.0,"snowdepth":0.0,"preciptype":["rain"],"windgust":25.2,"windspeed":13.7,"winddir":88.4,"pressure":1000.0,"visibility":24.1,"cloudcover":17.8,"solarradiation":232.0,"solarenergy":0.8,"uvindex":2.0,"severerisk":30.0,"conditions":"Clear","icon":"clear-day","stations":null,"source":"fcst"},{"datetime":"19:00:00","datetimeEpoch":1690378200,"temp":28.6,"feelslike":32.3,"humidity":73.06,"dew":23.3,"precip":0.0,"precipprob":9.5,"snow":0.0,"snowdepth":0.0,"preciptype":null,"windgust":28.8,"windspeed":10.8,"winddir":79.5,"pressure":1001.0,"visibility":24.1,"cloudcover":77.9,"solarradiation":58.0,"solarenergy":0.2,"uvindex":0.0,"severerisk":10.0,"conditions":"Partially cloudy","icon":"partly-cloudy-night","stations":null,"source":"fcst"},{"datetime":"20:00:00","datetimeEpoch":1690381800,"temp":27.9,"feelslike":31.2,"humidity":76.1,"dew":23.3,"precip":0.0,"precipprob":9.5,"snow":0.0,"snowdepth":0.0,"preciptype":null,"windgust":28.1,"windspeed":9.0,"winddir":78.4,"pressure":1001.0,"visibility":24.1,"cloudcover":100.0,"solarradiation":0.0,"solarenergy":0.0,"uvindex":0.0,"severerisk":10.0,"conditions":"Overcast","icon":"cloudy","stations":null,"source":"fcst"},{"datetime":"21:00:00","datetimeEpoch":1690385400,"temp":27.3,"feelslike":30.2,"humidity":78.82,"dew":23.3,"precip":0.0,"precipprob":9.5,"snow":0.0,"snowdepth":0.0,"preciptype":null,"windgust":27.0,"windspeed":7.9,"winddir":78.5,"pressure":1002.0,"visibility":24.1,"cloudcover":100.0,"solarradiation":0.0,"solarenergy":0.0,"uvindex":0.0,"severerisk":10.0,"conditions":"Overcast","icon":"cloudy","stations":null,"source":"fcst"},{"datetime":"22:00:00","datetimeEpoch":1690389000,"temp":27.2,"feelslike":30.1,"humidity":79.76,"dew":23.4,"precip":0.0,"precipprob":9.5,"snow":0.0,"snowdepth":0.0,"preciptype":null,"windgust":32.0,"windspeed":9.4,"winddir":77.2,"pressure":1002.0,"visibility":24.1,"cloudcover":99.9,"solarradiation":0.0,"solarenergy":0.0,"uvindex":0.0,"severerisk":10.0,"conditions":"Overcast","icon":"cloudy","stations":null,"source":"fcst"},{"datetime":"23:00:00","datetimeEpoch":1690392600,"temp":26.8,"feelslike":29.4,"humidity":82.15,"dew":23.5,"precip":0.0,"precipprob":9.5,"snow":0.0,"snowdepth":0.0,"preciptype":null,"windgust":31.7,"windspeed":9.0,"winddir":84.9,"pressure":1002.0,"visibility":24.1,"cloudcover":48.0,"solarradiation":0.0,"solarenergy":0.0,"uvindex":0.0,"severerisk":10.0,"conditions":"Partially cloudy","icon":"partly-cloudy-night","stations":null,"source":"fcst"}]},{"datetime":"2023-07-27","datetimeEpoch":1690396200,"tempmax":34.7,"tempmin":24.6,"temp":29.3,"feelslikemax":39.7,"feelslikemin":24.6,"feelslike":32.4,"dew":23.5,"humidity":72.9,"precip":0.8,"precipprob":66.7,"precipcover":12.5,"preciptype":["rain"],"snow":0.0,"snowdepth":0.0,"windgust":26.6,"windspeed":13.0,"winddir":73.3,"pressure":1000.8,"cloudcover":83.9,"visibility":24.1,"solarradiation":248.2,"solarenergy":21.4,"uvindex":8.0,"severerisk":30.0,"sunrise":"05:18:35","sunriseEpoch":1690415315,"sunset":"18:32:49","sunsetEpoch":1690462969,"moonphase":0.32,"conditions":"Rain, Partially cloudy","description":"Partly cloudy throughout the day with storms possible.","icon":"rain","stations":null,"source":"fcst","hours":[{"datetime":"00:00:00","datetimeEpoch":1690396200,"temp":26.3,"feelslike":26.3,"humidity":84.61,"dew":23.5,"precip":0.0,"precipprob":9.5,"snow":0.0,"snowdepth":0.0,"preciptype":null,"windgust":26.6,"windspeed":7.6,"winddir":80.7,"pressure":1002.0,"visibility":24.1,"cloudcover":83.1,"solarradiation":0.0,"solarenergy":0.0,"uvindex":0.0,"severerisk":10.0,"conditions":"Partially cloudy","icon":"partly-cloudy-night","stations":null,"source":"fcst"},{"datetime":"01:00:00","datetimeEpoch":1690399800,"temp":25.9,"feelslike":25.9,"humidity":86.63,"dew":23.5,"precip":0.0,"precipprob":14.3,"snow":0.0,"snowdepth":0.0,"preciptype":null,"windgust":14.8,"windspeed":5.8,"winddir":81.0,"pressure":1002.0,"visibility":24.1,"cloudcover":38.1,"solarradiation":0.0,"solarenergy":0.0,"uvindex":0.0,"severerisk":10.0,"conditions":"Partially cloudy","icon":"partly-cloudy-night","stations":null,"source":"fcst"},{"datetime":"02:00:00","datetimeEpoch":1690403400,"temp":25.5,"feelslike":25.5,"humidity":88.72,"dew":23.5,"precip":0.0,"precipprob":14.3,"snow":0.0,"snowdepth":0.0,"preciptype":null,"windgust":9.7,"windspeed":6.1,"winddir":58.5,"pressure":1001.0,"visibility":24.1,"cloudcover":56.2,"solarradiation":0.0,"solarenergy":0.0,"uvindex":0.0,"severerisk":10.0,"conditions":"Partially cloudy","icon":"partly-cloudy-night","stations":null,"source":"fcst"},{"datetime":"03:00:00","datetimeEpoch":1690407000,"temp":25.2,"feelslike":25.2,"humidity":90.31,"dew":23.5,"precip":0.0,"precipprob":14.3,"snow":0.0,"snowdepth":0.0,"preciptype":null,"windgust":7.2,"windspeed":5.8,"winddir":52.0,"pressure":1001.0,"visibility":24.1,"cloudcover":15.0,"solarradiation":0.0,"solarenergy":0.0,"uvindex":0.0,"severerisk":10.0,"conditions":"Clear","icon":"clear-night","stations":null,"source":"fcst"},{"datetime":"04:00:00","datetimeEpoch":1690410600,"temp":25.0,"feelslike":25.0,"humidity":91.95,"dew":23.6,"precip":0.0,"precipprob":14.3,"snow":0.0,"snowdepth":0.0,"preciptype":null,"windgust":8.3,"windspeed":5.8,"winddir":53.6,"pressure":1001.0,"visibility":24.1,"cloudcover":32.9,"solarradiation":0.0,"solarenergy":0.0,"uvindex":0.0,"severerisk":10.0,"conditions":"Partially cloudy","icon":"partly-cloudy-night","stations":null,"source":"fcst"},{"datetime":"05:00:00","datetimeEpoch":1690414200,"temp":24.8,"feelslike":24.8,"humidity":93.05,"dew":23.6,"precip":0.0,"precipprob":14.3,"snow":0.0,"snowdepth":0.0,"preciptype":null,"windgust":5.0,"windspeed":5.0,"winddir":57.1,"pressure":1001.0,"visibility":24.1,"cloudcover":11.9,"solarradiation":0.0,"solarenergy":0.0,"uvindex":0.0,"severerisk":10.0,"conditions":"Clear","icon":"clear-night","stations":null,"source":"fcst"},{"datetime":"06:00:00","datetimeEpoch":1690417800,"temp":24.6,"feelslike":24.6,"humidity":94.74,"dew":23.7,"precip":0.0,"precipprob":14.3,"snow":0.0,"snowdepth":0.0,"preciptype":null,"windgust":4.3,"windspeed":4.3,"winddir":52.6,"pressure":1002.0,"visibility":24.1,"cloudcover":97.3,"solarradiation":1.0,"solarenergy":0.0,"uvindex":0.0,"severerisk":10.0,"conditions":"Overcast","icon":"cloudy","stations":null,"source":"fcst"},{"datetime":"07:00:00","datetimeEpoch":1690421400,"temp":26.3,"feelslike":26.3,"humidity":86.67,"dew":23.9,"precip":0.0,"precipprob":42.9,"snow":0.0,"snowdepth":0.0,"preciptype":null,"windgust":11.5,"windspeed":5.4,"winddir":56.8,"pressure":1002.0,"visibility":24.1,"cloudcover":100.0,"solarradiation":87.0,"solarenergy":0.3,"uvindex":1.0,"severerisk":10.0,"conditions":"Overcast","icon":"cloudy","stations":null,"source":"fcst"},{"datetime":"08:00:00","datetimeEpoch":1690425000,"temp":28.3,"feelslike":32.2,"humidity":76.62,"dew":23.8,"precip":0.0,"precipprob":42.9,"snow":0.0,"snowdepth":0.0,"preciptype":null,"windgust":15.1,"windspeed":8.3,"winddir":67.1,"pressure":1002.0,"visibility":24.1,"cloudcover":95.4,"solarradiation":291.0,"solarenergy":1.0,"uvindex":3.0,"severerisk":10.0,"conditions":"Overcast","icon":"cloudy","stations":null,"source":"fcst"},{"datetime":"09:00:00","datetimeEpoch":1690428600,"temp":30.0,"feelslike":34.5,"humidity":68.2,"dew":23.5,"precip":0.0,"precipprob":42.9,"snow":0.0,"snowdepth":0.0,"preciptype":null,"windgust":13.7,"windspeed":9.7,"winddir":74.1,"pressure":1002.0,"visibility":24.1,"cloudcover":100.0,"solarradiation":500.0,"solarenergy":1.8,"uvindex":5.0,"severerisk":10.0,"conditions":"Overcast","icon":"cloudy","stations":null,"source":"fcst"},{"datetime":"10:00:00","datetimeEpoch":1690432200,"temp":31.5,"feelslike":36.4,"humidity":62.22,"dew":23.4,"precip":0.0,"precipprob":42.9,"snow":0.0,"snowdepth":0.0,"preciptype":null,"windgust":13.7,"windspeed":10.8,"winddir":76.2,"pressure":1002.0,"visibility":24.1,"cloudcover":100.0,"solarradiation":673.0,"solarenergy":2.4,"uvindex":7.0,"severerisk":30.0,"conditions":"Overcast","icon":"cloudy","stations":null,"source":"fcst"},{"datetime":"11:00:00","datetimeEpoch":1690435800,"temp":32.9,"feelslike":38.1,"humidity":56.79,"dew":23.2,"precip":0.0,"precipprob":42.9,"snow":0.0,"snowdepth":0.0,"preciptype":["rain"],"windgust":12.2,"windspeed":10.4,"winddir":70.4,"pressure":1002.0,"visibility":24.1,"cloudcover":100.0,"solarradiation":820.0,"solarenergy":3.0,"uvindex":8.0,"severerisk":30.0,"conditions":"Overcast","icon":"cloudy","stations":null,"source":"fcst"},{"datetime":"12:00:00","datetimeEpoch":1690439400,"temp":33.9,"feelslike":39.1,"humidity":53.05,"dew":23.0,"precip":0.0,"precipprob":42.9,"snow":0.0,"snowdepth":0.0,"preciptype":null,"windgust":11.9,"windspeed":10.4,"winddir":67.0,"pressure":1001.0,"visibility":24.1,"cloudcover":98.4,"solarradiation":820.0,"solarenergy":3.0,"uvindex":8.0,"severerisk":30.0,"conditions":"Overcast","icon":"cloudy","stations":null,"source":"fcst"},{"datetime":"13:00:00","datetimeEpoch":1690443000,"temp":34.4,"feelslike":39.4,"humidity":50.66,"dew":22.7,"precip":0.0,"precipprob":66.7,"snow":0.0,"snowdepth":0.0,"preciptype":["rain"],"windgust":12.6,"windspeed":10.8,"winddir":66.3,"pressure":1000.0,"visibility":24.1,"cloudcover":100.0,"solarradiation":734.0,"solarenergy":2.6,"uvindex":7.0,"severerisk":30.0,"conditions":"Rain, Overcast","icon":"rain","stations":null,"source":"fcst"},{"datetime":"14:00:00","datetimeEpoch":1690446600,"temp":34.7,"feelslike":39.7,"humidity":49.52,"dew":22.6,"precip":0.0,"precipprob":66.7,"snow":0.0,"snowdepth":0.0,"preciptype":["rain"],"windgust":13.0,"windspeed":12.2,"winddir":73.0,"pressure":999.0,"visibility":24.1,"cloudcover":100.0,"solarradiation":649.0,"solarenergy":2.3,"uvindex":6.0,"severerisk":30.0,"conditions":"Rain, Overcast","icon":"rain","stations":null,"source":"fcst"},{"datetime":"15:00:00","datetimeEpoch":1690450200,"temp":34.0,"feelslike":39.1,"humidity":52.43,"dew":22.9,"precip":0.0,"precipprob":66.7,"snow":0.0,"snowdepth":0.0,"preciptype":["rain"],"windgust":14.0,"windspeed":12.6,"winddir":68.4,"pressure":999.0,"visibility":24.1,"cloudcover":100.0,"solarradiation":415.0,"solarenergy":1.5,"uvindex":4.0,"severerisk":30.0,"conditions":"Rain, Overcast","icon":"rain","stations":null,"source":"fcst"},{"datetime":"16:00:00","datetimeEpoch":1690453800,"temp":33.7,"feelslike":38.6,"humidity":53.0,"dew":22.8,"precip":0.1,"precipprob":66.7,"snow":0.0,"snowdepth":0.0,"preciptype":["rain"],"windgust":14.4,"windspeed":13.0,"winddir":65.8,"pressure":999.0,"visibility":24.1,"cloudcover":100.0,"solarradiation":392.0,"solarenergy":1.4,"uvindex":4.0,"severerisk":30.0,"conditions":"Rain, Overcast","icon":"rain","stations":null,"source":"fcst"},{"datetime":"17:00:00","datetimeEpoch":1690457400,"temp":33.1,"feelslike":38.3,"humidity":56.16,"dew":23.2,"precip":0.0,"precipprob":66.7,"snow":0.0,"snowdepth":0.0,"preciptype":["rain"],"windgust":14.4,"windspeed":11.5,"winddir":78.1,"pressure":999.0,"visibility":24.1,"cloudcover":100.0,"solarradiation":345.0,"solarenergy":1.2,"uvindex":3.0,"severerisk":30.0,"conditions":"Rain, Overcast","icon":"rain","stations":null,"source":"fcst"},{"datetime":"18:00:00","datetimeEpoch":1690461000,"temp":31.8,"feelslike":37.4,"humidity":63.04,"dew":23.9,"precip":0.0,"precipprob":66.7,"snow":0.0,"snowdepth":0.0,"preciptype":["rain"],"windgust":19.1,"windspeed":9.7,"winddir":95.5,"pressure":999.0,"visibility":24.1,"cloudcover":100.0,"solarradiation":186.0,"solarenergy":0.7,"uvindex":2.0,"severerisk":30.0,"conditions":"Rain, Overcast","icon":"rain","stations":null,"source":"fcst"},{"datetime":"19:00:00","datetimeEpoch":1690464600,"temp":29.9,"feelslike":34.6,"humidity":69.84,"dew":23.8,"precip":0.0,"precipprob":61.9,"snow":0.0,"snowdepth":0.0,"preciptype":["rain"],"windgust":19.1,"windspeed":8.3,"winddir":101.5,"pressure":999.0,"visibility":24.1,"cloudcover":100.0,"solarradiation":44.0,"solarenergy":0.2,"uvindex":0.0,"severerisk":30.0,"conditions":"Rain, Overcast","icon":"rain","stations":null,"source":"fcst"},{"datetime":"20:00:00","datetimeEpoch":1690468200,"temp":28.9,"feelslike":33.1,"humidity":74.0,"dew":23.8,"precip":0.0,"precipprob":61.9,"snow":0.0,"snowdepth":0.0,"preciptype":["rain"],"windgust":26.3,"windspeed":7.9,"winddir":98.9,"pressure":1000.0,"visibility":24.1,"cloudcover":98.6,"solarradiation":0.0,"solarenergy":0.0,"uvindex":0.0,"severerisk":30.0,"conditions":"Rain, Overcast","icon":"rain","stations":null,"source":"fcst"},{"datetime":"21:00:00","datetimeEpoch":1690471800,"temp":28.2,"feelslike":32.1,"humidity":77.53,"dew":23.9,"precip":0.0,"precipprob":61.9,"snow":0.0,"snowdepth":0.0,"preciptype":["rain"],"windgust":17.6,"windspeed":6.1,"winddir":91.9,"pressure":1001.0,"visibility":24.1,"cloudcover":97.9,"solarradiation":0.0,"solarenergy":0.0,"uvindex":0.0,"severerisk":30.0,"conditions":"Rain, Overcast","icon":"rain","stations":null,"source":"fcst"},{"datetime":"22:00:00","datetimeEpoch":1690475400,"temp":27.1,"feelslike":30.3,"humidity":84.69,"dew":24.3,"precip":0.6,"precipprob":61.9,"snow":0.0,"snowdepth":0.0,"preciptype":["rain"],"windgust":3.6,"windspeed":3.2,"winddir":70.0,"pressure":1002.0,"visibility":24.1,"cloudcover":97.6,"solarradiation":0.0,"solarenergy":0.0,"uvindex":0.0,"severerisk":30.0,"conditions":"Rain, Overcast","icon":"rain","stations":null,"source":"fcst"},{"datetime":"23:00:00","datetimeEpoch":1690479000,"temp":26.9,"feelslike":29.9,"humidity":85.69,"dew":24.3,"precip":0.1,"precipprob":61.9,"snow":0.0,"snowdepth":0.0,"preciptype":["rain"],"windgust":3.6,"windspeed":3.6,"winddir":84.6,"pressure":1001.0,"visibility":24.1,"cloudcover":90.2,"solarradiation":0.0,"solarenergy":0.0,"uvindex":0.0,"severerisk":30.0,"conditions":"Rain, Overcast","icon":"rain","stations":null,"source":"fcst"}]},{"datetime":"2023-07-28","datetimeEpoch":1690482600,"tempmax":37.0,"tempmin":25.5,"temp":29.9,"feelslikemax":42.6,"feelslikemin":25.5,"feelslike":33.2,"dew":23.9,"humidity":72.4,"precip":5.6,"precipprob":76.2,"precipcover":12.5,"preciptype":["rain"],"snow":0.0,"snowdepth":0.0,"windgust":24.1,"windspeed":10.8,"winddir":300.2,"pressure":999.2,"cloudcover":84.3,"visibility":22.1,"solarradiation":210.1,"solarenergy":18.3,"uvindex":8.0,"severerisk":30.0,"sunrise":"05:19:00","sunriseEpoch":1690501740,"sunset":"18:32:22","sunsetEpoch":1690549342,"moonphase":0.35,"conditions":"Rain, Partially cloudy","description":"Partly cloudy throughout the day with storms possible.","icon":"rain","stations":null,"source":"fcst","hours":[{"datetime":"00:00:00","datetimeEpoch":1690482600,"temp":26.7,"feelslike":26.7,"humidity":86.19,"dew":24.2,"precip":0.0,"precipprob":61.9,"snow":0.0,"snowdepth":0.0,"preciptype":["rain"],"windgust":3.2,"windspeed":3.2,"winddir":59.4,"pressure":1001.0,"visibility":24.1,"cloudcover":96.7,"solarradiation":0.0,"solarenergy":0.0,"uvindex":0.0,"severerisk":30.0,"conditions":"Rain, Overcast","icon":"rain","stations":null,"source":"fcst"},{"datetime":"01:00:00","datetimeEpoch":1690486200,"temp":26.4,"feelslike":26.4,"humidity":87.73,"dew":24.2,"precip":0.0,"precipprob":42.9,"snow":0.0,"snowdepth":0.0,"preciptype":null,"windgust":4.0,"windspeed":4.0,"winddir":69.9,"pressure":1000.0,"visibility":24.1,"cloudcover":33.5,"solarradiation":0.0,"solarenergy":0.0,"uvindex":0.0,"severerisk":30.0,"conditions":"Partially cloudy","icon":"partly-cloudy-night","stations":null,"source":"fcst"},{"datetime":"02:00:00","datetimeEpoch":1690489800,"temp":26.1,"feelslike":26.1,"humidity":88.76,"dew":24.1,"precip":0.0,"precipprob":42.9,"snow":0.0,"snowdepth":0.0,"preciptype":null,"windgust":4.7,"windspeed":5.0,"winddir":65.4,"pressure":1000.0,"visibility":24.1,"cloudcover":74.4,"solarradiation":0.0,"solarenergy":0.0,"uvindex":0.0,"severerisk":30.0,"conditions":"Partially cloudy","icon":"partly-cloudy-night","stations":null,"source":"fcst"},{"datetime":"03:00:00","datetimeEpoch":1690493400,"temp":25.9,"feelslike":25.9,"humidity":89.28,"dew":24.0,"precip":0.0,"precipprob":42.9,"snow":0.0,"snowdepth":0.0,"preciptype":null,"windgust":3.6,"windspeed":3.6,"winddir":64.8,"pressure":999.0,"visibility":24.1,"cloudcover":95.3,"solarradiation":0.0,"solarenergy":0.0,"uvindex":0.0,"severerisk":30.0,"conditions":"Overcast","icon":"cloudy","stations":null,"source":"fcst"},{"datetime":"04:00:00","datetimeEpoch":1690497000,"temp":25.7,"feelslike":25.7,"humidity":90.35,"dew":24.0,"precip":0.0,"precipprob":42.9,"snow":0.0,"snowdepth":0.0,"preciptype":null,"windgust":4.0,"windspeed":4.0,"winddir":62.6,"pressure":999.0,"visibility":24.1,"cloudcover":5.0,"solarradiation":0.0,"solarenergy":0.0,"uvindex":0.0,"severerisk":10.0,"conditions":"Clear","icon":"clear-night","stations":null,"source":"fcst"},{"datetime":"05:00:00","datetimeEpoch":1690500600,"temp":25.6,"feelslike":25.6,"humidity":90.34,"dew":23.9,"precip":0.0,"precipprob":42.9,"snow":0.0,"snowdepth":0.0,"preciptype":null,"windgust":2.9,"windspeed":2.9,"winddir":54.0,"pressure":1000.0,"visibility":24.1,"cloudcover":27.2,"solarradiation":0.0,"solarenergy":0.0,"uvindex":0.0,"severerisk":10.0,"conditions":"Partially cloudy","icon":"partly-cloudy-night","stations":null,"source":"fcst"},{"datetime":"06:00:00","datetimeEpoch":1690504200,"temp":25.5,"feelslike":25.5,"humidity":90.88,"dew":23.9,"precip":0.0,"precipprob":42.9,"snow":0.0,"snowdepth":0.0,"preciptype":null,"windgust":2.5,"windspeed":2.5,"winddir":81.2,"pressure":1000.0,"visibility":24.1,"cloudcover":99.1,"solarradiation":0.0,"solarenergy":0.0,"uvindex":0.0,"severerisk":10.0,"conditions":"Overcast","icon":"cloudy","stations":null,"source":"fcst"},{"datetime":"07:00:00","datetimeEpoch":1690507800,"temp":27.6,"feelslike":31.1,"humidity":80.94,"dew":24.0,"precip":0.0,"precipprob":71.4,"snow":0.0,"snowdepth":0.0,"preciptype":["rain"],"windgust":2.4,"windspeed":2.2,"winddir":60.5,"pressure":1000.3,"visibility":24.1,"cloudcover":92.6,"solarradiation":97.7,"solarenergy":0.4,"uvindex":1.0,"severerisk":30.0,"conditions":"Rain, Overcast","icon":"rain","stations":null,"source":"fcst"},{"datetime":"08:00:00","datetimeEpoch":1690511400,"temp":29.7,"feelslike":34.7,"humidity":72.23,"dew":24.1,"precip":0.0,"precipprob":71.4,"snow":0.0,"snowdepth":0.0,"preciptype":["rain"],"windgust":2.3,"windspeed":1.8,"winddir":39.9,"pressure":1000.7,"visibility":24.1,"cloudcover":86.2,"solarradiation":195.3,"solarenergy":0.7,"uvindex":2.0,"severerisk":30.0,"conditions":"Rain, Partially cloudy","icon":"rain","stations":null,"source":"fcst"},{"datetime":"09:00:00","datetimeEpoch":1690515000,"temp":31.8,"feelslike":37.9,"humidity":64.57,"dew":24.3,"precip":0.1,"precipprob":71.4,"snow":0.0,"snowdepth":0.0,"preciptype":["rain"],"windgust":2.2,"windspeed":1.4,"winddir":19.2,"pressure":1001.0,"visibility":24.1,"cloudcover":79.7,"solarradiation":293.0,"solarenergy":1.1,"uvindex":3.0,"severerisk":30.0,"conditions":"Rain, Partially cloudy","icon":"rain","stations":null,"source":"fcst"},{"datetime":"10:00:00","datetimeEpoch":1690518600,"temp":33.5,"feelslike":39.5,"humidity":56.6,"dew":23.7,"precip":0.0,"precipprob":71.4,"snow":0.0,"snowdepth":0.0,"preciptype":["rain"],"windgust":4.7,"windspeed":2.9,"winddir":110.8,"pressure":1000.3,"visibility":24.1,"cloudcover":84.3,"solarradiation":471.3,"solarenergy":1.7,"uvindex":5.0,"severerisk":30.0,"conditions":"Rain, Partially cloudy","icon":"rain","stations":null,"source":"fcst"},{"datetime":"11:00:00","datetimeEpoch":1690522200,"temp":35.2,"feelslike":41.1,"humidity":49.67,"dew":23.1,"precip":0.0,"precipprob":71.4,"snow":0.0,"snowdepth":0.0,"preciptype":["rain"],"windgust":7.2,"windspeed":4.3,"winddir":202.5,"pressure":999.7,"visibility":24.1,"cloudcover":89.0,"solarradiation":649.7,"solarenergy":2.4,"uvindex":6.0,"severerisk":30.0,"conditions":"Rain, Partially cloudy","icon":"rain","stations":null,"source":"fcst"},{"datetime":"12:00:00","datetimeEpoch":1690525800,"temp":37.0,"feelslike":42.6,"humidity":43.63,"dew":22.6,"precip":0.0,"precipprob":71.4,"snow":0.0,"snowdepth":0.0,"preciptype":["rain"],"windgust":9.7,"windspeed":5.8,"winddir":294.1,"pressure":999.0,"visibility":24.1,"cloudcover":93.6,"solarradiation":828.0,"solarenergy":3.0,"uvindex":8.0,"severerisk":30.0,"conditions":"Rain, Overcast","icon":"rain","stations":null,"source":"fcst"},{"datetime":"13:00:00","datetimeEpoch":1690529400,"temp":35.7,"feelslike":41.5,"humidity":47.92,"dew":23.0,"precip":0.0,"precipprob":71.4,"snow":0.0,"snowdepth":0.0,"preciptype":["rain"],"windgust":8.8,"windspeed":5.2,"winddir":303.3,"pressure":998.3,"visibility":24.1,"cloudcover":92.7,"solarradiation":635.0,"solarenergy":2.3,"uvindex":6.0,"severerisk":30.0,"conditions":"Rain, Overcast","icon":"rain","stations":null,"source":"fcst"},{"datetime":"14:00:00","datetimeEpoch":1690533000,"temp":34.5,"feelslike":40.5,"humidity":52.67,"dew":23.4,"precip":0.0,"precipprob":71.4,"snow":0.0,"snowdepth":0.0,"preciptype":["rain"],"windgust":7.8,"windspeed":4.6,"winddir":312.4,"pressure":997.7,"visibility":24.1,"cloudcover":91.8,"solarradiation":442.0,"solarenergy":1.6,"uvindex":4.0,"severerisk":30.0,"conditions":"Rain, Overcast","icon":"rain","stations":null,"source":"fcst"},{"datetime":"15:00:00","datetimeEpoch":1690536600,"temp":33.3,"feelslike":39.4,"humidity":57.92,"dew":23.9,"precip":0.4,"precipprob":71.4,"snow":0.0,"snowdepth":0.0,"preciptype":["rain"],"windgust":6.8,"windspeed":4.0,"winddir":321.6,"pressure":997.0,"visibility":24.1,"cloudcover":90.9,"solarradiation":249.0,"solarenergy":0.9,"uvindex":2.0,"severerisk":30.0,"conditions":"Rain, Overcast","icon":"rain","stations":null,"source":"fcst"},{"datetime":"16:00:00","datetimeEpoch":1690540200,"temp":32.9,"feelslike":38.9,"humidity":58.78,"dew":23.8,"precip":0.0,"precipprob":71.4,"snow":0.0,"snowdepth":0.0,"preciptype":["rain"],"windgust":6.1,"windspeed":3.0,"winddir":254.4,"pressure":997.0,"visibility":24.1,"cloudcover":93.9,"solarradiation":269.0,"solarenergy":1.0,"uvindex":3.0,"severerisk":30.0,"conditions":"Rain, Overcast","icon":"rain","stations":null,"source":"fcst"},{"datetime":"17:00:00","datetimeEpoch":1690543800,"temp":32.6,"feelslike":38.4,"humidity":59.66,"dew":23.7,"precip":0.0,"precipprob":71.4,"snow":0.0,"snowdepth":0.0,"preciptype":["rain"],"windgust":5.4,"windspeed":2.0,"winddir":187.2,"pressure":997.0,"visibility":24.1,"cloudcover":97.0,"solarradiation":289.0,"solarenergy":1.0,"uvindex":3.0,"severerisk":30.0,"conditions":"Rain, Overcast","icon":"rain","stations":null,"source":"fcst"},{"datetime":"18:00:00","datetimeEpoch":1690547400,"temp":32.3,"feelslike":37.8,"humidity":60.55,"dew":23.7,"precip":0.0,"precipprob":71.4,"snow":0.0,"snowdepth":0.0,"preciptype":["rain"],"windgust":4.7,"windspeed":1.1,"winddir":120.0,"pressure":997.0,"visibility":24.1,"cloudcover":100.0,"solarradiation":309.0,"solarenergy":1.1,"uvindex":3.0,"severerisk":30.0,"conditions":"Rain, Overcast","icon":"rain","stations":null,"source":"fcst"},{"datetime":"19:00:00","datetimeEpoch":1690551000,"temp":30.4,"feelslike":35.6,"humidity":67.89,"dew":23.9,"precip":0.0,"precipprob":76.2,"snow":0.0,"snowdepth":0.0,"preciptype":["rain"],"windgust":11.2,"windspeed":4.3,"winddir":168.9,"pressure":998.0,"visibility":18.7,"cloudcover":100.0,"solarradiation":206.7,"solarenergy":0.7,"uvindex":0.0,"severerisk":30.0,"conditions":"Rain, Overcast","icon":"rain","stations":null,"source":"fcst"},{"datetime":"20:00:00","datetimeEpoch":1690554600,"temp":28.7,"feelslike":33.1,"humidity":76.22,"dew":24.1,"precip":0.0,"precipprob":76.2,"snow":0.0,"snowdepth":0.0,"preciptype":["rain"],"windgust":17.6,"windspeed":7.6,"winddir":217.7,"pressure":999.0,"visibility":13.2,"cloudcover":100.0,"solarradiation":104.3,"solarenergy":0.4,"uvindex":0.0,"severerisk":30.0,"conditions":"Rain, Overcast","icon":"rain","stations":null,"source":"fcst"},{"datetime":"21:00:00","datetimeEpoch":1690558200,"temp":26.9,"feelslike":29.9,"humidity":85.69,"dew":24.3,"precip":5.1,"precipprob":76.2,"snow":0.0,"snowdepth":0.0,"preciptype":["rain"],"windgust":24.1,"windspeed":10.8,"winddir":266.6,"pressure":1000.0,"visibility":7.8,"cloudcover":100.0,"solarradiation":2.0,"solarenergy":0.0,"uvindex":0.0,"severerisk":10.0,"conditions":"Rain, Overcast","icon":"rain","stations":null,"source":"fcst"},{"datetime":"22:00:00","datetimeEpoch":1690561800,"temp":26.5,"feelslike":26.5,"humidity":88.26,"dew":24.4,"precip":0.0,"precipprob":76.2,"snow":0.0,"snowdepth":0.0,"preciptype":["rain"],"windgust":17.6,"windspeed":8.4,"winddir":281.3,"pressure":1000.0,"visibility":13.2,"cloudcover":100.0,"solarradiation":1.3,"solarenergy":0.0,"uvindex":0.0,"severerisk":30.0,"conditions":"Rain, Overcast","icon":"rain","stations":null,"source":"fcst"},{"datetime":"23:00:00","datetimeEpoch":1690565400,"temp":26.1,"feelslike":26.1,"humidity":90.92,"dew":24.4,"precip":0.0,"precipprob":76.2,"snow":0.0,"snowdepth":0.0,"preciptype":["rain"],"windgust":11.2,"windspeed":6.0,"winddir":296.0,"pressure":1000.0,"visibility":18.7,"cloudcover":100.0,"solarradiation":0.7,"solarenergy":0.0,"uvindex":0.0,"severerisk":30.0,"conditions":"Rain, Overcast","icon":"rain","stations":null,"source":"fcst"}]},{"datetime":"2023-07-29","datetimeEpoch":1690569000,"tempmax":30.5,"tempmin":24.0,"temp":27.1,"feelslikemax":35.4,"feelslikemin":24.0,"feelslike":29.4,"dew":24.0,"humidity":83.6,"precip":22.8,"precipprob":81.0,"precipcover":33.33,"preciptype":["rain"],"snow":0.0,"snowdepth":0.0,"windgust":15.5,"windspeed":9.7,"winddir":300.9,"pressure":999.5,"cloudcover":97.6,"visibility":18.3,"solarradiation":204.5,"solarenergy":17.9,"uvindex":6.0,"severerisk":30.0,"sunrise":"05:19:25","sunriseEpoch":1690588165,"sunset":"18:31:54","sunsetEpoch":1690635714,"moonphase":0.38,"conditions":"Rain, Overcast","description":"Cloudy skies throughout the day with storms possible.","icon":"rain","stations":null,"source":"fcst","hours":[{"datetime":"00:00:00","datetimeEpoch":1690569000,"temp":25.7,"feelslike":25.7,"humidity":93.66,"dew":24.6,"precip":5.9,"precipprob":76.2,"snow":0.0,"snowdepth":0.0,"preciptype":["rain"],"windgust":4.7,"windspeed":3.6,"winddir":310.7,"pressure":1000.0,"visibility":24.1,"cloudcover":100.0,"solarradiation":0.0,"solarenergy":0.0,"uvindex":0.0,"severerisk":30.0,"conditions":"Rain, Overcast","icon":"rain","stations":null,"source":"fcst"},{"datetime":"01:00:00","datetimeEpoch":1690572600,"temp":25.4,"feelslike":25.4,"humidity":94.02,"dew":24.3,"precip":0.0,"precipprob":66.7,"snow":0.0,"snowdepth":0.0,"preciptype":["rain"],"windgust":5.8,"windspeed":4.3,"winddir":316.6,"pressure":999.7,"visibility":24.1,"cloudcover":100.0,"solarradiation":0.0,"solarenergy":0.0,"uvindex":0.0,"severerisk":10.0,"conditions":"Rain, Overcast","icon":"rain","stations":null,"source":"fcst"},{"datetime":"02:00:00","datetimeEpoch":1690576200,"temp":25.1,"feelslike":25.1,"humidity":94.38,"dew":24.1,"precip":0.0,"precipprob":66.7,"snow":0.0,"snowdepth":0.0,"preciptype":["rain"],"windgust":6.8,"windspeed":5.0,"winddir":322.4,"pressure":999.3,"visibility":24.1,"cloudcover":100.0,"solarradiation":0.0,"solarenergy":0.0,"uvindex":0.0,"severerisk":10.0,"conditions":"Rain, Overcast","icon":"rain","stations":null,"source":"fcst"},{"datetime":"03:00:00","datetimeEpoch":1690579800,"temp":24.8,"feelslike":24.8,"humidity":94.75,"dew":23.9,"precip":1.9,"precipprob":66.7,"snow":0.0,"snowdepth":0.0,"preciptype":["rain"],"windgust":7.9,"windspeed":5.8,"winddir":328.3,"pressure":999.0,"visibility":24.1,"cloudcover":100.0,"solarradiation":0.0,"solarenergy":0.0,"uvindex":0.0,"severerisk":10.0,"conditions":"Rain, Overcast","icon":"rain","stations":null,"source":"fcst"},{"datetime":"04:00:00","datetimeEpoch":1690583400,"temp":24.5,"feelslike":24.5,"humidity":94.74,"dew":23.6,"precip":0.0,"precipprob":66.7,"snow":0.0,"snowdepth":0.0,"preciptype":["rain"],"windgust":6.1,"windspeed":4.6,"winddir":309.4,"pressure":999.3,"visibility":17.7,"cloudcover":100.0,"solarradiation":0.0,"solarenergy":0.0,"uvindex":0.0,"severerisk":10.0,"conditions":"Rain, Overcast","icon":"rain","stations":null,"source":"fcst"},{"datetime":"05:00:00","datetimeEpoch":1690587000,"temp":24.2,"feelslike":24.2,"humidity":94.73,"dew":23.3,"precip":0.0,"precipprob":66.7,"snow":0.0,"snowdepth":0.0,"preciptype":["rain"],"windgust":4.3,"windspeed":3.4,"winddir":290.6,"pressure":999.7,"visibility":11.2,"cloudcover":100.0,"solarradiation":0.0,"solarenergy":0.0,"uvindex":0.0,"severerisk":3.0,"conditions":"Rain, Overcast","icon":"rain","stations":null,"source":"fcst"},{"datetime":"06:00:00","datetimeEpoch":1690590600,"temp":24.0,"feelslike":24.0,"humidity":94.72,"dew":23.1,"precip":5.0,"precipprob":66.7,"snow":0.0,"snowdepth":0.0,"preciptype":["rain"],"windgust":2.5,"windspeed":2.2,"winddir":271.7,"pressure":1000.0,"visibility":4.8,"cloudcover":100.0,"solarradiation":0.0,"solarenergy":0.0,"uvindex":0.0,"severerisk":3.0,"conditions":"Rain, Overcast","icon":"rain","stations":null,"source":"fcst"},{"datetime":"07:00:00","datetimeEpoch":1690594200,"temp":25.0,"feelslike":25.0,"humidity":89.94,"dew":23.2,"precip":0.0,"precipprob":66.7,"snow":0.0,"snowdepth":0.0,"preciptype":["rain"],"windgust":4.7,"windspeed":3.1,"winddir":272.6,"pressure":1000.3,"visibility":11.2,"cloudcover":100.0,"solarradiation":51.7,"solarenergy":0.3,"uvindex":1.0,"severerisk":10.0,"conditions":"Rain, Overcast","icon":"rain","stations":null,"source":"fcst"},{"datetime":"08:00:00","datetimeEpoch":1690597800,"temp":26.0,"feelslike":26.0,"humidity":85.44,"dew":23.4,"precip":0.0,"precipprob":66.7,"snow":0.0,"snowdepth":0.0,"preciptype":["rain"],"windgust":6.8,"windspeed":4.1,"winddir":273.6,"pressure":1000.7,"visibility":17.7,"cloudcover":100.0,"solarradiation":103.3,"solarenergy":0.5,"uvindex":1.0,"severerisk":10.0,"conditions":"Rain, Overcast","icon":"rain","stations":null,"source":"fcst"},{"datetime":"09:00:00","datetimeEpoch":1690601400,"temp":27.1,"feelslike":30.0,"humidity":81.2,"dew":23.6,"precip":1.4,"precipprob":66.7,"snow":0.0,"snowdepth":0.0,"preciptype":["rain"],"windgust":9.0,"windspeed":5.0,"winddir":274.5,"pressure":1001.0,"visibility":24.1,"cloudcover":100.0,"solarradiation":155.0,"solarenergy":0.6,"uvindex":2.0,"severerisk":10.0,"conditions":"Rain, Overcast","icon":"rain","stations":null,"source":"fcst"},{"datetime":"10:00:00","datetimeEpoch":1690605000,"temp":28.2,"feelslike":31.9,"humidity":76.15,"dew":23.6,"precip":0.0,"precipprob":66.7,"snow":0.0,"snowdepth":0.0,"preciptype":["rain"],"windgust":10.6,"windspeed":6.6,"winddir":283.4,"pressure":1000.7,"visibility":21.4,"cloudcover":94.8,"solarradiation":294.3,"solarenergy":1.1,"uvindex":3.0,"severerisk":10.0,"conditions":"Rain, Overcast","icon":"rain","stations":null,"source":"fcst"},{"datetime":"11:00:00","datetimeEpoch":1690608600,"temp":29.3,"feelslike":33.7,"humidity":71.45,"dew":23.6,"precip":0.0,"precipprob":66.7,"snow":0.0,"snowdepth":0.0,"preciptype":["rain"],"windgust":12.1,"windspeed":8.2,"winddir":292.4,"pressure":1000.3,"visibility":18.6,"cloudcover":89.6,"solarradiation":433.7,"solarenergy":1.6,"uvindex":4.0,"severerisk":10.0,"conditions":"Rain, Partially cloudy","icon":"rain","stations":null,"source":"fcst"},{"datetime":"12:00:00","datetimeEpoch":1690612200,"temp":30.5,"feelslike":35.4,"humidity":67.07,"dew":23.7,"precip":0.6,"precipprob":66.7,"snow":0.0,"snowdepth":0.0,"preciptype":["rain"],"windgust":13.7,"windspeed":9.7,"winddir":301.3,"pressure":1000.0,"visibility":15.9,"cloudcover":84.4,"solarradiation":573.0,"solarenergy":2.1,"uvindex":6.0,"severerisk":30.0,"conditions":"Rain, Partially cloudy","icon":"rain","stations":null,"source":"fcst"},{"datetime":"13:00:00","datetimeEpoch":1690615800,"temp":30.2,"feelslike":35.3,"humidity":69.08,"dew":23.9,"precip":0.0,"precipprob":81.0,"snow":0.0,"snowdepth":0.0,"preciptype":["rain"],"windgust":14.3,"windspeed":9.4,"winddir":308.3,"pressure":999.3,"visibility":15.2,"cloudcover":89.6,"solarradiation":580.0,"solarenergy":2.1,"uvindex":6.0,"severerisk":30.0,"conditions":"Rain, Partially cloudy","icon":"rain","stations":null,"source":"fcst"},{"datetime":"14:00:00","datetimeEpoch":1690619400,"temp":30.0,"feelslike":35.3,"humidity":71.14,"dew":24.2,"precip":0.0,"precipprob":81.0,"snow":0.0,"snowdepth":0.0,"preciptype":["rain"],"windgust":14.9,"windspeed":9.0,"winddir":315.3,"pressure":998.7,"visibility":14.4,"cloudcover":94.8,"solarradiation":587.0,"solarenergy":2.1,"uvindex":6.0,"severerisk":30.0,"conditions":"Rain, Overcast","icon":"rain","stations":null,"source":"fcst"},{"datetime":"15:00:00","datetimeEpoch":1690623000,"temp":29.8,"feelslike":35.2,"humidity":73.26,"dew":24.5,"precip":4.9,"precipprob":81.0,"snow":0.0,"snowdepth":0.0,"preciptype":["rain"],"windgust":15.5,"windspeed":8.6,"winddir":322.3,"pressure":998.0,"visibility":13.7,"cloudcover":100.0,"solarradiation":594.0,"solarenergy":2.1,"uvindex":6.0,"severerisk":30.0,"conditions":"Rain, Overcast","icon":"rain","stations":null,"source":"fcst"},{"datetime":"16:00:00","datetimeEpoch":1690626600,"temp":29.4,"feelslike":34.8,"humidity":75.43,"dew":24.6,"precip":0.0,"precipprob":81.0,"snow":0.0,"snowdepth":0.0,"preciptype":["rain"],"windgust":13.9,"windspeed":7.7,"winddir":317.1,"pressure":998.0,"visibility":14.4,"cloudcover":98.7,"solarradiation":496.3,"solarenergy":1.8,"uvindex":5.0,"severerisk":30.0,"conditions":"Rain, Overcast","icon":"rain","stations":null,"source":"fcst"},{"datetime":"17:00:00","datetimeEpoch":1690630200,"temp":29.0,"feelslike":34.3,"humidity":77.66,"dew":24.7,"precip":0.0,"precipprob":81.0,"snow":0.0,"snowdepth":0.0,"preciptype":["rain"],"windgust":12.4,"windspeed":6.7,"winddir":312.0,"pressure":998.0,"visibility":15.0,"cloudcover":97.4,"solarradiation":398.7,"solarenergy":1.4,"uvindex":4.0,"severerisk":30.0,"conditions":"Rain, Overcast","icon":"rain","stations":null,"source":"fcst"},{"datetime":"18:00:00","datetimeEpoch":1690633800,"temp":28.7,"feelslike":33.8,"humidity":79.96,"dew":24.9,"precip":2.4,"precipprob":81.0,"snow":0.0,"snowdepth":0.0,"preciptype":["rain"],"windgust":10.8,"windspeed":5.8,"winddir":306.8,"pressure":998.0,"visibility":15.7,"cloudcover":96.1,"solarradiation":301.0,"solarenergy":1.1,"uvindex":3.0,"severerisk":30.0,"conditions":"Rain, Overcast","icon":"rain","stations":null,"source":"fcst"},{"datetime":"19:00:00","datetimeEpoch":1690637400,"temp":27.9,"feelslike":32.1,"humidity":81.96,"dew":24.5,"precip":0.0,"precipprob":61.9,"snow":0.0,"snowdepth":0.0,"preciptype":["rain"],"windgust":8.4,"windspeed":4.9,"winddir":291.9,"pressure":998.7,"visibility":18.5,"cloudcover":97.4,"solarradiation":205.0,"solarenergy":0.7,"uvindex":0.0,"severerisk":30.0,"conditions":"Rain, Overcast","icon":
[...]
:"16:00:00","datetimeEpoch":1691231400,"temp":30.8,"feelslike":36.8,"humidity":69.59,"dew":24.6,"precip":0.0,"precipprob":95.2,"snow":0.0,"snowdepth":0.0,"preciptype":["rain"],"windgust":18.4,"windspeed":12.8,"winddir":69.8,"pressure":996.0,"visibility":6.1,"cloudcover":100.0,"solarradiation":594.3,"solarenergy":2.1,"uvindex":6.0,"severerisk":30.0,"conditions":"Rain, Overcast","icon":"rain","stations":null,"source":"fcst"},{"datetime":"17:00:00","datetimeEpoch":1691235000,"temp":29.6,"feelslike":35.3,"humidity":75.9,"dew":24.9,"precip":0.0,"precipprob":95.2,"snow":0.0,"snowdepth":0.0,"preciptype":["rain"],"windgust":18.0,"windspeed":10.6,"winddir":67.1,"pressure":996.0,"visibility":5.3,"cloudcover":100.0,"solarradiation":494.7,"solarenergy":1.8,"uvindex":5.0,"severerisk":30.0,"conditions":"Rain, Overcast","icon":"rain","stations":null,"source":"fcst"},{"datetime":"18:00:00","datetimeEpoch":1691238600,"temp":28.4,"feelslike":33.5,"humidity":82.83,"dew":25.2,"precip":3.8,"precipprob":95.2,"snow":0.0,"snowdepth":0.0,"preciptype":["rain"],"windgust":17.6,"windspeed":8.3,"winddir":64.3,"pressure":996.0,"visibility":4.5,"cloudcover":100.0,"solarradiation":395.0,"solarenergy":1.4,"uvindex":4.0,"severerisk":30.0,"conditions":"Rain, Overcast","icon":"rain","stations":null,"source":"fcst"},{"datetime":"19:00:00","datetimeEpoch":1691242200,"temp":27.7,"feelslike":32.0,"humidity":84.93,"dew":24.9,"precip":0.0,"precipprob":81.0,"snow":0.0,"snowdepth":0.0,"preciptype":["rain"],"windgust":13.3,"windspeed":7.0,"winddir":67.1,"pressure":997.0,"visibility":11.0,"cloudcover":70.3,"solarradiation":267.3,"solarenergy":0.9,"uvindex":0.0,"severerisk":30.0,"conditions":"Rain, Partially cloudy","icon":"rain","stations":null,"source":"fcst"},{"datetime":"20:00:00","datetimeEpoch":1691245800,"temp":27.0,"feelslike":30.5,"humidity":87.09,"dew":24.7,"precip":0.0,"precipprob":81.0,"snow":0.0,"snowdepth":0.0,"preciptype":["rain"],"windgust":9.0,"windspeed":5.6,"winddir":70.0,"pressure":998.0,"visibility":17.6,"cloudcover":40.6,"solarradiation":139.7,"solarenergy":0.5,"uvindex":0.0,"severerisk":30.0,"conditions":"Rain, Partially cloudy","icon":"rain","stations":null,"source":"fcst"},{"datetime":"21:00:00","datetimeEpoch":1691249400,"temp":26.4,"feelslike":26.4,"humidity":89.32,"dew":24.5,"precip":3.9,"precipprob":81.0,"snow":0.0,"snowdepth":0.0,"preciptype":["rain"],"windgust":4.7,"windspeed":4.3,"winddir":72.8,"pressure":999.0,"visibility":24.1,"cloudcover":10.9,"solarradiation":12.0,"solarenergy":0.0,"uvindex":0.0,"severerisk":10.0,"conditions":"Rain","icon":"rain","stations":null,"source":"fcst"},{"datetime":"22:00:00","datetimeEpoch":1691253000,"temp":26.1,"feelslike":26.1,"humidity":90.38,"dew":24.4,"precip":0.0,"precipprob":81.0,"snow":0.0,"snowdepth":0.0,"preciptype":["rain"],"windgust":4.2,"windspeed":4.0,"winddir":65.1,"pressure":999.0,"visibility":24.1,"cloudcover":9.7,"solarradiation":8.0,"solarenergy":0.0,"uvindex":0.0,"severerisk":10.0,"conditions":"Rain","icon":"rain","stations":null,"source":"fcst"},{"datetime":"23:00:00","datetimeEpoch":1691256600,"temp":25.8,"feelslike":25.8,"humidity":91.45,"dew":24.3,"precip":0.0,"precipprob":81.0,"snow":0.0,"snowdepth":0.0,"preciptype":["rain"],"windgust":3.7,"windspeed":3.6,"winddir":57.5,"pressure":999.0,"visibility":24.1,"cloudcover":8.4,"solarradiation":4.0,"solarenergy":0.0,"uvindex":0.0,"severerisk":10.0,"conditions":"Rain","icon":"rain","stations":null,"source":"fcst"}]},{"datetime":"2023-08-06","datetimeEpoch":1691260200,"tempmax":31.6,"tempmin":24.7,"temp":27.8,"feelslikemax":38.5,"feelslikemin":24.7,"feelslike":31.0,"dew":24.7,"humidity":84.0,"precip":26.6,"precipprob":81.0,"precipcover":33.33,"preciptype":["rain"],"snow":0.0,"snowdepth":0.0,"windgust":10.8,"windspeed":7.6,"winddir":61.5,"pressure":997.6,"cloudcover":73.7,"visibility":11.6,"solarradiation":282.6,"solarenergy":24.6,"uvindex":8.0,"severerisk":30.0,"sunrise":"05:22:40","sunriseEpoch":1691279560,"sunset":"18:27:31","sunsetEpoch":1691326651,"moonphase":0.65,"conditions":"Rain, Partially cloudy","description":"Partly cloudy throughout the day with storms possible.","icon":"rain","stations":null,"source":"fcst","hours":[{"datetime":"00:00:00","datetimeEpoch":1691260200,"temp":25.6,"feelslike":25.6,"humidity":92.54,"dew":24.3,"precip":0.4,"precipprob":81.0,"snow":0.0,"snowdepth":0.0,"preciptype":["rain"],"windgust":3.2,"windspeed":3.2,"winddir":49.8,"pressure":999.0,"visibility":24.1,"cloudcover":7.2,"solarradiation":0.0,"solarenergy":0.0,"uvindex":0.0,"severerisk":10.0,"conditions":"Rain","icon":"rain","stations":null,"source":"fcst"},{"datetime":"01:00:00","datetimeEpoch":1691263800,"temp":25.4,"feelslike":25.4,"humidity":92.9,"dew":24.2,"precip":0.0,"precipprob":71.4,"snow":0.0,"snowdepth":0.0,"preciptype":["rain"],"windgust":2.9,"windspeed":2.9,"winddir":37.4,"pressure":998.3,"visibility":24.1,"cloudcover":34.6,"solarradiation":0.0,"solarenergy":0.0,"uvindex":0.0,"severerisk":10.0,"conditions":"Rain, Partially cloudy","icon":"rain","stations":null,"source":"fcst"},{"datetime":"02:00:00","datetimeEpoch":1691267400,"temp":25.2,"feelslike":25.2,"humidity":93.26,"dew":24.1,"precip":0.0,"precipprob":71.4,"snow":0.0,"snowdepth":0.0,"preciptype":["rain"],"windgust":2.5,"windspeed":2.5,"winddir":25.1,"pressure":997.7,"visibility":24.1,"cloudcover":62.0,"solarradiation":0.0,"solarenergy":0.0,"uvindex":0.0,"severerisk":10.0,"conditions":"Rain, Partially cloudy","icon":"rain","stations":null,"source":"fcst"},{"datetime":"03:00:00","datetimeEpoch":1691271000,"temp":25.1,"feelslike":25.1,"humidity":93.63,"dew":24.0,"precip":0.2,"precipprob":71.4,"snow":0.0,"snowdepth":0.0,"preciptype":["rain"],"windgust":2.2,"windspeed":2.2,"winddir":12.7,"pressure":997.0,"visibility":24.1,"cloudcover":89.4,"solarradiation":0.0,"solarenergy":0.0,"uvindex":0.0,"severerisk":10.0,"conditions":"Rain, Partially cloudy","icon":"rain","stations":null,"source":"fcst"},{"datetime":"04:00:00","datetimeEpoch":1691274600,"temp":24.9,"feelslike":24.9,"humidity":94.0,"dew":23.9,"precip":0.0,"precipprob":71.4,"snow":0.0,"snowdepth":0.0,"preciptype":["rain"],"windgust":2.2,"windspeed":2.2,"winddir":32.5,"pressure":997.3,"visibility":21.2,"cloudcover":80.5,"solarradiation":0.0,"solarenergy":0.0,"uvindex":0.0,"severerisk":10.0,"conditions":"Rain, Partially cloudy","icon":"rain","stations":null,"source":"fcst"},{"datetime":"05:00:00","datetimeEpoch":1691278200,"temp":24.8,"feelslike":24.8,"humidity":94.37,"dew":23.8,"precip":0.0,"precipprob":71.4,"snow":0.0,"snowdepth":0.0,"preciptype":["rain"],"windgust":2.2,"windspeed":2.2,"winddir":52.3,"pressure":997.7,"visibility":18.4,"cloudcover":71.7,"solarradiation":0.0,"solarenergy":0.0,"uvindex":0.0,"severerisk":10.0,"conditions":"Rain, Partially cloudy","icon":"rain","stations":null,"source":"fcst"},{"datetime":"06:00:00","datetimeEpoch":1691281800,"temp":24.7,"feelslike":24.7,"humidity":94.74,"dew":23.8,"precip":3.7,"precipprob":71.4,"snow":0.0,"snowdepth":0.0,"preciptype":["rain"],"windgust":2.2,"windspeed":2.2,"winddir":72.1,"pressure":998.0,"visibility":15.5,"cloudcover":62.8,"solarradiation":0.0,"solarenergy":0.0,"uvindex":0.0,"severerisk":10.0,"conditions":"Rain, Partially cloudy","icon":"rain","stations":null,"source":"fcst"},{"datetime":"07:00:00","datetimeEpoch":1691285400,"temp":26.2,"feelslike":26.2,"humidity":88.59,"dew":24.1,"precip":0.0,"precipprob":66.7,"snow":0.0,"snowdepth":0.0,"preciptype":["rain"],"windgust":4.2,"windspeed":2.6,"winddir":64.2,"pressure":998.3,"visibility":12.4,"cloudcover":59.4,"solarradiation":96.3,"solarenergy":0.3,"uvindex":1.0,"severerisk":10.0,"conditions":"Rain, Partially cloudy","icon":"rain","stations":null,"source":"fcst"},{"datetime":"08:00:00","datetimeEpoch":1691289000,"temp":27.7,"feelslike":31.6,"humidity":82.92,"dew":24.5,"precip":0.0,"precipprob":66.7,"snow":0.0,"snowdepth":0.0,"preciptype":["rain"],"windgust":6.2,"windspeed":3.1,"winddir":56.3,"pressure":998.7,"visibility":9.2,"cloudcover":55.9,"solarradiation":192.7,"solarenergy":0.7,"uvindex":2.0,"severerisk":10.0,"conditions":"Rain, Partially cloudy","icon":"rain","stations":null,"source":"fcst"},{"datetime":"09:00:00","datetimeEpoch":1691292600,"temp":29.2,"feelslike":34.6,"humidity":77.68,"dew":24.9,"precip":3.1,"precipprob":66.7,"snow":0.0,"snowdepth":0.0,"preciptype":["rain"],"windgust":8.3,"windspeed":3.6,"winddir":48.4,"pressure":999.0,"visibility":6.1,"cloudcover":52.5,"solarradiation":289.0,"solarenergy":1.0,"uvindex":3.0,"severerisk":30.0,"conditions":"Rain, Partially cloudy","icon":"rain","stations":null,"source":"fcst"},{"datetime":"10:00:00","datetimeEpoch":1691296200,"temp":29.7,"feelslike":35.5,"humidity":75.77,"dew":24.9,"precip":0.0,"precipprob":66.7,"snow":0.0,"snowdepth":0.0,"preciptype":["rain"],"windgust":9.1,"windspeed":4.9,"winddir":52.5,"pressure":998.7,"visibility":5.9,"cloudcover":51.9,"solarradiation":444.7,"solarenergy":1.6,"uvindex":4.0,"severerisk":30.0,"conditions":"Rain, Partially cloudy","icon":"rain","stations":null,"source":"fcst"},{"datetime":"11:00:00","datetimeEpoch":1691299800,"temp":30.2,"feelslike":36.4,"humidity":73.91,"dew":25.0,"precip":0.0,"precipprob":66.7,"snow":0.0,"snowdepth":0.0,"preciptype":["rain"],"windgust":10.0,"windspeed":6.2,"winddir":56.7,"pressure":998.3,"visibility":5.7,"cloudcover":51.2,"solarradiation":600.3,"solarenergy":2.1,"uvindex":6.0,"severerisk":30.0,"conditions":"Rain, Partially cloudy","icon":"rain","stations":null,"source":"fcst"},{"datetime":"12:00:00","datetimeEpoch":1691303400,"temp":30.7,"feelslike":37.3,"humidity":72.11,"dew":25.1,"precip":4.1,"precipprob":66.7,"snow":0.0,"snowdepth":0.0,"preciptype":["rain"],"windgust":10.8,"windspeed":7.6,"winddir":60.8,"pressure":998.0,"visibility":5.5,"cloudcover":50.6,"solarradiation":756.0,"solarenergy":2.7,"uvindex":8.0,"severerisk":30.0,"conditions":"Rain, Partially cloudy","icon":"rain","stations":null,"source":"fcst"},{"datetime":"13:00:00","datetimeEpoch":1691307000,"temp":31.0,"feelslike":37.7,"humidity":70.75,"dew":25.0,"precip":0.0,"precipprob":71.4,"snow":0.0,"snowdepth":0.0,"preciptype":["rain"],"windgust":10.7,"windspeed":7.3,"winddir":62.2,"pressure":997.3,"visibility":5.7,"cloudcover":67.1,"solarradiation":769.7,"solarenergy":2.8,"uvindex":8.0,"severerisk":30.0,"conditions":"Rain, Partially cloudy","icon":"rain","stations":null,"source":"fcst"},{"datetime":"14:00:00","datetimeEpoch":1691310600,"temp":31.3,"feelslike":38.1,"humidity":69.41,"dew":25.0,"precip":0.0,"precipprob":71.4,"snow":0.0,"snowdepth":0.0,"preciptype":["rain"],"windgust":10.6,"windspeed":7.1,"winddir":63.7,"pressure":996.7,"visibility":5.8,"cloudcover":83.5,"solarradiation":783.3,"solarenergy":2.8,"uvindex":8.0,"severerisk":30.0,"conditions":"Rain, Partially cloudy","icon":"rain","stations":null,"source":"fcst"},{"datetime":"15:00:00","datetimeEpoch":1691314200,"temp":31.6,"feelslike":38.5,"humidity":68.1,"dew":25.0,"precip":3.8,"precipprob":71.4,"snow":0.0,"snowdepth":0.0,"preciptype":["rain"],"windgust":10.4,"windspeed":6.8,"winddir":65.1,"pressure":996.0,"visibility":6.0,"cloudcover":100.0,"solarradiation":797.0,"solarenergy":2.9,"uvindex":8.0,"severerisk":30.0,"conditions":"Rain, Overcast","icon":"rain","stations":null,"source":"fcst"},{"datetime":"16:00:00","datetimeEpoch":1691317800,"temp":30.8,"feelslike":37.8,"humidity":72.43,"dew":25.3,"precip":0.0,"precipprob":71.4,"snow":0.0,"snowdepth":0.0,"preciptype":["rain"],"windgust":9.0,"windspeed":6.0,"winddir":70.5,"pressure":996.0,"visibility":6.0,"cloudcover":99.8,"solarradiation":666.0,"solarenergy":2.4,"uvindex":7.0,"severerisk":30.0,"conditions":"Rain, Overcast","icon":"rain","stations":null,"source":"fcst"},{"datetime":"17:00:00","datetimeEpoch":1691321400,"temp":30.1,"feelslike":37.1,"humidity":77.05,"dew":25.6,"precip":0.0,"precipprob":71.4,"snow":0.0,"snowdepth":0.0,"preciptype":["rain"],"windgust":7.6,"windspeed":5.2,"winddir":76.0,"pressure":996.0,"visibility":5.9,"cloudcover":99.6,"solarradiation":535.0,"solarenergy":2.0,"uvindex":5.0,"severerisk":30.0,"conditions":"Rain, Overcast","icon":"rain","stations":null,"source":"fcst"},{"datetime":"18:00:00","datetimeEpoch":1691325000,"temp":29.4,"feelslike":36.2,"humidity":81.97,"dew":26.0,"precip":5.2,"precipprob":71.4,"snow":0.0,"snowdepth":0.0,"preciptype":["rain"],"windgust":6.1,"windspeed":4.3,"winddir":81.4,"pressure":996.0,"visibility":5.9,"cloudcover":99.4,"solarradiation":404.0,"solarenergy":1.5,"uvindex":4.0,"severerisk":30.0,"conditions":"Rain, Overcast","icon":"rain","stations":null,"source":"fcst"},{"datetime":"19:00:00","datetimeEpoch":1691328600,"temp":28.2,"feelslike":33.4,"humidity":85.15,"dew":25.5,"precip":0.0,"precipprob":71.4,"snow":0.0,"snowdepth":0.0,"preciptype":["rain"],"windgust":5.6,"windspeed":4.4,"winddir":76.4,"pressure":996.7,"visibility":5.8,"cloudcover":98.6,"solarradiation":274.3,"solarenergy":1.0,"uvindex":0.0,"severerisk":30.0,"conditions":"Rain, Overcast","icon":"rain","stations":null,"source":"fcst"},{"datetime":"20:00:00","datetimeEpoch":1691332200,"temp":27.0,"feelslike":30.6,"humidity":88.49,"dew":25.0,"precip":0.0,"precipprob":71.4,"snow":0.0,"snowdepth":0.0,"preciptype":["rain"],"windgust":5.2,"windspeed":4.6,"winddir":71.3,"pressure":997.3,"visibility":5.6,"cloudcover":97.7,"solarradiation":144.7,"solarenergy":0.6,"uvindex":0.0,"severerisk":10.0,"conditions":"Rain, Overcast","icon":"rain","stations":null,"source":"fcst"},{"datetime":"21:00:00","datetimeEpoch":1691335800,"temp":25.9,"feelslike":25.9,"humidity":92.0,"dew":24.5,"precip":6.1,"precipprob":71.4,"snow":0.0,"snowdepth":0.0,"preciptype":["rain"],"windgust":4.7,"windspeed":4.7,"winddir":66.3,"pressure":998.0,"visibility":5.5,"cloudcover":96.9,"solarradiation":15.0,"solarenergy":0.1,"uvindex":0.0,"severerisk":10.0,"conditions":"Rain, Overcast","icon":"rain","stations":null,"source":"fcst"},{"datetime":"22:00:00","datetimeEpoch":1691339400,"temp":25.8,"feelslike":25.8,"humidity":91.81,"dew":24.4,"precip":0.0,"precipprob":71.4,"snow":0.0,"snowdepth":0.0,"preciptype":["rain"],"windgust":4.0,"windspeed":4.0,"winddir":71.5,"pressure":998.0,"visibility":11.7,"cloudcover":97.9,"solarradiation":10.0,"solarenergy":0.1,"uvindex":0.0,"severerisk":10.0,"conditions":"Rain, Overcast","icon":"rain","stations":null,"source":"fcst"},{"datetime":"23:00:00","datetimeEpoch":1691343000,"temp":25.7,"feelslike":25.7,"humidity":91.63,"dew":24.3,"precip":0.0,"precipprob":71.4,"snow":0.0,"snowdepth":0.0,"preciptype":["rain"],"windgust":3.2,"windspeed":3.2,"winddir":76.8,"pressure":998.0,"visibility":17.9,"cloudcover":99.0,"solarradiation":5.0,"solarenergy":0.0,"uvindex":0.0,"severerisk":10.0,"conditions":"Rain, Overcast","icon":"rain","stations":null,"source":"fcst"}]}],"alerts":[],"stations":{"VERC":{"distance":92547.0,"latitude":23.31,"longitude":85.32,"useCount":0,"id":"VERC","name":"VERC","quality":48,"contribution":0.0}},"currentConditions":{"datetime":"17:30:00","datetimeEpoch":1690113600,"temp":28.0,"feelslike":32.6,"humidity":83.8,"dew":25.0,"precip":1.0,"precipprob":95.2,"snow":0.0,"snowdepth":0.0,"preciptype":["rain"],"windgust":null,"windspeed":13.0,"winddir":130.0,"pressure":1006.0,"visibility":4.0,"cloudcover":88.0,"solarradiation":249.0,"solarenergy":0.9,"uvindex":2.0,"conditions":"Rain, Partially cloudy","icon":"rain","stations":["VERC"],"source":"obs","sunrise":"05:16:54","sunriseEpoch":1690069614,"sunset":"18:34:26","sunsetEpoch":1690117466,"moonphase":0.18}}

at java.base/jdk.internal.reflect.DirectConstructorHandleAccessor.newInstance(DirectConstructorHandleAccessor.java:67)
at java.base/java.lang.reflect.Constructor.newInstanceWithCaller(Constructor.java:500)
at java.base/java.lang.reflect.Constructor.newInstance(Constructor.java:484)
at org.codehaus.groovy.reflection.CachedConstructor.invoke(CachedConstructor.java:73)
at org.codehaus.groovy.runtime.callsite.ConstructorSite$ConstructorSiteNoUnwrapNoCoerce.callConstructor(ConstructorSite.java:108)
at org.codehaus.groovy.runtime.callsite.CallSiteArray.defaultCallConstructor(CallSiteArray.java:57)
at org.codehaus.groovy.runtime.callsite.AbstractCallSite.callConstructor(AbstractCallSite.java:263)
at org.codehaus.groovy.runtime.callsite.AbstractCallSite.callConstructor(AbstractCallSite.java:277)
at io.restassured.internal.ResponseSpecificationImpl$HamcrestAssertionClosure.validate(ResponseSpecificationImpl.groovy:512)
at io.restassured.internal.ResponseSpecificationImpl$HamcrestAssertionClosure$validate$1.call(Unknown Source)
at io.restassured.internal.ResponseSpecificationImpl.validateResponseIfRequired(ResponseSpecificationImpl.groovy:696)
at io.restassured.internal.ResponseSpecificationImpl.this$2$validateResponseIfRequired(ResponseSpecificationImpl.groovy)
at java.base/jdk.internal.reflect.DirectMethodHandleAccessor.invoke(DirectMethodHandleAccessor.java:104)
at java.base/java.lang.reflect.Method.invoke(Method.java:578)
at org.codehaus.groovy.runtime.callsite.PlainObjectMetaMethodSite.doInvoke(PlainObjectMetaMethodSite.java:43)
at org.codehaus.groovy.runtime.callsite.PogoMetaMethodSite$PogoCachedMethodSiteNoUnwrapNoCoerce.invoke(PogoMetaMethodSite.java:198)
at org.codehaus.groovy.runtime.callsite.PogoMetaMethodSite.callCurrent(PogoMetaMethodSite.java:62)
at org.codehaus.groovy.runtime.callsite.CallSiteArray.defaultCallCurrent(CallSiteArray.java:49)
at org.codehaus.groovy.runtime.callsite.AbstractCallSite.callCurrent(AbstractCallSite.java:171)
at org.codehaus.groovy.runtime.callsite.AbstractCallSite.callCurrent(AbstractCallSite.java:185)
at io.restassured.internal.ResponseSpecificationImpl.body(ResponseSpecificationImpl.groovy:107)
at io.restassured.internal.ValidatableResponseOptionsImpl.body(ValidatableResponseOptionsImpl.java:238)
at com.testautomation.apitesting.tests.GetAPIRequest.verifyResponseKeysAvailable(GetAPIRequest.java:106)
at java.base/jdk.internal.reflect.DirectMethodHandleAccessor.invoke(DirectMethodHandleAccessor.java:104)
at java.base/java.lang.reflect.Method.invoke(Method.java:578)
at org.testng.internal.invokers.MethodInvocationHelper.invokeMethod(MethodInvocationHelper.java:139)
at org.testng.internal.invokers.TestInvoker.invokeMethod(TestInvoker.java:664)
at org.testng.internal.invokers.TestInvoker.invokeTestMethod(TestInvoker.java:227)
at org.testng.internal.invokers.MethodRunner.runInSequence(MethodRunner.java:50)
at org.testng.internal.invokers.TestInvoker$MethodInvocationAgent.invoke(TestInvoker.java:957)
at org.testng.internal.invokers.TestInvoker.invokeTestMethods(TestInvoker.java:200)
at org.testng.internal.invokers.TestMethodWorker.invokeTestMethods(TestMethodWorker.java:148)
at org.testng.internal.invokers.TestMethodWorker.run(TestMethodWorker.java:128)
at java.base/java.util.ArrayList.forEach(ArrayList.java:1511)
at org.testng.TestRunner.privateRun(TestRunner.java:848)
at org.testng.TestRunner.run(TestRunner.java:621)
at org.testng.SuiteRunner.runTest(SuiteRunner.java:443)
at org.testng.SuiteRunner.runSequentially(SuiteRunner.java:437)
at org.testng.SuiteRunner.privateRun(SuiteRunner.java:397)
at org.testng.SuiteRunner.run(SuiteRunner.java:336)
at org.testng.SuiteRunnerWorker.runSuite(SuiteRunnerWorker.java:52)
at org.testng.SuiteRunnerWorker.run(SuiteRunnerWorker.java:95)
at org.testng.TestNG.runSuitesSequentially(TestNG.java:1280)
at org.testng.TestNG.runSuitesLocally(TestNG.java:1200)
at org.testng.TestNG.runSuites(TestNG.java:1114)
at org.testng.TestNG.run(TestNG.java:1082)
at org.testng.remote.AbstractRemoteTestNG.run(AbstractRemoteTestNG.java:115)
at org.testng.remote.RemoteTestNG.initAndRun(RemoteTestNG.java:251)
at org.testng.remote.RemoteTestNG.main(RemoteTestNG.java:77)
]]>
            </full-stacktrace>
          </exception> <!-- java.lang.AssertionError -->
          <reporter-output>
          </reporter-output>
        </test-method> <!-- verifyResponseKeysAvailable -->
      </class> <!-- com.testautomation.apitesting.tests.GetAPIRequest -->
    </test> <!-- Default test -->
  </suite> <!-- Default suite -->
</testng-results>
