<?xml version="1.0" encoding="UTF-8"?>
<!-- Generated by org.testng.reporters.JUnitReportReporter -->
<testsuite hostname="Monikas-MacBook-Pro.local" failures="1" tests="1" name="com.testautomation.apitesting.tests.GetAPIRequest" time="3.625" errors="0" timestamp="2023-07-23T18:18:21 IST" skipped="0">
  <testcase classname="com.testautomation.apitesting.tests.GetAPIRequest" name="verifyResponseKeysAvailable" time="3.625">
    <failure message="1 expectation failed.
Response body doesn&#039;t match expectation.
Expected: The content to match the given JSON schema.
error: instance type (number) does not match any allowed primitive type (allowed: [&quot;null&quot;])
    level: &quot;error&quot;
    schema: {&quot;loadingURI&quot;:&quot;#&quot;,&quot;pointer&quot;:&quot;/properties/currentConditions/properties/precip&quot;}
    instance: {&quot;pointer&quot;:&quot;/currentConditions/precip&quot;}
    domain: &quot;validation&quot;
    keyword: &quot;type&quot;
    found: &quot;number&quot;
    expected: [&quot;null&quot;]
error: instance type (array) does not match any allowed primitive type (allowed: [&quot;null&quot;])
    level: &quot;error&quot;
    schema: {&quot;loadingURI&quot;:&quot;#&quot;,&quot;pointer&quot;:&quot;/properties/currentConditions/properties/preciptype&quot;}
    instance: {&quot;pointer&quot;:&quot;/currentConditions/preciptype&quot;}
    domain: &quot;validation&quot;
    keyword: &quot;type&quot;
    found: &quot;array&quot;
    expected: [&quot;null&quot;]
error: object has missing required properties ([&quot;AV559&quot;,&quot;VIDP&quot;])
    level: &quot;error&quot;
    schema: {&quot;loadingURI&quot;:&quot;#&quot;,&quot;pointer&quot;:&quot;/properties/stations&quot;}
    instance: {&quot;pointer&quot;:&quot;/stations&quot;}
    domain: &quot;validation&quot;
    keyword: &quot;required&quot;
    required: [&quot;AV559&quot;,&quot;VIDP&quot;]
    missing: [&quot;AV559&quot;,&quot;VIDP&quot;]

  Actual: {&quot;queryCost&quot;:1,&quot;latitude&quot;:22.4867,&quot;longitude&quot;:85.1946,&quot;resolvedAddress&quot;:&quot;Guragaon, Anandpur, JH, India&quot;,&quot;address&quot;:&quot;Guragoan&quot;,&quot;timezone&quot;:&quot;Asia/Kolkata&quot;,&quot;tzoffset&quot;:5.5,&quot;description&quot;:&quot;Similar temperatures continuing with a chance of rain multiple days.&quot;,&quot;days&quot;:[{&quot;datetime&quot;:&quot;2023-07-23&quot;,&quot;datetimeEpoch&quot;:1690050600,&quot;tempmax&quot;:32.6,&quot;tempmin&quot;:24.1,&quot;temp&quot;:27.7,&quot;feelslikemax&quot;:38.2,&quot;feelslikemin&quot;:24.1,&quot;feelslike&quot;:30.1,&quot;dew&quot;:23.7,&quot;humidity&quot;:80.1,&quot;precip&quot;:3.3,&quot;precipprob&quot;:100.0,&quot;precipcover&quot;:41.67,&quot;preciptype&quot;:[&quot;rain&quot;],&quot;snow&quot;:0.0,&quot;snowdepth&quot;:0.0,&quot;windgust&quot;:37.1,&quot;windspeed&quot;:19.1,&quot;winddir&quot;:103.3,&quot;pressure&quot;:1003.9,&quot;cloudcover&quot;:66.8,&quot;visibility&quot;:23.1,&quot;solarradiation&quot;:233.5,&quot;solarenergy&quot;:20.2,&quot;uvindex&quot;:8.0,&quot;severerisk&quot;:60.0,&quot;sunrise&quot;:&quot;05:16:54&quot;,&quot;sunriseEpoch&quot;:1690069614,&quot;sunset&quot;:&quot;18:34:26&quot;,&quot;sunsetEpoch&quot;:1690117466,&quot;moonphase&quot;:0.18,&quot;conditions&quot;:&quot;Rain, Partially cloudy&quot;,&quot;description&quot;:&quot;Partly cloudy throughout the day with storms possible.&quot;,&quot;icon&quot;:&quot;rain&quot;,&quot;stations&quot;:[&quot;remote&quot;],&quot;source&quot;:&quot;comb&quot;,&quot;hours&quot;:[{&quot;datetime&quot;:&quot;00:00:00&quot;,&quot;datetimeEpoch&quot;:1690050600,&quot;temp&quot;:24.9,&quot;feelslike&quot;:24.9,&quot;humidity&quot;:93.62,&quot;dew&quot;:23.8,&quot;precip&quot;:0.0,&quot;precipprob&quot;:0.0,&quot;snow&quot;:0.0,&quot;snowdepth&quot;:0.0,&quot;preciptype&quot;:null,&quot;windgust&quot;:21.2,&quot;windspeed&quot;:7.2,&quot;winddir&quot;:74.0,&quot;pressure&quot;:1006.0,&quot;visibility&quot;:24.1,&quot;cloudcover&quot;:99.2,&quot;solarradiation&quot;:0.0,&quot;solarenergy&quot;:0.0,&quot;uvindex&quot;:0.0,&quot;severerisk&quot;:10.0,&quot;conditions&quot;:&quot;Overcast&quot;,&quot;icon&quot;:&quot;cloudy&quot;,&quot;stations&quot;:[&quot;remote&quot;],&quot;source&quot;:&quot;obs&quot;},{&quot;datetime&quot;:&quot;01:00:00&quot;,&quot;datetimeEpoch&quot;:1690054200,&quot;temp&quot;:24.8,&quot;feelslike&quot;:24.8,&quot;humidity&quot;:94.18,&quot;dew&quot;:23.8,&quot;precip&quot;:0.0,&quot;precipprob&quot;:0.0,&quot;snow&quot;:0.0,&quot;snowdepth&quot;:0.0,&quot;preciptype&quot;:null,&quot;windgust&quot;:20.2,&quot;windspeed&quot;:6.8,&quot;winddir&quot;:67.6,&quot;pressure&quot;:1006.0,&quot;visibility&quot;:24.1,&quot;cloudcover&quot;:100.0,&quot;solarradiation&quot;:0.0,&quot;solarenergy&quot;:0.0,&quot;uvindex&quot;:0.0,&quot;severerisk&quot;:10.0,&quot;conditions&quot;:&quot;Overcast&quot;,&quot;icon&quot;:&quot;cloudy&quot;,&quot;stations&quot;:[&quot;remote&quot;],&quot;source&quot;:&quot;obs&quot;},{&quot;datetime&quot;:&quot;02:00:00&quot;,&quot;datetimeEpoch&quot;:1690057800,&quot;temp&quot;:24.6,&quot;feelslike&quot;:24.6,&quot;humidity&quot;:95.31,&quot;dew&quot;:23.8,&quot;precip&quot;:0.0,&quot;precipprob&quot;:0.0,&quot;snow&quot;:0.0,&quot;snowdepth&quot;:0.0,&quot;preciptype&quot;:null,&quot;windgust&quot;:20.5,&quot;windspeed&quot;:6.8,&quot;winddir&quot;:68.7,&quot;pressure&quot;:1005.0,&quot;visibility&quot;:24.1,&quot;cloudcover&quot;:100.0,&quot;solarradiation&quot;:0.0,&quot;solarenergy&quot;:0.0,&quot;uvindex&quot;:0.0,&quot;severerisk&quot;:10.0,&quot;conditions&quot;:&quot;Overcast&quot;,&quot;icon&quot;:&quot;cloudy&quot;,&quot;stations&quot;:[&quot;remote&quot;],&quot;source&quot;:&quot;obs&quot;},{&quot;datetime&quot;:&quot;03:00:00&quot;,&quot;datetimeEpoch&quot;:1690061400,&quot;temp&quot;:24.3,&quot;feelslike&quot;:24.3,&quot;humidity&quot;:97.04,&quot;dew&quot;:23.8,&quot;precip&quot;:0.0,&quot;precipprob&quot;:0.0,&quot;snow&quot;:0.0,&quot;snowdepth&quot;:0.0,&quot;preciptype&quot;:null,&quot;windgust&quot;:19.1,&quot;windspeed&quot;:6.5,&quot;winddir&quot;:67.4,&quot;pressure&quot;:1005.0,&quot;visibility&quot;:24.1,&quot;cloudcover&quot;:73.7,&quot;solarradiation&quot;:0.0,&quot;solarenergy&quot;:0.0,&quot;uvindex&quot;:0.0,&quot;severerisk&quot;:10.0,&quot;conditions&quot;:&quot;Partially cloudy&quot;,&quot;icon&quot;:&quot;partly-cloudy-night&quot;,&quot;stations&quot;:[&quot;remote&quot;],&quot;source&quot;:&quot;obs&quot;},{&quot;datetime&quot;:&quot;04:00:00&quot;,&quot;datetimeEpoch&quot;:1690065000,&quot;temp&quot;:24.2,&quot;feelslike&quot;:24.2,&quot;humidity&quot;:97.62,&quot;dew&quot;:23.8,&quot;precip&quot;:0.0,&quot;precipprob&quot;:0.0,&quot;snow&quot;:0.0,&quot;snowdepth&quot;:0.0,&quot;preciptype&quot;:null,&quot;windgust&quot;:18.7,&quot;windspeed&quot;:6.5,&quot;winddir&quot;:61.7,&quot;pressure&quot;:1005.0,&quot;visibility&quot;:24.1,&quot;cloudcover&quot;:23.8,&quot;solarradiation&quot;:0.0,&quot;solarenergy&quot;:0.0,&quot;uvindex&quot;:0.0,&quot;severerisk&quot;:10.0,&quot;conditions&quot;:&quot;Partially cloudy&quot;,&quot;icon&quot;:&quot;partly-cloudy-night&quot;,&quot;stations&quot;:[&quot;remote&quot;],&quot;source&quot;:&quot;obs&quot;},{&quot;datetime&quot;:&quot;05:00:00&quot;,&quot;datetimeEpoch&quot;:1690068600,&quot;temp&quot;:24.1,&quot;feelslike&quot;:24.1,&quot;humidity&quot;:98.21,&quot;dew&quot;:23.8,&quot;precip&quot;:0.0,&quot;precipprob&quot;:0.0,&quot;snow&quot;:0.0,&quot;snowdepth&quot;:0.0,&quot;preciptype&quot;:null,&quot;windgust&quot;:18.0,&quot;windspeed&quot;:6.1,&quot;winddir&quot;:66.9,&quot;pressure&quot;:1005.0,&quot;visibility&quot;:24.1,&quot;cloudcover&quot;:50.2,&quot;solarradiation&quot;:0.0,&quot;solarenergy&quot;:0.0,&quot;uvindex&quot;:0.0,&quot;severerisk&quot;:10.0,&quot;conditions&quot;:&quot;Partially cloudy&quot;,&quot;icon&quot;:&quot;partly-cloudy-night&quot;,&quot;stations&quot;:[&quot;remote&quot;],&quot;source&quot;:&quot;obs&quot;},{&quot;datetime&quot;:&quot;06:00:00&quot;,&quot;datetimeEpoch&quot;:1690072200,&quot;temp&quot;:24.2,&quot;feelslike&quot;:24.2,&quot;humidity&quot;:98.21,&quot;dew&quot;:23.9,&quot;precip&quot;:0.0,&quot;precipprob&quot;:0.0,&quot;snow&quot;:0.0,&quot;snowdepth&quot;:0.0,&quot;preciptype&quot;:null,&quot;windgust&quot;:21.6,&quot;windspeed&quot;:6.5,&quot;winddir&quot;:65.6,&quot;pressure&quot;:1005.0,&quot;visibility&quot;:24.1,&quot;cloudcover&quot;:100.0,&quot;solarradiation&quot;:1.0,&quot;solarenergy&quot;:0.0,&quot;uvindex&quot;:0.0,&quot;severerisk&quot;:10.0,&quot;conditions&quot;:&quot;Overcast&quot;,&quot;icon&quot;:&quot;cloudy&quot;,&quot;stations&quot;:[&quot;remote&quot;],&quot;source&quot;:&quot;obs&quot;},{&quot;datetime&quot;:&quot;07:00:00&quot;,&quot;datetimeEpoch&quot;:1690075800,&quot;temp&quot;:25.7,&quot;feelslike&quot;:25.7,&quot;humidity&quot;:90.89,&quot;dew&quot;:24.1,&quot;precip&quot;:0.0,&quot;precipprob&quot;:0.0,&quot;snow&quot;:0.0,&quot;snowdepth&quot;:0.0,&quot;preciptype&quot;:null,&quot;windgust&quot;:29.9,&quot;windspeed&quot;:9.7,&quot;winddir&quot;:67.9,&quot;pressure&quot;:1005.0,&quot;visibility&quot;:24.1,&quot;cloudcover&quot;:100.0,&quot;solarradiation&quot;:76.0,&quot;solarenergy&quot;:0.3,&quot;uvindex&quot;:1.0,&quot;severerisk&quot;:10.0,&quot;conditions&quot;:&quot;Overcast&quot;,&quot;icon&quot;:&quot;cloudy&quot;,&quot;stations&quot;:[&quot;remote&quot;],&quot;source&quot;:&quot;obs&quot;},{&quot;datetime&quot;:&quot;08:00:00&quot;,&quot;datetimeEpoch&quot;:1690079400,&quot;temp&quot;:27.1,&quot;feelslike&quot;:30.1,&quot;humidity&quot;:82.19,&quot;dew&quot;:23.8,&quot;precip&quot;:0.0,&quot;precipprob&quot;:0.0,&quot;snow&quot;:0.0,&quot;snowdepth&quot;:0.0,&quot;preciptype&quot;:null,&quot;windgust&quot;:30.6,&quot;windspeed&quot;:15.1,&quot;winddir&quot;:80.8,&quot;pressure&quot;:1005.0,&quot;visibility&quot;:24.1,&quot;cloudcover&quot;:100.0,&quot;solarradiation&quot;:218.0,&quot;solarenergy&quot;:0.8,&quot;uvindex&quot;:2.0,&quot;severerisk&quot;:10.0,&quot;conditions&quot;:&quot;Overcast&quot;,&quot;icon&quot;:&quot;cloudy&quot;,&quot;stations&quot;:[&quot;remote&quot;],&quot;source&quot;:&quot;obs&quot;},{&quot;datetime&quot;:&quot;09:00:00&quot;,&quot;datetimeEpoch&quot;:1690083000,&quot;temp&quot;:28.6,&quot;feelslike&quot;:32.5,&quot;humidity&quot;:74.39,&quot;dew&quot;:23.6,&quot;precip&quot;:0.0,&quot;precipprob&quot;:0.0,&quot;snow&quot;:0.0,&quot;snowdepth&quot;:0.0,&quot;preciptype&quot;:null,&quot;windgust&quot;:28.8,&quot;windspeed&quot;:18.0,&quot;winddir&quot;:91.7,&quot;pressure&quot;:1006.0,&quot;visibility&quot;:24.1,&quot;cloudcover&quot;:96.3,&quot;solarradiation&quot;:415.0,&quot;solarenergy&quot;:1.5,&quot;uvindex&quot;:4.0,&quot;severerisk&quot;:30.0,&quot;conditions&quot;:&quot;Overcast&quot;,&quot;icon&quot;:&quot;cloudy&quot;,&quot;stations&quot;:[&quot;remote&quot;],&quot;source&quot;:&quot;obs&quot;},{&quot;datetime&quot;:&quot;10:00:00&quot;,&quot;datetimeEpoch&quot;:1690086600,&quot;temp&quot;:30.4,&quot;feelslike&quot;:35.2,&quot;humidity&quot;:67.05,&quot;dew&quot;:23.6,&quot;precip&quot;:0.0,&quot;precipprob&quot;:0.0,&quot;snow&quot;:0.0,&quot;snowdepth&quot;:0.0,&quot;preciptype&quot;:null,&quot;windgust&quot;:26.6,&quot;windspeed&quot;:19.1,&quot;winddir&quot;:95.4,&quot;pressure&quot;:1005.0,&quot;visibility&quot;:24.1,&quot;cloudcover&quot;:57.4,&quot;solarradiation&quot;:651.0,&quot;solarenergy&quot;:2.3,&quot;uvindex&quot;:7.0,&quot;severerisk&quot;:30.0,&quot;conditions&quot;:&quot;Partially cloudy&quot;,&quot;icon&quot;:&quot;partly-cloudy-day&quot;,&quot;stations&quot;:[&quot;remote&quot;],&quot;source&quot;:&quot;obs&quot;},{&quot;datetime&quot;:&quot;11:00:00&quot;,&quot;datetimeEpoch&quot;:1690090200,&quot;temp&quot;:31.5,&quot;feelslike&quot;:36.4,&quot;humidity&quot;:62.22,&quot;dew&quot;:23.4,&quot;precip&quot;:0.1,&quot;precipprob&quot;:100.0,&quot;snow&quot;:0.0,&quot;snowdepth&quot;:0.0,&quot;preciptype&quot;:[&quot;rain&quot;],&quot;windgust&quot;:25.6,&quot;windspeed&quot;:19.1,&quot;winddir&quot;:96.0,&quot;pressure&quot;:1005.0,&quot;visibility&quot;:24.1,&quot;cloudcover&quot;:81.2,&quot;solarradiation&quot;:705.0,&quot;solarenergy&quot;:2.5,&quot;uvindex&quot;:7.0,&quot;severerisk&quot;:30.0,&quot;conditions&quot;:&quot;Rain, Partially cloudy&quot;,&quot;icon&quot;:&quot;rain&quot;,&quot;stations&quot;:[&quot;remote&quot;],&quot;source&quot;:&quot;obs&quot;},{&quot;datetime&quot;:&quot;12:00:00&quot;,&quot;datetimeEpoch&quot;:1690093800,&quot;temp&quot;:31.8,&quot;feelslike&quot;:36.8,&quot;humidity&quot;:61.17,&quot;dew&quot;:23.4,&quot;precip&quot;:0.1,&quot;precipprob&quot;:100.0,&quot;snow&quot;:0.0,&quot;snowdepth&quot;:0.0,&quot;preciptype&quot;:[&quot;rain&quot;],&quot;windgust&quot;:25.2,&quot;windspeed&quot;:18.0,&quot;winddir&quot;:97.4,&quot;pressure&quot;:1004.0,&quot;visibility&quot;:18.3,&quot;cloudcover&quot;:95.2,&quot;solarradiation&quot;:669.0,&quot;solarenergy&quot;:2.4,&quot;uvindex&quot;:7.0,&quot;severerisk&quot;:30.0,&quot;conditions&quot;:&quot;Rain, Overcast&quot;,&quot;icon&quot;:&quot;rain&quot;,&quot;stations&quot;:[&quot;remote&quot;],&quot;source&quot;:&quot;obs&quot;},{&quot;datetime&quot;:&quot;13:00:00&quot;,&quot;datetimeEpoch&quot;:1690097400,&quot;temp&quot;:31.4,&quot;feelslike&quot;:36.3,&quot;humidity&quot;:62.57,&quot;dew&quot;:23.4,&quot;precip&quot;:0.2,&quot;precipprob&quot;:100.0,&quot;snow&quot;:0.0,&quot;snowdepth&quot;:0.0,&quot;preciptype&quot;:[&quot;rain&quot;],&quot;windgust&quot;:24.5,&quot;windspeed&quot;:17.6,&quot;winddir&quot;:101.6,&quot;pressure&quot;:1003.0,&quot;visibility&quot;:23.4,&quot;cloudcover&quot;:96.0,&quot;solarradiation&quot;:484.0,&quot;solarenergy&quot;:1.7,&quot;uvindex&quot;:5.0,&quot;severerisk&quot;:30.0,&quot;conditions&quot;:&quot;Rain, Overcast&quot;,&quot;icon&quot;:&quot;rain&quot;,&quot;stations&quot;:[&quot;remote&quot;],&quot;source&quot;:&quot;obs&quot;},{&quot;datetime&quot;:&quot;14:00:00&quot;,&quot;datetimeEpoch&quot;:1690101000,&quot;temp&quot;:31.1,&quot;feelslike&quot;:36.2,&quot;humidity&quot;:64.81,&quot;dew&quot;:23.7,&quot;precip&quot;:0.1,&quot;precipprob&quot;:100.0,&quot;snow&quot;:0.0,&quot;snowdepth&quot;:0.0,&quot;preciptype&quot;:[&quot;rain&quot;],&quot;windgust&quot;:22.7,&quot;windspeed&quot;:15.1,&quot;winddir&quot;:106.8,&quot;pressure&quot;:1002.0,&quot;visibility&quot;:24.1,&quot;cloudcover&quot;:55.1,&quot;solarradiation&quot;:382.0,&quot;solarenergy&quot;:1.4,&quot;uvindex&quot;:4.0,&quot;severerisk&quot;:30.0,&quot;conditions&quot;:&quot;Rain, Partially cloudy&quot;,&quot;icon&quot;:&quot;rain&quot;,&quot;stations&quot;:[&quot;remote&quot;],&quot;source&quot;:&quot;obs&quot;},{&quot;datetime&quot;:&quot;15:00:00&quot;,&quot;datetimeEpoch&quot;:1690104600,&quot;temp&quot;:32.6,&quot;feelslike&quot;:38.2,&quot;humidity&quot;:59.53,&quot;dew&quot;:23.7,&quot;precip&quot;:0.3,&quot;precipprob&quot;:100.0,&quot;snow&quot;:0.0,&quot;snowdepth&quot;:0.0,&quot;preciptype&quot;:[&quot;rain&quot;],&quot;windgust&quot;:22.0,&quot;windspeed&quot;:15.8,&quot;winddir&quot;:114.2,&quot;pressure&quot;:1001.0,&quot;visibility&quot;:24.1,&quot;cloudcover&quot;:55.2,&quot;solarradiation&quot;:765.0,&quot;solarenergy&quot;:2.8,&quot;uvindex&quot;:8.0,&quot;severerisk&quot;:30.0,&quot;conditions&quot;:&quot;Rain, Partially cloudy&quot;,&quot;icon&quot;:&quot;rain&quot;,&quot;stations&quot;:[&quot;remote&quot;],&quot;source&quot;:&quot;obs&quot;},{&quot;datetime&quot;:&quot;16:00:00&quot;,&quot;datetimeEpoch&quot;:1690108200,&quot;temp&quot;:32.0,&quot;feelslike&quot;:37.7,&quot;humidity&quot;:62.33,&quot;dew&quot;:23.9,&quot;precip&quot;:0.5,&quot;precipprob&quot;:100.0,&quot;snow&quot;:0.0,&quot;snowdepth&quot;:0.0,&quot;preciptype&quot;:[&quot;rain&quot;],&quot;windgust&quot;:20.9,&quot;windspeed&quot;:15.1,&quot;winddir&quot;:112.9,&quot;pressure&quot;:1001.0,&quot;visibility&quot;:24.1,&quot;cloudcover&quot;:99.8,&quot;solarradiation&quot;:581.0,&quot;solarenergy&quot;:2.1,&quot;uvindex&quot;:6.0,&quot;severerisk&quot;:60.0,&quot;conditions&quot;:&quot;Rain, Overcast&quot;,&quot;icon&quot;:&quot;rain&quot;,&quot;stations&quot;:[&quot;remote&quot;],&quot;source&quot;:&quot;obs&quot;},{&quot;datetime&quot;:&quot;17:00:00&quot;,&quot;datetimeEpoch&quot;:1690111800,&quot;temp&quot;:30.7,&quot;feelslike&quot;:36.1,&quot;humidity&quot;:67.93,&quot;dew&quot;:24.1,&quot;precip&quot;:0.6,&quot;precipprob&quot;:100.0,&quot;snow&quot;:0.0,&quot;snowdepth&quot;:0.0,&quot;preciptype&quot;:[&quot;rain&quot;],&quot;windgust&quot;:23.0,&quot;windspeed&quot;:14.0,&quot;winddir&quot;:123.9,&quot;pressure&quot;:1001.0,&quot;visibility&quot;:7.7,&quot;cloudcover&quot;:99.8,&quot;solarradiation&quot;:359.0,&quot;solarenergy&quot;:1.3,&quot;uvindex&quot;:4.0,&quot;severerisk&quot;:30.0,&quot;conditions&quot;:&quot;Rain, Overcast&quot;,&quot;icon&quot;:&quot;rain&quot;,&quot;stations&quot;:[&quot;remote&quot;],&quot;source&quot;:&quot;obs&quot;},{&quot;datetime&quot;:&quot;18:00:00&quot;,&quot;datetimeEpoch&quot;:1690115400,&quot;temp&quot;:29.4,&quot;feelslike&quot;:34.1,&quot;humidity&quot;:72.76,&quot;dew&quot;:24.0,&quot;precip&quot;:1.0,&quot;precipprob&quot;:95.2,&quot;snow&quot;:0.0,&quot;snowdepth&quot;:0.0,&quot;preciptype&quot;:[&quot;rain&quot;],&quot;windgust&quot;:26.3,&quot;windspeed&quot;:13.0,&quot;winddir&quot;:131.5,&quot;pressure&quot;:1001.0,&quot;visibility&quot;:24.1,&quot;cloudcover&quot;:96.3,&quot;solarradiation&quot;:249.0,&quot;solarenergy&quot;:0.9,&quot;uvindex&quot;:2.0,&quot;severerisk&quot;:30.0,&quot;conditions&quot;:&quot;Rain, Overcast&quot;,&quot;icon&quot;:&quot;rain&quot;,&quot;stations&quot;:null,&quot;source&quot;:&quot;fcst&quot;},{&quot;datetime&quot;:&quot;19:00:00&quot;,&quot;datetimeEpoch&quot;:1690119000,&quot;temp&quot;:27.5,&quot;feelslike&quot;:30.8,&quot;humidity&quot;:80.28,&quot;dew&quot;:23.8,&quot;precip&quot;:0.3,&quot;precipprob&quot;:33.3,&quot;snow&quot;:0.0,&quot;snowdepth&quot;:0.0,&quot;preciptype&quot;:[&quot;rain&quot;],&quot;windgust&quot;:26.6,&quot;windspeed&quot;:10.8,&quot;winddir&quot;:136.8,&quot;pressure&quot;:1002.0,&quot;visibility&quot;:24.1,&quot;cloudcover&quot;:9.3,&quot;solarradiation&quot;:49.0,&quot;solarenergy&quot;:0.2,&quot;uvindex&quot;:0.0,&quot;severerisk&quot;:30.0,&quot;conditions&quot;:&quot;Clear&quot;,&quot;icon&quot;:&quot;clear-night&quot;,&quot;stations&quot;:null,&quot;source&quot;:&quot;fcst&quot;},{&quot;datetime&quot;:&quot;20:00:00&quot;,&quot;datetimeEpoch&quot;:1690122600,&quot;temp&quot;:26.7,&quot;feelslike&quot;:26.7,&quot;humidity&quot;:82.64,&quot;dew&quot;:23.5,&quot;precip&quot;:0.1,&quot;precipprob&quot;:33.3,&quot;snow&quot;:0.0,&quot;snowdepth&quot;:0.0,&quot;preciptype&quot;:[&quot;rain&quot;],&quot;windgust&quot;:32.4,&quot;windspeed&quot;:11.5,&quot;winddir&quot;:140.8,&quot;pressure&quot;:1003.0,&quot;visibility&quot;:24.1,&quot;cloudcover&quot;:5.9,&quot;solarradiation&quot;:0.0,&quot;solarenergy&quot;:0.0,&quot;uvindex&quot;:0.0,&quot;severerisk&quot;:10.0,&quot;conditions&quot;:&quot;Clear&quot;,&quot;icon&quot;:&quot;clear-night&quot;,&quot;stations&quot;:null,&quot;source&quot;:&quot;fcst&quot;},{&quot;datetime&quot;:&quot;21:00:00&quot;,&quot;datetimeEpoch&quot;:1690126200,&quot;temp&quot;:26.3,&quot;feelslike&quot;:26.3,&quot;humidity&quot;:83.59,&quot;dew&quot;:23.3,&quot;precip&quot;:0.0,&quot;precipprob&quot;:33.3,&quot;snow&quot;:0.0,&quot;snowdepth&quot;:0.0,&quot;preciptype&quot;:null,&quot;windgust&quot;:37.1,&quot;windspeed&quot;:12.6,&quot;winddir&quot;:140.4,&quot;pressure&quot;:1004.0,&quot;visibility&quot;:24.1,&quot;cloudcover&quot;:0.0,&quot;solarradiation&quot;:0.0,&quot;solarenergy&quot;:0.0,&quot;uvindex&quot;:0.0,&quot;severerisk&quot;:10.0,&quot;conditions&quot;:&quot;Clear&quot;,&quot;icon&quot;:&quot;clear-night&quot;,&quot;stations&quot;:null,&quot;source&quot;:&quot;fcst&quot;},{&quot;datetime&quot;:&quot;22:00:00&quot;,&quot;datetimeEpoch&quot;:1690129800,&quot;temp&quot;:26.0,&quot;feelslike&quot;:26.0,&quot;humidity&quot;:85.09,&quot;dew&quot;:23.3,&quot;precip&quot;:0.0,&quot;precipprob&quot;:33.3,&quot;snow&quot;:0.0,&quot;snowdepth&quot;:0.0,&quot;preciptype&quot;:null,&quot;windgust&quot;:34.2,&quot;windspeed&quot;:11.9,&quot;winddir&quot;:134.7,&quot;pressure&quot;:1004.0,&quot;visibility&quot;:24.1,&quot;cloudcover&quot;:3.5,&quot;solarradiation&quot;:0.0,&quot;solarenergy&quot;:0.0,&quot;uvindex&quot;:0.0,&quot;severerisk&quot;:10.0,&quot;conditions&quot;:&quot;Clear&quot;,&quot;icon&quot;:&quot;clear-night&quot;,&quot;stations&quot;:null,&quot;source&quot;:&quot;fcst&quot;},{&quot;datetime&quot;:&quot;23:00:00&quot;,&quot;datetimeEpoch&quot;:1690133400,&quot;temp&quot;:25.6,&quot;feelslike&quot;:25.6,&quot;humidity&quot;:87.66,&quot;dew&quot;:23.4,&quot;precip&quot;:0.0,&quot;precipprob&quot;:33.3,&quot;snow&quot;:0.0,&quot;snowdepth&quot;:0.0,&quot;preciptype&quot;:null,&quot;windgust&quot;:28.8,&quot;windspeed&quot;:10.4,&quot;winddir&quot;:132.4,&quot;pressure&quot;:1004.0,&quot;visibility&quot;:24.1,&quot;cloudcover&quot;:5.0,&quot;solarradiation&quot;:0.0,&quot;solarenergy&quot;:0.0,&quot;uvindex&quot;:0.0,&quot;severerisk&quot;:10.0,&quot;conditions&quot;:&quot;Clear&quot;,&quot;icon&quot;:&quot;clear-night&quot;,&quot;stations&quot;:null,&quot;source&quot;:&quot;fcst&quot;}]},{&quot;datetime&quot;:&quot;2023-07-24&quot;,&quot;datetimeEpoch&quot;:1690137000,&quot;tempmax&quot;:33.0,&quot;tempmin&quot;:23.6,&quot;temp&quot;:27.9,&quot;feelslikemax&quot;:37.3,&quot;feelslikemin&quot;:23.6,&quot;feelslike&quot;:30.1,&quot;dew&quot;:23.0,&quot;humidity&quot;:76.3,&quot;precip&quot;:0.1,&quot;precipprob&quot;:33.3,&quot;precipcover&quot;:4.17,&quot;preciptype&quot;:[&quot;rain&quot;],&quot;snow&quot;:0.0,&quot;snowdepth&quot;:0.0,&quot;windgust&quot;:33.5,&quot;windspeed&quot;:14.8,&quot;winddir&quot;:93.3,&quot;pressure&quot;:1002.4,&quot;cloudcover&quot;:51.9,&quot;visibility&quot;:24.1,&quot;solarradiation&quot;:219.3,&quot;solarenergy&quot;:18.9,&quot;uvindex&quot;:7.0,&quot;severerisk&quot;:30.0,&quot;sunrise&quot;:&quot;05:17:19&quot;,&quot;sunriseEpoch&quot;:1690156039,&quot;sunset&quot;:&quot;18:34:03&quot;,&quot;sunsetEpoch&quot;:1690203843,&quot;moonphase&quot;:0.22,&quot;conditions&quot;:&quot;Partially cloudy&quot;,&quot;description&quot;:&quot;Partly cloudy throughout the day with storms possible.&quot;,&quot;icon&quot;:&quot;partly-cloudy-day&quot;,&quot;stations&quot;:null,&quot;source&quot;:&quot;fcst&quot;,&quot;hours&quot;:[{&quot;datetime&quot;:&quot;00:00:00&quot;,&quot;datetimeEpoch&quot;:1690137000,&quot;temp&quot;:25.1,&quot;feelslike&quot;:25.1,&quot;humidity&quot;:89.76,&quot;dew&quot;:23.3,&quot;precip&quot;:0.0,&quot;precipprob&quot;:33.3,&quot;snow&quot;:0.0,&quot;snowdepth&quot;:0.0,&quot;preciptype&quot;:null,&quot;windgust&quot;:22.0,&quot;windspeed&quot;:7.9,&quot;winddir&quot;:123.4,&quot;pressure&quot;:1004.0,&quot;visibility&quot;:24.1,&quot;cloudcover&quot;:5.0,&quot;solarradiation&quot;:0.0,&quot;solarenergy&quot;:0.0,&quot;uvindex&quot;:0.0,&quot;severerisk&quot;:10.0,&quot;conditions&quot;:&quot;Clear&quot;,&quot;icon&quot;:&quot;clear-night&quot;,&quot;stations&quot;:null,&quot;source&quot;:&quot;fcst&quot;},{&quot;datetime&quot;:&quot;01:00:00&quot;,&quot;datetimeEpoch&quot;:1690140600,&quot;temp&quot;:24.8,&quot;feelslike&quot;:24.8,&quot;humidity&quot;:91.94,&quot;dew&quot;:23.4,&quot;precip&quot;:0.0,&quot;precipprob&quot;:4.8,&quot;snow&quot;:0.0,&quot;snowdepth&quot;:0.0,&quot;preciptype&quot;:null,&quot;windgust&quot;:11.9,&quot;windspeed&quot;:5.8,&quot;winddir&quot;:104.2,&quot;pressure&quot;:1003.0,&quot;visibility&quot;:24.1,&quot;cloudcover&quot;:30.2,&quot;solarradiation&quot;:0.0,&quot;solarenergy&quot;:0.0,&quot;uvindex&quot;:0.0,&quot;severerisk&quot;:10.0,&quot;conditions&quot;:&quot;Partially cloudy&quot;,&quot;icon&quot;:&quot;partly-cloudy-night&quot;,&quot;stations&quot;:null,&quot;source&quot;:&quot;fcst&quot;},{&quot;datetime&quot;:&quot;02:00:00&quot;,&quot;datetimeEpoch&quot;:1690144200,&quot;temp&quot;:24.4,&quot;feelslike&quot;:24.4,&quot;humidity&quot;:93.6,&quot;dew&quot;:23.3,&quot;precip&quot;:0.0,&quot;precipprob&quot;:4.8,&quot;snow&quot;:0.0,&quot;snowdepth&quot;:0.0,&quot;preciptype&quot;:null,&quot;windgust&quot;:7.6,&quot;windspeed&quot;:5.0,&quot;winddir&quot;:87.2,&quot;pressure&quot;:1003.0,&quot;visibility&quot;:24.1,&quot;cloudcover&quot;:80.9,&quot;solarradiation&quot;:0.0,&quot;solarenergy&quot;:0.0,&quot;uvindex&quot;:0.0,&quot;severerisk&quot;:10.0,&quot;conditions&quot;:&quot;Partially cloudy&quot;,&quot;icon&quot;:&quot;partly-cloudy-night&quot;,&quot;stations&quot;:null,&quot;source&quot;:&quot;fcst&quot;},{&quot;datetime&quot;:&quot;03:00:00&quot;,&quot;datetimeEpoch&quot;:1690147800,&quot;temp&quot;:24.1,&quot;feelslike&quot;:24.1,&quot;humidity&quot;:95.3,&quot;dew&quot;:23.3,&quot;precip&quot;:0.0,&quot;precipprob&quot;:4.8,&quot;snow&quot;:0.0,&quot;snowdepth&quot;:0.0,&quot;preciptype&quot;:null,&quot;windgust&quot;:5.8,&quot;windspeed&quot;:5.0,&quot;winddir&quot;:77.0,&quot;pressure&quot;:1003.0,&quot;visibility&quot;:24.1,&quot;cloudcover&quot;:100.0,&quot;solarradiation&quot;:0.0,&quot;solarenergy&quot;:0.0,&quot;uvindex&quot;:0.0,&quot;severerisk&quot;:10.0,&quot;conditions&quot;:&quot;Overcast&quot;,&quot;icon&quot;:&quot;cloudy&quot;,&quot;stations&quot;:null,&quot;source&quot;:&quot;fcst&quot;},{&quot;datetime&quot;:&quot;04:00:00&quot;,&quot;datetimeEpoch&quot;:1690151400,&quot;temp&quot;:23.9,&quot;feelslike&quot;:23.9,&quot;humidity&quot;:95.87,&quot;dew&quot;:23.2,&quot;precip&quot;:0.0,&quot;precipprob&quot;:4.8,&quot;snow&quot;:0.0,&quot;snowdepth&quot;:0.0,&quot;preciptype&quot;:null,&quot;windgust&quot;:5.8,&quot;windspeed&quot;:5.0,&quot;winddir&quot;:72.2,&quot;pressure&quot;:1003.0,&quot;visibility&quot;:24.1,&quot;cloudcover&quot;:84.5,&quot;solarradiation&quot;:0.0,&quot;solarenergy&quot;:0.0,&quot;uvindex&quot;:0.0,&quot;severerisk&quot;:10.0,&quot;conditions&quot;:&quot;Partially cloudy&quot;,&quot;icon&quot;:&quot;partly-cloudy-night&quot;,&quot;stations&quot;:null,&quot;source&quot;:&quot;fcst&quot;},{&quot;datetime&quot;:&quot;05:00:00&quot;,&quot;datetimeEpoch&quot;:1690155000,&quot;temp&quot;:23.6,&quot;feelslike&quot;:23.6,&quot;humidity&quot;:97.61,&quot;dew&quot;:23.2,&quot;precip&quot;:0.0,&quot;precipprob&quot;:4.8,&quot;snow&quot;:0.0,&quot;snowdepth&quot;:0.0,&quot;preciptype&quot;:null,&quot;windgust&quot;:5.8,&quot;windspeed&quot;:5.0,&quot;winddir&quot;:71.9,&quot;pressure&quot;:1002.0,&quot;visibility&quot;:24.1,&quot;cloudcover&quot;:18.6,&quot;solarradiation&quot;:0.0,&quot;solarenergy&quot;:0.0,&quot;uvindex&quot;:0.0,&quot;severerisk&quot;:10.0,&quot;conditions&quot;:&quot;Clear&quot;,&quot;icon&quot;:&quot;clear-night&quot;,&quot;stations&quot;:null,&quot;source&quot;:&quot;fcst&quot;},{&quot;datetime&quot;:&quot;06:00:00&quot;,&quot;datetimeEpoch&quot;:1690158600,&quot;temp&quot;:23.6,&quot;feelslike&quot;:23.6,&quot;humidity&quot;:97.61,&quot;dew&quot;:23.2,&quot;precip&quot;:0.0,&quot;precipprob&quot;:4.8,&quot;snow&quot;:0.0,&quot;snowdepth&quot;:0.0,&quot;preciptype&quot;:null,&quot;windgust&quot;:7.9,&quot;windspeed&quot;:5.8,&quot;winddir&quot;:75.5,&quot;pressure&quot;:1003.0,&quot;visibility&quot;:24.1,&quot;cloudcover&quot;:40.6,&quot;solarradiation&quot;:1.0,&quot;solarenergy&quot;:0.0,&quot;uvindex&quot;:0.0,&quot;severerisk&quot;:10.0,&quot;conditions&quot;:&quot;Partially cloudy&quot;,&quot;icon&quot;:&quot;partly-cloudy-day&quot;,&quot;stations&quot;:null,&quot;source&quot;:&quot;fcst&quot;},{&quot;datetime&quot;:&quot;07:00:00&quot;,&quot;datetimeEpoch&quot;:1690162200,&quot;temp&quot;:25.2,&quot;feelslike&quot;:25.2,&quot;humidity&quot;:90.31,&quot;dew&quot;:23.5,&quot;precip&quot;:0.0,&quot;precipprob&quot;:0.0,&quot;snow&quot;:0.0,&quot;snowdepth&quot;:0.0,&quot;preciptype&quot;:null,&quot;windgust&quot;:14.4,&quot;windspeed&quot;:6.5,&quot;winddir&quot;:90.4,&quot;pressure&quot;:1003.0,&quot;visibility&quot;:24.1,&quot;cloudcover&quot;:19.7,&quot;solarradiation&quot;:88.0,&quot;solarenergy&quot;:0.3,&quot;uvindex&quot;:1.0,&quot;severerisk&quot;:10.0,&quot;conditions&quot;:&quot;Clear&quot;,&quot;icon&quot;:&quot;clear-day&quot;,&quot;stations&quot;:null,&quot;source&quot;:&quot;fcst&quot;},{&quot;datetime&quot;:&quot;08:00:00&quot;,&quot;datetimeEpoch&quot;:1690165800,&quot;temp&quot;:27.1,&quot;feelslike&quot;:29.9,&quot;humidity&quot;:80.23,&quot;dew&quot;:23.4,&quot;precip&quot;:0.0,&quot;precipprob&quot;:0.0,&quot;snow&quot;:0.0,&quot;snowdepth&quot;:0.0,&quot;preciptype&quot;:null,&quot;windgust&quot;:15.5,&quot;windspeed&quot;:9.4,&quot;winddir&quot;:104.6,&quot;pressure&quot;:1004.0,&quot;visibility&quot;:24.1,&quot;cloudcover&quot;:49.0,&quot;solarradiation&quot;:305.0,&quot;solarenergy&quot;:1.1,&quot;uvindex&quot;:3.0,&quot;severerisk&quot;:10.0,&quot;conditions&quot;:&quot;Partially cloudy&quot;,&quot;icon&quot;:&quot;partly-cloudy-day&quot;,&quot;stations&quot;:null,&quot;source&quot;:&quot;fcst&quot;},{&quot;datetime&quot;:&quot;09:00:00&quot;,&quot;datetimeEpoch&quot;:1690169400,&quot;temp&quot;:28.6,&quot;feelslike&quot;:32.1,&quot;humidity&quot;:72.18,&quot;dew&quot;:23.1,&quot;precip&quot;:0.0,&quot;precipprob&quot;:0.0,&quot;snow&quot;:0.0,&quot;snowdepth&quot;:0.0,&quot;preciptype&quot;:null,&quot;windgust&quot;:15.1,&quot;windspeed&quot;:10.4,&quot;winddir&quot;:120.8,&quot;pressure&quot;:1004.0,&quot;visibility&quot;:24.1,&quot;cloudcover&quot;:90.6,&quot;solarradiation&quot;:474.0,&quot;solarenergy&quot;:1.7,&quot;uvindex&quot;:5.0,&quot;severerisk&quot;:10.0,&quot;conditions&quot;:&quot;Overcast&quot;,&quot;icon&quot;:&quot;cloudy&quot;,&quot;stations&quot;:null,&quot;source&quot;:&quot;fcst&quot;},{&quot;datetime&quot;:&quot;10:00:00&quot;,&quot;datetimeEpoch&quot;:1690173000,&quot;temp&quot;:30.0,&quot;feelslike&quot;:33.9,&quot;humidity&quot;:65.37,&quot;dew&quot;:22.8,&quot;precip&quot;:0.0,&quot;precipprob&quot;:0.0,&quot;snow&quot;:0.0,&quot;snowdepth&quot;:0.0,&quot;preciptype&quot;:[&quot;rain&quot;],&quot;windgust&quot;:15.1,&quot;windspeed&quot;:11.2,&quot;winddir&quot;:122.7,&quot;pressure&quot;:1004.0,&quot;visibility&quot;:24.1,&quot;cloudcover&quot;:63.8,&quot;solarradiation&quot;:602.0,&quot;solarenergy&quot;:2.2,&quot;uvindex&quot;:6.0,&quot;severerisk&quot;:10.0,&quot;conditions&quot;:&quot;Partially cloudy&quot;,&quot;icon&quot;:&quot;partly-cloudy-day&quot;,&quot;stations&quot;:null,&quot;source&quot;:&quot;fcst&quot;},{&quot;datetime&quot;:&quot;11:00:00&quot;,&quot;datetimeEpoch&quot;:1690176600,&quot;temp&quot;:31.0,&quot;feelslike&quot;:35.0,&quot;humidity&quot;:60.99,&quot;dew&quot;:22.6,&quot;precip&quot;:0.0,&quot;precipprob&quot;:0.0,&quot;snow&quot;:0.0,&quot;snowdepth&quot;:0.0,&quot;preciptype&quot;:[&quot;rain&quot;],&quot;windgust&quot;:13.7,&quot;windspeed&quot;:10.4,&quot;winddir&quot;:116.0,&quot;pressure&quot;:1004.0,&quot;visibility&quot;:24.1,&quot;cloudcover&quot;:96.2,&quot;solarradiation&quot;:665.0,&quot;solarenergy&quot;:2.4,&quot;uvindex&quot;:7.0,&quot;severerisk&quot;:10.0,&quot;conditions&quot;:&quot;Overcast&quot;,&quot;icon&quot;:&quot;cloudy&quot;,&quot;stations&quot;:null,&quot;source&quot;:&quot;fcst&quot;},{&quot;datetime&quot;:&quot;12:00:00&quot;,&quot;datetimeEpoch&quot;:1690180200,&quot;temp&quot;:31.0,&quot;feelslike&quot;:34.8,&quot;humidity&quot;:60.25,&quot;dew&quot;:22.4,&quot;precip&quot;:0.1,&quot;precipprob&quot;:0.0,&quot;snow&quot;:0.0,&quot;snowdepth&quot;:0.0,&quot;preciptype&quot;:[&quot;rain&quot;],&quot;windgust&quot;:13.0,&quot;windspeed&quot;:10.8,&quot;winddir&quot;:94.6,&quot;pressure&quot;:1003.0,&quot;visibility&quot;:24.1,&quot;cloudcover&quot;:92.1,&quot;solarradiation&quot;:496.0,&quot;solarenergy&quot;:1.8,&quot;uvindex&quot;:5.0,&quot;severerisk&quot;:10.0,&quot;conditions&quot;:&quot;Overcast&quot;,&quot;icon&quot;:&quot;cloudy&quot;,&quot;stations&quot;:null,&quot;source&quot;:&quot;fcst&quot;},{&quot;datetime&quot;:&quot;13:00:00&quot;,&quot;datetimeEpoch&quot;:1690183800,&quot;temp&quot;:31.0,&quot;feelslike&quot;:35.0,&quot;humidity&quot;:60.99,&quot;dew&quot;:22.6,&quot;precip&quot;:0.0,&quot;precipprob&quot;:19.0,&quot;snow&quot;:0.0,&quot;snowdepth&quot;:0.0,&quot;preciptype&quot;:null,&quot;windgust&quot;:13.0,&quot;windspeed&quot;:10.8,&quot;winddir&quot;:91.7,&quot;pressure&quot;:1002.0,&quot;visibility&quot;:24.1,&quot;cloudcover&quot;:72.3,&quot;solarradiation&quot;:419.0,&quot;solarenergy&quot;:1.5,&quot;uvindex&quot;:4.0,&quot;severerisk&quot;:10.0,&quot;conditions&quot;:&quot;Partially cloudy&quot;,&quot;icon&quot;:&quot;partly-cloudy-day&quot;,&quot;stations&quot;:null,&quot;source&quot;:&quot;fcst&quot;},{&quot;datetime&quot;:&quot;14:00:00&quot;,&quot;datetimeEpoch&quot;:1690187400,&quot;temp&quot;:31.9,&quot;feelslike&quot;:36.1,&quot;humidity&quot;:57.95,&quot;dew&quot;:22.6,&quot;precip&quot;:0.0,&quot;precipprob&quot;:19.0,&quot;snow&quot;:0.0,&quot;snowdepth&quot;:0.0,&quot;preciptype&quot;:null,&quot;windgust&quot;:13.7,&quot;windspeed&quot;:10.8,&quot;winddir&quot;:87.6,&quot;pressure&quot;:1001.0,&quot;visibility&quot;:24.1,&quot;cloudcover&quot;:37.3,&quot;solarradiation&quot;:585.0,&quot;solarenergy&quot;:2.1,&quot;uvindex&quot;:6.0,&quot;severerisk&quot;:30.0,&quot;conditions&quot;:&quot;Partially cloudy&quot;,&quot;icon&quot;:&quot;partly-cloudy-day&quot;,&quot;stations&quot;:null,&quot;source&quot;:&quot;fcst&quot;},{&quot;datetime&quot;:&quot;15:00:00&quot;,&quot;datetimeEpoch&quot;:1690191000,&quot;temp&quot;:33.0,&quot;feelslike&quot;:37.3,&quot;humidity&quot;:53.8,&quot;dew&quot;:22.4,&quot;precip&quot;:0.0,&quot;precipprob&quot;:19.0,&quot;snow&quot;:0.0,&quot;snowdepth&quot;:0.0,&quot;preciptype&quot;:null,&quot;windgust&quot;:15.8,&quot;windspeed&quot;:12.6,&quot;winddir&quot;:79.3,&quot;pressure&quot;:1000.0,&quot;visibility&quot;:24.1,&quot;cloudcover&quot;:59.9,&quot;solarradiation&quot;:708.0,&quot;solarenergy&quot;:2.5,&quot;uvindex&quot;:7.0,&quot;severerisk&quot;:30.0,&quot;conditions&quot;:&quot;Partially cloudy&quot;,&quot;icon&quot;:&quot;partly-cloudy-day&quot;,&quot;stations&quot;:null,&quot;source&quot;:&quot;fcst&quot;},{&quot;datetime&quot;:&quot;16:00:00&quot;,&quot;datetimeEpoch&quot;:1690194600,&quot;temp&quot;:32.6,&quot;feelslike&quot;:36.9,&quot;humidity&quot;:55.36,&quot;dew&quot;:22.5,&quot;precip&quot;:0.0,&quot;precipprob&quot;:19.0,&quot;snow&quot;:0.0,&quot;snowdepth&quot;:0.0,&quot;preciptype&quot;:null,&quot;windgust&quot;:17.3,&quot;windspeed&quot;:14.8,&quot;winddir&quot;:81.7,&quot;pressure&quot;:1000.0,&quot;visibility&quot;:24.1,&quot;cloudcover&quot;:87.1,&quot;solarradiation&quot;:525.0,&quot;solarenergy&quot;:1.9,&quot;uvindex&quot;:5.0,&quot;severerisk&quot;:30.0,&quot;conditions&quot;:&quot;Partially cloudy&quot;,&quot;icon&quot;:&quot;partly-cloudy-day&quot;,&quot;stations&quot;:null,&quot;source&quot;:&quot;fcst&quot;},{&quot;datetime&quot;:&quot;17:00:00&quot;,&quot;datetimeEpoch&quot;:1690198200,&quot;temp&quot;:31.2,&quot;feelslike&quot;:35.6,&quot;humidity&quot;:61.78,&quot;dew&quot;:23.0,&quot;precip&quot;:0.0,&quot;precipprob&quot;:19.0,&quot;snow&quot;:0.0,&quot;snowdepth&quot;:0.0,&quot;preciptype&quot;:null,&quot;windgust&quot;:19.8,&quot;windspeed&quot;:12.2,&quot;winddir&quot;:84.4,&quot;pressure&quot;:1000.0,&quot;visibility&quot;:24.1,&quot;cloudcover&quot;:80.2,&quot;solarradiation&quot;:224.0,&quot;solarenergy&quot;:0.8,&quot;uvindex&quot;:2.0,&quot;severerisk&quot;:30.0,&quot;conditions&quot;:&quot;Partially cloudy&quot;,&quot;icon&quot;:&quot;partly-cloudy-day&quot;,&quot;stations&quot;:null,&quot;source&quot;:&quot;fcst&quot;},{&quot;datetime&quot;:&quot;18:00:00&quot;,&quot;datetimeEpoch&quot;:1690201800,&quot;temp&quot;:30.4,&quot;feelslike&quot;:34.9,&quot;humidity&quot;:65.85,&quot;dew&quot;:23.3,&quot;precip&quot;:0.0,&quot;precipprob&quot;:19.0,&quot;snow&quot;:0.0,&quot;snowdepth&quot;:0.0,&quot;preciptype&quot;:null,&quot;windgust&quot;:23.0,&quot;windspeed&quot;:10.1,&quot;winddir&quot;:84.4,&quot;pressure&quot;:1000.0,&quot;visibility&quot;:24.1,&quot;cloudcover&quot;:61.7,&quot;solarradiation&quot;:129.0,&quot;solarenergy&quot;:0.5,&quot;uvindex&quot;:1.0,&quot;severerisk&quot;:30.0,&quot;conditions&quot;:&quot;Partially cloudy&quot;,&quot;icon&quot;:&quot;partly-cloudy-day&quot;,&quot;stations&quot;:null,&quot;source&quot;:&quot;fcst&quot;},{&quot;datetime&quot;:&quot;19:00:00&quot;,&quot;datetimeEpoch&quot;:1690205400,&quot;temp&quot;:29.0,&quot;feelslike&quot;:32.7,&quot;humidity&quot;:70.53,&quot;dew&quot;:23.1,&quot;precip&quot;:0.0,&quot;precipprob&quot;:9.5,&quot;snow&quot;:0.0,&quot;snowdepth&quot;:0.0,&quot;preciptype&quot;:null,&quot;windgust&quot;:28.4,&quot;windspeed&quot;:10.8,&quot;winddir&quot;:83.7,&quot;pressure&quot;:1001.0,&quot;visibility&quot;:24.1,&quot;cloudcover&quot;:17.5,&quot;solarradiation&quot;:41.0,&quot;solarenergy&quot;:0.1,&quot;uvindex&quot;:0.0,&quot;severerisk&quot;:30.0,&quot;conditions&quot;:&quot;Clear&quot;,&quot;icon&quot;:&quot;clear-night&quot;,&quot;stations&quot;:null,&quot;source&quot;:&quot;fcst&quot;},{&quot;datetime&quot;:&quot;20:00:00&quot;,&quot;datetimeEpoch&quot;:1690209000,&quot;temp&quot;:27.9,&quot;feelslike&quot;:30.9,&quot;humidity&quot;:74.28,&quot;dew&quot;:22.9,&quot;precip&quot;:0.0,&quot;precipprob&quot;:9.5,&quot;snow&quot;:0.0,&quot;snowdepth&quot;:0.0,&quot;preciptype&quot;:null,&quot;windgust&quot;:33.5,&quot;windspeed&quot;:11.9,&quot;winddir&quot;:92.1,&quot;pressure&quot;:1002.0,&quot;visibility&quot;:24.1,&quot;cloudcover&quot;:4.5,&quot;solarradiation&quot;:0.0,&quot;solarenergy&quot;:0.0,&quot;uvindex&quot;:0.0,&quot;severerisk&quot;:10.0,&quot;conditions&quot;:&quot;Clear&quot;,&quot;icon&quot;:&quot;clear-night&quot;,&quot;stations&quot;:null,&quot;source&quot;:&quot;fcst&quot;},{&quot;datetime&quot;:&quot;21:00:00&quot;,&quot;datetimeEpoch&quot;:1690212600,&quot;temp&quot;:27.2,&quot;feelslike&quot;:29.8,&quot;humidity&quot;:76.92,&quot;dew&quot;:22.8,&quot;precip&quot;:0.0,&quot;precipprob&quot;:9.5,&quot;snow&quot;:0.0,&quot;snowdepth&quot;:0.0,&quot;preciptype&quot;:null,&quot;windgust&quot;:33.5,&quot;windspeed&quot;:11.5,&quot;winddir&quot;:93.6,&quot;pressure&quot;:1002.0,&quot;visibility&quot;:24.1,&quot;cloudcover&quot;:5.0,&quot;solarradiation&quot;:0.0,&quot;solarenergy&quot;:0.0,&quot;uvindex&quot;:0.0,&quot;severerisk&quot;:10.0,&quot;conditions&quot;:&quot;Clear&quot;,&quot;icon&quot;:&quot;clear-night&quot;,&quot;stations&quot;:null,&quot;source&quot;:&quot;fcst&quot;},{&quot;datetime&quot;:&quot;22:00:00&quot;,&quot;datetimeEpoch&quot;:1690216200,&quot;temp&quot;:26.6,&quot;feelslike&quot;:26.6,&quot;humidity&quot;:79.2,&quot;dew&quot;:22.7,&quot;precip&quot;:0.0,&quot;precipprob&quot;:9.5,&quot;snow&quot;:0.0,&quot;snowdepth&quot;:0.0,&quot;preciptype&quot;:null,&quot;windgust&quot;:26.6,&quot;windspeed&quot;:9.0,&quot;winddir&quot;:94.1,&quot;pressure&quot;:1003.0,&quot;visibility&quot;:24.1,&quot;cloudcover&quot;:20.1,&quot;solarradiation&quot;:0.0,&quot;solarenergy&quot;:0.0,&quot;uvindex&quot;:0.0,&quot;severerisk&quot;:10.0,&quot;conditions&quot;:&quot;Partially cloudy&quot;,&quot;icon&quot;:&quot;partly-cloudy-night&quot;,&quot;stations&quot;:null,&quot;source&quot;:&quot;fcst&quot;},{&quot;datetime&quot;:&quot;23:00:00&quot;,&quot;datetimeEpoch&quot;:1690219800,&quot;temp&quot;:25.8,&quot;feelslike&quot;:25.8,&quot;humidity&quot;:83.03,&quot;dew&quot;:22.7,&quot;precip&quot;:0.0,&quot;precipprob&quot;:9.5,&quot;snow&quot;:0.0,&quot;snowdepth&quot;:0.0,&quot;preciptype&quot;:null,&quot;windgust&quot;:11.2,&quot;windspeed&quot;:6.5,&quot;winddir&quot;:85.2,&quot;pressure&quot;:1003.0,&quot;visibility&quot;:24.1,&quot;cloudcover&quot;:29.6,&quot;solarradiation&quot;:0.0,&quot;solarenergy&quot;:0.0,&quot;uvindex&quot;:0.0,&quot;severerisk&quot;:3.0,&quot;conditions&quot;:&quot;Partially cloudy&quot;,&quot;icon&quot;:&quot;partly-cloudy-night&quot;,&quot;stations&quot;:null,&quot;source&quot;:&quot;fcst&quot;}]},{&quot;datetime&quot;:&quot;2023-07-25&quot;,&quot;datetimeEpoch&quot;:1690223400,&quot;tempmax&quot;:32.9,&quot;tempmin&quot;:23.9,&quot;temp&quot;:28.1,&quot;feelslikemax&quot;:38.1,&quot;feelslikemin&quot;:23.9,&quot;feelslike&quot;:30.6,&quot;dew&quot;:23.1,&quot;humidity&quot;:75.5,&quot;precip&quot;:0.7,&quot;precipprob&quot;:23.8,&quot;precipcover&quot;:29.17,&quot;preciptype&quot;:[&quot;rain&quot;],&quot;snow&quot;:0.0,&quot;snowdepth&quot;:0.0,&quot;windgust&quot;:31.7,&quot;windspeed&quot;:18.4,&quot;winddir&quot;:75.2,&quot;pressure&quot;:1002.0,&quot;cloudcover&quot;:50.5,&quot;visibility&quot;:24.0,&quot;solarradiation&quot;:272.6,&quot;solarenergy&quot;:23.6,&quot;uvindex&quot;:8.0,&quot;severerisk&quot;:30.0,&quot;sunrise&quot;:&quot;05:17:44&quot;,&quot;sunriseEpoch&quot;:1690242464,&quot;sunset&quot;:&quot;18:33:40&quot;,&quot;sunsetEpoch&quot;:1690290220,&quot;moonphase&quot;:0.25,&quot;conditions&quot;:&quot;Partially cloudy&quot;,&quot;description&quot;:&quot;Partly cloudy throughout the day.&quot;,&quot;icon&quot;:&quot;partly-cloudy-day&quot;,&quot;stations&quot;:null,&quot;source&quot;:&quot;fcst&quot;,&quot;hours&quot;:[{&quot;datetime&quot;:&quot;00:00:00&quot;,&quot;datetimeEpoch&quot;:1690223400,&quot;temp&quot;:25.1,&quot;feelslike&quot;:25.1,&quot;humidity&quot;:85.52,&quot;dew&quot;:22.5,&quot;precip&quot;:0.0,&quot;precipprob&quot;:9.5,&quot;snow&quot;:0.0,&quot;snowdepth&quot;:0.0,&quot;preciptype&quot;:null,&quot;windgust&quot;:9.4,&quot;windspeed&quot;:6.5,&quot;winddir&quot;:73.5,&quot;pressure&quot;:1003.0,&quot;visibility&quot;:24.1,&quot;cloudcover&quot;:19.9,&quot;solarradiation&quot;:0.0,&quot;solarenergy&quot;:0.0,&quot;uvindex&quot;:0.0,&quot;severerisk&quot;:3.0,&quot;conditions&quot;:&quot;Clear&quot;,&quot;icon&quot;:&quot;clear-night&quot;,&quot;stations&quot;:null,&quot;source&quot;:&quot;fcst&quot;},{&quot;datetime&quot;:&quot;01:00:00&quot;,&quot;datetimeEpoch&quot;:1690227000,&quot;temp&quot;:24.7,&quot;feelslike&quot;:24.7,&quot;humidity&quot;:86.52,&quot;dew&quot;:22.3,&quot;precip&quot;:0.0,&quot;precipprob&quot;:0.0,&quot;snow&quot;:0.0,&quot;snowdepth&quot;:0.0,&quot;preciptype&quot;:null,&quot;windgust&quot;:10.1,&quot;windspeed&quot;:7.2,&quot;winddir&quot;:56.8,&quot;pressure&quot;:1003.0,&quot;visibility&quot;:24.1,&quot;cloudcover&quot;:35.0,&quot;solarradiation&quot;:0.0,&quot;solarenergy&quot;:0.0,&quot;uvindex&quot;:0.0,&quot;severerisk&quot;:3.0,&quot;conditions&quot;:&quot;Partially cloudy&quot;,&quot;icon&quot;:&quot;partly-cloudy-night&quot;,&quot;stations&quot;:null,&quot;source&quot;:&quot;fcst&quot;},{&quot;datetime&quot;:&quot;02:00:00&quot;,&quot;datetimeEpoch&quot;:1690230600,&quot;temp&quot;:24.4,&quot;feelslike&quot;:24.4,&quot;humidity&quot;:87.56,&quot;dew&quot;:22.2,&quot;precip&quot;:0.0,&quot;precipprob&quot;:0.0,&quot;snow&quot;:0.0,&quot;snowdepth&quot;:0.0,&quot;preciptype&quot;:null,&quot;windgust&quot;:12.6,&quot;windspeed&quot;:6.8,&quot;winddir&quot;:61.2,&quot;pressure&quot;:1002.0,&quot;visibility&quot;:24.1,&quot;cloudcover&quot;:33.7,&quot;solarradiation&quot;:0.0,&quot;solarenergy&quot;:0.0,&quot;uvindex&quot;:0.0,&quot;severerisk&quot;:5.0,&quot;conditions&quot;:&quot;Partially cloudy&quot;,&quot;icon&quot;:&quot;partly-cloudy-night&quot;,&quot;stations&quot;:null,&quot;source&quot;:&quot;fcst&quot;},{&quot;datetime&quot;:&quot;03:00:00&quot;,&quot;datetimeEpoch&quot;:1690234200,&quot;temp&quot;:24.1,&quot;feelslike&quot;:24.1,&quot;humidity&quot;:89.69,&quot;dew&quot;:22.3,&quot;precip&quot;:0.0,&quot;precipprob&quot;:0.0,&quot;snow&quot;:0.0,&quot;snowdepth&quot;:0.0,&quot;preciptype&quot;:null,&quot;windgust&quot;:13.0,&quot;windspeed&quot;:6.5,&quot;winddir&quot;:60.9,&quot;pressure&quot;:1002.0,&quot;visibility&quot;:24.1,&quot;cloudcover&quot;:40.1,&quot;solarradiation&quot;:0.0,&quot;solarenergy&quot;:0.0,&quot;uvindex&quot;:0.0,&quot;severerisk&quot;:5.0,&quot;conditions&quot;:&quot;Partially cloudy&quot;,&quot;icon&quot;:&quot;partly-cloudy-night&quot;,&quot;stations&quot;:null,&quot;source&quot;:&quot;fcst&quot;},{&quot;datetime&quot;:&quot;04:00:00&quot;,&quot;datetimeEpoch&quot;:1690237800,&quot;temp&quot;:23.9,&quot;feelslike&quot;:23.9,&quot;humidity&quot;:91.88,&quot;dew&quot;:22.5,&quot;precip&quot;:0.0,&quot;precipprob&quot;:0.0,&quot;snow&quot;:0.0,&quot;snowdepth&quot;:0.0,&quot;preciptype&quot;:null,&quot;windgust&quot;:12.6,&quot;windspeed&quot;:6.5,&quot;winddir&quot;:52.5,&quot;pressure&quot;:1002.0,&quot;visibility&quot;:24.1,&quot;cloudcover&quot;:100.0,&quot;solarradiation&quot;:0.0,&quot;solarenergy&quot;:0.0,&quot;uvindex&quot;:0.0,&quot;severerisk&quot;:3.0,&quot;conditions&quot;:&quot;Overcast&quot;,&quot;icon&quot;:&quot;cloudy&quot;,&quot;stations&quot;:null,&quot;source&quot;:&quot;fcst&quot;},{&quot;datetime&quot;:&quot;05:00:00&quot;,&quot;datetimeEpoch&quot;:1690241400,&quot;temp&quot;:23.9,&quot;feelslike&quot;:23.9,&quot;humidity&quot;:92.44,&quot;dew&quot;:22.6,&quot;precip&quot;:0.0,&quot;precipprob&quot;:0.0,&quot;snow&quot;:0.0,&quot;snowdepth&quot;:0.0,&quot;preciptype&quot;:null,&quot;windgust&quot;:13.3,&quot;windspeed&quot;:6.1,&quot;winddir&quot;:58.8,&quot;pressure&quot;:1002.0,&quot;visibility&quot;:24.1,&quot;cloudcover&quot;:100.0,&quot;solarradiation&quot;:0.0,&quot;solarenergy&quot;:0.0,&quot;uvindex&quot;:0.0,&quot;severerisk&quot;:3.0,&quot;conditions&quot;:&quot;Overcast&quot;,&quot;icon&quot;:&quot;cloudy&quot;,&quot;stations&quot;:null,&quot;source&quot;:&quot;fcst&quot;},{&quot;datetime&quot;:&quot;06:00:00&quot;,&quot;datetimeEpoch&quot;:1690245000,&quot;temp&quot;:23.9,&quot;feelslike&quot;:23.9,&quot;humidity&quot;:93.57,&quot;dew&quot;:22.8,&quot;precip&quot;:0.0,&quot;precipprob&quot;:0.0,&quot;snow&quot;:0.0,&quot;snowdepth&quot;:0.0,&quot;preciptype&quot;:null,&quot;windgust&quot;:14.0,&quot;windspeed&quot;:6.1,&quot;winddir&quot;:58.6,&quot;pressure&quot;:1003.0,&quot;visibility&quot;:24.1,&quot;cloudcover&quot;:39.2,&quot;solarradiation&quot;:1.0,&quot;solarenergy&quot;:0.0,&quot;uvindex&quot;:0.0,&quot;severerisk&quot;:3.0,&quot;conditions&quot;:&quot;Partially cloudy&quot;,&quot;icon&quot;:&quot;partly-cloudy-day&quot;,&quot;stations&quot;:null,&quot;source&quot;:&quot;fcst&quot;},{&quot;datetime&quot;:&quot;07:00:00&quot;,&quot;datetimeEpoch&quot;:1690248600,&quot;temp&quot;:25.3,&quot;feelslike&quot;:25.3,&quot;humidity&quot;:88.7,&quot;dew&quot;:23.3,&quot;precip&quot;:0.0,&quot;precipprob&quot;:0.0,&quot;snow&quot;:0.0,&quot;snowdepth&quot;:0.0,&quot;preciptype&quot;:null,&quot;windgust&quot;:18.7,&quot;windspeed&quot;:7.6,&quot;winddir&quot;:59.8,&quot;pressure&quot;:1003.0,&quot;visibility&quot;:24.1,&quot;cloudcover&quot;:29.3,&quot;solarradiation&quot;:86.0,&quot;solarenergy&quot;:0.3,&quot;uvindex&quot;:1.0,&quot;severerisk&quot;:10.0,&quot;conditions&quot;:&quot;Partially cloudy&quot;,&quot;icon&quot;:&quot;partly-cloudy-day&quot;,&quot;stations&quot;:null,&quot;source&quot;:&quot;fcst&quot;},{&quot;datetime&quot;:&quot;08:00:00&quot;,&quot;datetimeEpoch&quot;:1690252200,&quot;temp&quot;:27.3,&quot;feelslike&quot;:30.3,&quot;humidity&quot;:79.77,&quot;dew&quot;:23.5,&quot;precip&quot;:0.0,&quot;precipprob&quot;:0.0,&quot;snow&quot;:0.0,&quot;snowdepth&quot;:0.0,&quot;preciptype&quot;:null,&quot;windgust&quot;:20.2,&quot;windspeed&quot;:11.5,&quot;winddir&quot;:72.5,&quot;pressure&quot;:1003.0,&quot;visibility&quot;:24.1,&quot;cloudcover&quot;:53.8,&quot;solarradiation&quot;:297.0,&quot;solarenergy&quot;:1.1,&quot;uvindex&quot;:3.0,&quot;severerisk&quot;:10.0,&quot;conditions&quot;:&quot;Partially cloudy&quot;,&quot;icon&quot;:&quot;partly-cloudy-day&quot;,&quot;stations&quot;:null,&quot;source&quot;:&quot;fcst&quot;},{&quot;datetime&quot;:&quot;09:00:00&quot;,&quot;datetimeEpoch&quot;:1690255800,&quot;temp&quot;:29.0,&quot;feelslike&quot;:33.0,&quot;humidity&quot;:72.25,&quot;dew&quot;:23.5,&quot;precip&quot;:0.1,&quot;precipprob&quot;:0.0,&quot;snow&quot;:0.0,&quot;snowdepth&quot;:0.0,&quot;preciptype&quot;:[&quot;rain&quot;],&quot;windgust&quot;:20.5,&quot;windspeed&quot;:13.7,&quot;winddir&quot;:76.5,&quot;pressure&quot;:1004.0,&quot;visibility&quot;:24.1,&quot;cloudcover&quot;:67.4,&quot;solarradiation&quot;:461.0,&quot;solarenergy&quot;:1.7,&quot;uvindex&quot;:5.0,&quot;severerisk&quot;:10.0,&quot;conditions&quot;:&quot;Partially cloudy&quot;,&quot;icon&quot;:&quot;partly-cloudy-day&quot;,&quot;stations&quot;:null,&quot;source&quot;:&quot;fcst&quot;},{&quot;datetime&quot;:&quot;10:00:00&quot;,&quot;datetimeEpoch&quot;:1690259400,&quot;temp&quot;:30.2,&quot;feelslike&quot;:34.8,&quot;humidity&quot;:67.42,&quot;dew&quot;:23.5,&quot;precip&quot;:0.0,&quot;precipprob&quot;:0.0,&quot;snow&quot;:0.0,&quot;snowdepth&quot;:0.0,&quot;preciptype&quot;:[&quot;rain&quot;],&quot;windgust&quot;:21.2,&quot;windspeed&quot;:15.1,&quot;winddir&quot;:78.1,&quot;pressure&quot;:1004.0,&quot;visibility&quot;:24.1,&quot;cloudcover&quot;:55.5,&quot;solarradiation&quot;:606.0,&quot;solarenergy&quot;:2.2,&quot;uvindex&quot;:6.0,&quot;severerisk&quot;:30.0,&quot;conditions&quot;:&quot;Partially cloudy&quot;,&quot;icon&quot;:&quot;partly-cloudy-day&quot;,&quot;stations&quot;:null,&quot;source&quot;:&quot;fcst&quot;},{&quot;datetime&quot;:&quot;11:00:00&quot;,&quot;datetimeEpoch&quot;:1690263000,&quot;temp&quot;:31.4,&quot;feelslike&quot;:36.4,&quot;humidity&quot;:62.95,&quot;dew&quot;:23.5,&quot;precip&quot;:0.1,&quot;precipprob&quot;:0.0,&quot;snow&quot;:0.0,&quot;snowdepth&quot;:0.0,&quot;preciptype&quot;:[&quot;rain&quot;],&quot;windgust&quot;:22.3,&quot;windspeed&quot;:16.2,&quot;winddir&quot;:76.6,&quot;pressure&quot;:1003.0,&quot;visibility&quot;:23.3,&quot;cloudcover&quot;:58.7,&quot;solarradiation&quot;:743.0,&quot;solarenergy&quot;:2.7,&quot;uvindex&quot;:7.0,&quot;severerisk&quot;:30.0,&quot;conditions&quot;:&quot;Partially cloudy&quot;,&quot;icon&quot;:&quot;partly-cloudy-day&quot;,&quot;stations&quot;:null,&quot;source&quot;:&quot;fcst&quot;},{&quot;datetime&quot;:&quot;12:00:00&quot;,&quot;datetimeEpoch&quot;:1690266600,&quot;temp&quot;:32.3,&quot;feelslike&quot;:37.4,&quot;humidity&quot;:59.1,&quot;dew&quot;:23.3,&quot;precip&quot;:0.1,&quot;precipprob&quot;:0.0,&quot;snow&quot;:0.0,&quot;snowdepth&quot;:0.0,&quot;preciptype&quot;:[&quot;rain&quot;],&quot;windgust&quot;:23.0,&quot;windspeed&quot;:17.3,&quot;winddir&quot;:77.6,&quot;pressure&quot;:1002.0,&quot;visibility&quot;:24.1,&quot;cloudcover&quot;:56.0,&quot;solarradiation&quot;:818.0,&quot;solarenergy&quot;:2.9,&quot;uvindex&quot;:8.0,&quot;severerisk&quot;:30.0,&quot;conditions&quot;:&quot;Partially cloudy&quot;,&quot;icon&quot;:&quot;partly-cloudy-day&quot;,&quot;stations&quot;:null,&quot;source&quot;:&quot;fcst&quot;},{&quot;datetime&quot;:&quot;13:00:00&quot;,&quot;datetimeEpoch&quot;:1690270200,&quot;temp&quot;:32.9,&quot;feelslike&quot;:38.1,&quot;humidity&quot;:56.79,&quot;dew&quot;:23.2,&quot;precip&quot;:0.1,&quot;precipprob&quot;:23.8,&quot;snow&quot;:0.0,&quot;snowdepth&quot;:0.0,&quot;preciptype&quot;:[&quot;rain&quot;],&quot;windgust&quot;:23.4,&quot;windspeed&quot;:17.6,&quot;winddir&quot;:83.8,&quot;pressure&quot;:1001.0,&quot;visibility&quot;:23.7,&quot;cloudcover&quot;:81.6,&quot;solarradiation&quot;:825.0,&quot;solarenergy&quot;:3.0,&quot;uvindex&quot;:8.0,&quot;severerisk&quot;:30.0,&quot;conditions&quot;:&quot;Partially cloudy&quot;,&quot;icon&quot;:&quot;partly-cloudy-day&quot;,&quot;stations&quot;:null,&quot;source&quot;:&quot;fcst&quot;},{&quot;datetime&quot;:&quot;14:00:00&quot;,&quot;datetimeEpoch&quot;:1690273800,&quot;temp&quot;:32.2,&quot;feelslike&quot;:37.4,&quot;humidity&quot;:59.8,&quot;dew&quot;:23.4,&quot;precip&quot;:0.1,&quot;precipprob&quot;:23.8,&quot;snow&quot;:0.0,&quot;snowdepth&quot;:0.0,&quot;preciptype&quot;:[&quot;rain&quot;],&quot;windgust&quot;:23.0,&quot;windspeed&quot;:18.0,&quot;winddir&quot;:84.0,&quot;pressure&quot;:1001.0,&quot;visibility&quot;:24.1,&quot;cloudcover&quot;:100.0,&quot;solarradiation&quot;:588.0,&quot;solarenergy&quot;:2.1,&quot;uvindex&quot;:6.0,&quot;severerisk&quot;:30.0,&quot;conditions&quot;:&quot;Overcast&quot;,&quot;icon&quot;:&quot;cloudy&quot;,&quot;stations&quot;:null,&quot;source&quot;:&quot;fcst&quot;},{&quot;datetime&quot;:&quot;15:00:00&quot;,&quot;datetimeEpoch&quot;:1690277400,&quot;temp&quot;:32.7,&quot;feelslike&quot;:37.8,&quot;humidity&quot;:57.43,&quot;dew&quot;:23.2,&quot;precip&quot;:0.1,&quot;precipprob&quot;:23.8,&quot;snow&quot;:0.0,&quot;snowdepth&quot;:0.0,&quot;preciptype&quot;:[&quot;rain&quot;],&quot;windgust&quot;:24.1,&quot;windspeed&quot;:18.4,&quot;winddir&quot;:76.7,&quot;pressure&quot;:1000.0,&quot;visibility&quot;:24.1,&quot;cloudcover&quot;:49.4,&quot;solarradiation&quot;:744.0,&quot;solarenergy&quot;:2.7,&quot;uvindex&quot;:7.0,&quot;severerisk&quot;:30.0,&quot;conditions&quot;:&quot;Partially cloudy&quot;,&quot;icon&quot;:&quot;partly-cloudy-day&quot;,&quot;stations&quot;:null,&quot;source&quot;:&quot;fcst&quot;},{&quot;datetime&quot;:&quot;16:00:00&quot;,&quot;datetimeEpoch&quot;:1690281000,&quot;temp&quot;:32.6,&quot;feelslike&quot;:37.6,&quot;humidity&quot;:57.41,&quot;dew&quot;:23.1,&quot;precip&quot;:0.1,&quot;precipprob&quot;:23.8,&quot;snow&quot;:0.0,&quot;snowdepth&quot;:0.0,&quot;preciptype&quot;:[&quot;rain&quot;],&quot;windgust&quot;:23.4,&quot;windspeed&quot;:17.6,&quot;winddir&quot;:67.8,&quot;pressure&quot;:1000.0,&quot;visibility&quot;:24.1,&quot;cloudcover&quot;:21.4,&quot;solarradiation&quot;:639.0,&quot;solarenergy&quot;:2.3,&quot;uvindex&quot;:6.0,&quot;severerisk&quot;:30.0,&quot;conditions&quot;:&quot;Partially cloudy&quot;,&quot;icon&quot;:&quot;partly-cloudy-day&quot;,&quot;stations&quot;:null,&quot;source&quot;:&quot;fcst&quot;},{&quot;datetime&quot;:&quot;17:00:00&quot;,&quot;datetimeEpoch&quot;:1690284600,&quot;temp&quot;:31.9,&quot;feelslike&quot;:36.6,&quot;humidity&quot;:59.73,&quot;dew&quot;:23.1,&quot;precip&quot;:0.0,&quot;precipprob&quot;:23.8,&quot;snow&quot;:0.0,&quot;snowdepth&quot;:0.0,&quot;preciptype&quot;:null,&quot;windgust&quot;:23.4,&quot;windspeed&quot;:16.6,&quot;winddir&quot;:72.7,&quot;pressure&quot;:1000.0,&quot;visibility&quot;:23.4,&quot;cloudcover&quot;:27.8,&quot;solarradiation&quot;:451.0,&quot;solarenergy&quot;:1.6,&quot;uvindex&quot;:5.0,&quot;severerisk&quot;:30.0,&quot;conditions&quot;:&quot;Partially cloudy&quot;,&quot;icon&quot;:&quot;partly-cloudy-day&quot;,&quot;stations&quot;:null,&quot;source&quot;:&quot;fcst&quot;},{&quot;datetime&quot;:&quot;18:00:00&quot;,&quot;datetimeEpoch&quot;:1690288200,&quot;temp&quot;:30.3,&quot;feelslike&quot;:34.9,&quot;humidity&quot;:67.04,&quot;dew&quot;:23.5,&quot;precip&quot;:0.0,&quot;precipprob&quot;:23.8,&quot;snow&quot;:0.0,&quot;snowdepth&quot;:0.0,&quot;preciptype&quot;:null,&quot;windgust&quot;:24.8,&quot;windspeed&quot;:14.0,&quot;winddir&quot;:86.1,&quot;pressure&quot;:1000.0,&quot;visibility&quot;:24.1,&quot;cloudcover&quot;:38.7,&quot;solarradiation&quot;:230.0,&quot;solarenergy&quot;:0.8,&quot;uvindex&quot;:2.0,&quot;severerisk&quot;:30.0,&quot;conditions&quot;:&quot;Partially cloudy&quot;,&quot;icon&quot;:&quot;partly-cloudy-day&quot;,&quot;stations&quot;:null,&quot;source&quot;:&quot;fcst&quot;},{&quot;datetime&quot;:&quot;19:00:00&quot;,&quot;datetimeEpoch&quot;:1690291800,&quot;temp&quot;:28.3,&quot;feelslike&quot;:31.8,&quot;humidity&quot;:74.34,&quot;dew&quot;:23.3,&quot;precip&quot;:0.0,&quot;precipprob&quot;:14.3,&quot;snow&quot;:0.0,&quot;snowdepth&quot;:0.0,&quot;preciptype&quot;:null,&quot;windgust&quot;:29.2,&quot;windspeed&quot;:9.7,&quot;winddir&quot;:90.0,&quot;pressure&quot;:1001.0,&quot;visibility&quot;:24.1,&quot;cloudcover&quot;:32.6,&quot;solarradiation&quot;:54.0,&quot;solarenergy&quot;:0.2,&quot;uvindex&quot;:0.0,&quot;severerisk&quot;:10.0,&quot;conditions&quot;:&quot;Partially cloudy&quot;,&quot;icon&quot;:&quot;partly-cloudy-night&quot;,&quot;stations&quot;:null,&quot;source&quot;:&quot;fcst&quot;},{&quot;datetime&quot;:&quot;20:00:00&quot;,&quot;datetimeEpoch&quot;:1690295400,&quot;temp&quot;:27.3,&quot;feelslike&quot;:30.1,&quot;humidity&quot;:78.34,&quot;dew&quot;:23.2,&quot;precip&quot;:0.0,&quot;precipprob&quot;:14.3,&quot;snow&quot;:0.0,&quot;snowdepth&quot;:0.0,&quot;preciptype&quot;:null,&quot;windgust&quot;:21.2,&quot;windspeed&quot;:6.8,&quot;winddir&quot;:83.4,&quot;pressure&quot;:1002.0,&quot;visibility&quot;:24.1,&quot;cloudcover&quot;:14.5,&quot;solarradiation&quot;:0.0,&quot;solarenergy&quot;:0.0,&quot;uvindex&quot;:0.0,&quot;severerisk&quot;:10.0,&quot;conditions&quot;:&quot;Clear&quot;,&quot;icon&quot;:&quot;clear-night&quot;,&quot;stations&quot;:null,&quot;source&quot;:&quot;fcst&quot;},{&quot;datetime&quot;:&quot;21:00:00&quot;,&quot;datetimeEpoch&quot;:1690299000,&quot;temp&quot;:26.8,&quot;feelslike&quot;:29.2,&quot;humidity&quot;:80.68,&quot;dew&quot;:23.2,&quot;precip&quot;:0.0,&quot;precipprob&quot;:14.3,&quot;snow&quot;:0.0,&quot;snowdepth&quot;:0.0,&quot;preciptype&quot;:null,&quot;windgust&quot;:28.4,&quot;windspeed&quot;:7.2,&quot;winddir&quot;:80.8,&quot;pressure&quot;:1002.0,&quot;visibility&quot;:24.1,&quot;cloudcover&quot;:36.8,&quot;solarradiation&quot;:0.0,&quot;solarenergy&quot;:0.0,&quot;uvindex&quot;:0.0,&quot;severerisk&quot;:10.0,&quot;conditions&quot;:&quot;Partially cloudy&quot;,&quot;icon&quot;:&quot;partly-cloudy-night&quot;,&quot;stations&quot;:null,&quot;source&quot;:&quot;fcst&quot;},{&quot;datetime&quot;:&quot;22:00:00&quot;,&quot;datetimeEpoch&quot;:1690302600,&quot;temp&quot;:26.7,&quot;feelslike&quot;:26.7,&quot;humidity&quot;:80.66,&quot;dew&quot;:23.1,&quot;precip&quot;:0.0,&quot;precipprob&quot;:14.3,&quot;snow&quot;:0.0,&quot;snowdepth&quot;:0.0,&quot;preciptype&quot;:null,&quot;windgust&quot;:31.7,&quot;windspeed&quot;:8.3,&quot;winddir&quot;:88.5,&quot;pressure&quot;:1003.0,&quot;visibility&quot;:24.1,&quot;cloudcover&quot;:48.6,&quot;solarradiation&quot;:0.0,&quot;solarenergy&quot;:0.0,&quot;uvindex&quot;:0.0,&quot;severerisk&quot;:10.0,&quot;conditions&quot;:&quot;Partially cloudy&quot;,&quot;icon&quot;:&quot;partly-cloudy-night&quot;,&quot;stations&quot;:null,&quot;source&quot;:&quot;fcst&quot;},{&quot;datetime&quot;:&quot;23:00:00&quot;,&quot;datetimeEpoch&quot;:1690306200,&quot;temp&quot;:26.2,&quot;feelslike&quot;:26.2,&quot;humidity&quot;:83.08,&quot;dew&quot;:23.1,&quot;precip&quot;:0.0,&quot;precipprob&quot;:14.3,&quot;snow&quot;:0.0,&quot;snowdepth&quot;:0.0,&quot;preciptype&quot;:null,&quot;windgust&quot;:27.7,&quot;windspeed&quot;:8.3,&quot;winddir&quot;:77.9,&quot;pressure&quot;:1003.0,&quot;visibility&quot;:24.1,&quot;cloudcover&quot;:71.7,&quot;solarradiation&quot;:0.0,&quot;solarenergy&quot;:0.0,&quot;uvindex&quot;:0.0,&quot;severerisk&quot;:10.0,&quot;conditions&quot;:&quot;Partially cloudy&quot;,&quot;icon&quot;:&quot;partly-cloudy-night&quot;,&quot;stations&quot;:null,&quot;source&quot;:&quot;fcst&quot;}]},{&quot;datetime&quot;:&quot;2023-07-26&quot;,&quot;datetimeEpoch&quot;:1690309800,&quot;tempmax&quot;:34.4,&quot;tempmin&quot;:24.0,&quot;temp&quot;:28.5,&quot;feelslikemax&quot;:38.9,&quot;feelslikemin&quot;:24.0,&quot;feelslike&quot;:31.3,&quot;dew&quot;:23.2,&quot;humidity&quot;:74.7,&quot;precip&quot;:0.3,&quot;precipprob&quot;:38.1,&quot;precipcover&quot;:12.5,&quot;preciptype&quot;:[&quot;rain&quot;],&quot;snow&quot;:0.0,&quot;snowdepth&quot;:0.0,&quot;windgust&quot;:32.0,&quot;windspeed&quot;:16.2,&quot;winddir&quot;:73.1,&quot;pressure&quot;:1001.6,&quot;cloudcover&quot;:58.3,&quot;visibility&quot;:24.1,&quot;solarradiation&quot;:261.6,&quot;solarenergy&quot;:22.5,&quot;uvindex&quot;:9.0,&quot;severerisk&quot;:30.0,&quot;sunrise&quot;:&quot;05:18:09&quot;,&quot;sunriseEpoch&quot;:1690328889,&quot;sunset&quot;:&quot;18:33:15&quot;,&quot;sunsetEpoch&quot;:1690376595,&quot;moonphase&quot;:0.25,&quot;conditions&quot;:&quot;Partially cloudy&quot;,&quot;description&quot;:&quot;Partly cloudy throughout the day with storms possible.&quot;,&quot;icon&quot;:&quot;partly-cloudy-day&quot;,&quot;stations&quot;:null,&quot;source&quot;:&quot;fcst&quot;,&quot;hours&quot;:[{&quot;datetime&quot;:&quot;00:00:00&quot;,&quot;datetimeEpoch&quot;:1690309800,&quot;temp&quot;:25.8,&quot;feelslike&quot;:25.8,&quot;humidity&quot;:85.07,&quot;dew&quot;:23.1,&quot;precip&quot;:0.0,&quot;precipprob&quot;:14.3,&quot;snow&quot;:0.0,&quot;snowdepth&quot;:0.0,&quot;preciptype&quot;:null,&quot;windgust&quot;:28.8,&quot;windspeed&quot;:7.9,&quot;winddir&quot;:69.1,&quot;pressure&quot;:1002.0,&quot;visibility&quot;:24.1,&quot;cloudcover&quot;:73.1,&quot;solarradiation&quot;:0.0,&quot;solarenergy&quot;:0.0,&quot;uvindex&quot;:0.0,&quot;severerisk&quot;:10.0,&quot;conditions&quot;:&quot;Partially cloudy&quot;,&quot;icon&quot;:&quot;partly-cloudy-night&quot;,&quot;stations&quot;:null,&quot;source&quot;:&quot;fcst&quot;},{&quot;datetime&quot;:&quot;01:00:00&quot;,&quot;datetimeEpoch&quot;:1690313400,&quot;temp&quot;:25.5,&quot;feelslike&quot;:25.5,&quot;humidity&quot;:87.12,&quot;dew&quot;:23.2,&quot;precip&quot;:0.0,&quot;precipprob&quot;:0.0,&quot;snow&quot;:0.0,&quot;snowdepth&quot;:0.0,&quot;preciptype&quot;:null,&quot;windgust&quot;:23.0,&quot;windspeed&quot;:7.6,&quot;winddir&quot;:60.9,&quot;pressure&quot;:1002.0,&quot;visibility&quot;:24.1,&quot;cloudcover&quot;:84.1,&quot;solarradiation&quot;:0.0,&quot;solarenergy&quot;:0.0,&quot;uvindex&quot;:0.0,&quot;severerisk&quot;:10.0,&quot;conditions&quot;:&quot;Partially cloudy&quot;,&quot;icon&quot;:&quot;partly-cloudy-night&quot;,&quot;stations&quot;:null,&quot;source&quot;:&quot;fcst&quot;},{&quot;datetime&quot;:&quot;02:00:00&quot;,&quot;datetimeEpoch&quot;:1690317000,&quot;temp&quot;:25.0,&quot;feelslike&quot;:25.0,&quot;humidity&quot;:90.3,&quot;dew&quot;:23.3,&quot;precip&quot;:0.0,&quot;precipprob&quot;:0.0,&quot;snow&quot;:0.0,&quot;snowdepth&quot;:0.0,&quot;preciptype&quot;:null,&quot;windgust&quot;:18.0,&quot;windspeed&quot;:6.8,&quot;winddir&quot;:59.6,&quot;pressure&quot;:1002.0,&quot;visibility&quot;:24.1,&quot;cloudcover&quot;:73.2,&quot;solarradiation&quot;:0.0,&quot;solarenergy&quot;:0.0,&quot;uvindex&quot;:0.0,&quot;severerisk&quot;:10.0,&quot;conditions&quot;:&quot;Partially cloudy&quot;,&quot;icon&quot;:&quot;partly-cloudy-night&quot;,&quot;stations&quot;:null,&quot;source&quot;:&quot;fcst&quot;},{&quot;datetime&quot;:&quot;03:00:00&quot;,&quot;datetimeEpoch&quot;:1690320600,&quot;temp&quot;:24.6,&quot;feelslike&quot;:24.6,&quot;humidity&quot;:92.48,&quot;dew&quot;:23.3,&quot;precip&quot;:0.0,&quot;precipprob&quot;:0.0,&quot;snow&quot;:0.0,&quot;snowdepth&quot;:0.0,&quot;preciptype&quot;:null,&quot;windgust&quot;:16.6,&quot;windspeed&quot;:6.5,&quot;winddir&quot;:60.9,&quot;pressure&quot;:1001.0,&quot;visibility&quot;:24.1,&quot;cloudcover&quot;:44.6,&quot;solarradiation&quot;:0.0,&quot;solarenergy&quot;:0.0,&quot;uvindex&quot;:0.0,&quot;severerisk&quot;:10.0,&quot;conditions&quot;:&quot;Partially cloudy&quot;,&quot;icon&quot;:&quot;partly-cloudy-night&quot;,&quot;stations&quot;:null,&quot;source&quot;:&quot;fcst&quot;},{&quot;datetime&quot;:&quot;04:00:00&quot;,&quot;datetimeEpoch&quot;:1690324200,&quot;temp&quot;:24.3,&quot;feelslike&quot;:24.3,&quot;humidity&quot;:94.16,&quot;dew&quot;:23.3,&quot;precip&quot;:0.0,&quot;precipprob&quot;:0.0,&quot;snow&quot;:0.0,&quot;snowdepth&quot;:0.0,&quot;preciptype&quot;:null,&quot;windgust&quot;:12.2,&quot;windspeed&quot;:6.1,&quot;winddir&quot;:52.9,&quot;pressure&quot;:1001.0,&quot;visibility&quot;:24.1,&quot;cloudcover&quot;:20.9,&quot;solarradiation&quot;:0.0,&quot;solarenergy&quot;:0.0,&quot;uvindex&quot;:0.0,&quot;severerisk&quot;:10.0,&quot;conditions&quot;:&quot;Partially cloudy&quot;,&quot;icon&quot;:&quot;partly-cloudy-night&quot;,&quot;stations&quot;:null,&quot;source&quot;:&quot;fcst&quot;},{&quot;datetime&quot;:&quot;05:00:00&quot;,&quot;datetimeEpoch&quot;:1690327800,&quot;temp&quot;:24.1,&quot;feelslike&quot;:24.1,&quot;humidity&quot;:95.3,&quot;dew&quot;:23.3,&quot;precip&quot;:0.0,&quot;precipprob&quot;:0.0,&quot;snow&quot;:0.0,&quot;snowdepth&quot;:0.0,&quot;preciptype&quot;:null,&quot;windgust&quot;:11.2,&quot;windspeed&quot;:6.1,&quot;winddir&quot;:56.0,&quot;pressure&quot;:1002.0,&quot;visibility&quot;:24.1,&quot;cloudcover&quot;:7.2,&quot;solarradiation&quot;:0.0,&quot;solarenergy&quot;:0.0,&quot;uvindex&quot;:0.0,&quot;severerisk&quot;:3.0,&quot;conditions&quot;:&quot;Clear&quot;,&quot;icon&quot;:&quot;clear-night&quot;,&quot;stations&quot;:null,&quot;source&quot;:&quot;fcst&quot;},{&quot;datetime&quot;:&quot;06:00:00&quot;,&quot;datetimeEpoch&quot;:1690331400,&quot;temp&quot;:24.0,&quot;feelslike&quot;:24.0,&quot;humidity&quot;:95.87,&quot;dew&quot;:23.3,&quot;precip&quot;:0.0,&quot;precipprob&quot;:0.0,&quot;snow&quot;:0.0,&quot;snowdepth&quot;:0.0,&quot;preciptype&quot;:null,&quot;windgust&quot;:15.8,&quot;windspeed&quot;:6.1,&quot;winddir&quot;:60.3,&quot;pressure&quot;:1002.0,&quot;visibility&quot;:24.1,&quot;cloudcover&quot;:9.5,&quot;solarradiation&quot;:1.0,&quot;solarenergy&quot;:0.0,&quot;uvindex&quot;:0.0,&quot;severerisk&quot;:3.0,&quot;conditions&quot;:&quot;Clear&quot;,&quot;icon&quot;:&quot;clear-day&quot;,&quot;stations&quot;:null,&quot;source&quot;:&quot;fcst&quot;},{&quot;datetime&quot;:&quot;07:00:00&quot;,&quot;datetimeEpoch&quot;:1690335000,&quot;temp&quot;:25.6,&quot;feelslike&quot;:25.6,&quot;humidity&quot;:88.72,&quot;dew&quot;:23.6,&quot;precip&quot;:0.0,&quot;precipprob&quot;:4.8,&quot;snow&quot;:0.0,&quot;snowdepth&quot;:0.0,&quot;preciptype&quot;:null,&quot;windgust&quot;:25.2,&quot;windspeed&quot;:9.0,&quot;winddir&quot;:67.6,&quot;pressure&quot;:1003.0,&quot;visibility&quot;:24.1,&quot;cloudcover&quot;:32.3,&quot;solarradiation&quot;:90.0,&quot;solarenergy&quot;:0.3,&quot;uvindex&quot;:1.0,&quot;severerisk&quot;:10.0,&quot;conditions&quot;:&quot;Partially cloudy&quot;,&quot;icon&quot;:&quot;partly-cloudy-day&quot;,&quot;stations&quot;:null,&quot;source&quot;:&quot;fcst&quot;},{&quot;datetime&quot;:&quot;08:00:00&quot;,&quot;datetimeEpoch&quot;:1690338600,&quot;temp&quot;:27.6,&quot;feelslike&quot;:30.9,&quot;humidity&quot;:78.86,&quot;dew&quot;:23.6,&quot;precip&quot;:0.0,&quot;precipprob&quot;:4.8,&quot;snow&quot;:0.0,&quot;snowdepth&quot;:0.0,&quot;preciptype&quot;:null,&quot;windgust&quot;:23.4,&quot;windspeed&quot;:13.3,&quot;winddir&quot;:81.3,&quot;pressure&quot;:1003.0,&quot;visibility&quot;:24.1,&quot;cloudcover&quot;:40.2,&quot;solarradiation&quot;:290.0,&quot;solarenergy&quot;:1.0,&quot;uvindex&quot;:3.0,&quot;severerisk&quot;:10.0,&quot;conditions&quot;:&quot;Partially cloudy&quot;,&quot;icon&quot;:&quot;partly-cloudy-day&quot;,&quot;stations&quot;:null,&quot;source&quot;:&quot;fcst&quot;},{&quot;datetime&quot;:&quot;09:00:00&quot;,&quot;datetimeEpoch&quot;:1690342200,&quot;temp&quot;:29.3,&quot;feelslike&quot;:33.6,&quot;humidity&quot;:71.44,&quot;dew&quot;:23.6,&quot;precip&quot;:0.0,&quot;precipprob&quot;:4.8,&quot;snow&quot;:0.0,&quot;snowdepth&quot;:0.0,&quot;preciptype&quot;:null,&quot;windgust&quot;:20.9,&quot;windspeed&quot;:14.4,&quot;winddir&quot;:81.2,&quot;pressure&quot;:1003.0,&quot;visibility&quot;:24.1,&quot;cloudcover&quot;:56.0,&quot;solarradiation&quot;:490.0,&quot;solarenergy&quot;:1.8,&quot;uvindex&quot;:5.0,&quot;severerisk&quot;:10.0,&quot;conditions&quot;:&quot;Partially cloudy&quot;,&quot;icon&quot;:&quot;partly-cloudy-day&quot;,&quot;stations&quot;:null,&quot;source&quot;:&quot;fcst&quot;},{&quot;datetime&quot;:&quot;10:00:00&quot;,&quot;datetimeEpoch&quot;:1690345800,&quot;temp&quot;:30.6,&quot;feelslike&quot;:35.4,&quot;humidity&quot;:66.29,&quot;dew&quot;:23.6,&quot;precip&quot;:0.1,&quot;precipprob&quot;:4.8,&quot;snow&quot;:0.0,&quot;snowdepth&quot;:0.0,&quot;preciptype&quot;:[&quot;rain&quot;],&quot;windgust&quot;:19.4,&quot;windspeed&quot;:14.0,&quot;winddir&quot;:75.3,&quot;pressure&quot;:1003.0,&quot;visibility&quot;:24.1,&quot;cloudcover&quot;:45.7,&quot;solarradiation&quot;:641.0,&quot;solarenergy&quot;:2.3,&quot;uvindex&quot;:6.0,&quot;severerisk&quot;:30.0,&quot;conditions&quot;:&quot;Partially cloudy&quot;,&quot;icon&quot;:&quot;partly-cloudy-day&quot;,&quot;stations&quot;:null,&quot;source&quot;:&quot;fcst&quot;},{&quot;datetime&quot;:&quot;11:00:00&quot;,&quot;datetimeEpoch&quot;:1690349400,&quot;temp&quot;:32.0,&quot;feelslike&quot;:37.1,&quot;humidity&quot;:60.48,&quot;dew&quot;:23.4,&quot;precip&quot;:0.1,&quot;precipprob&quot;:4.8,&quot;snow&quot;:0.0,&quot;snowdepth&quot;:0.0,&quot;preciptype&quot;:[&quot;rain&quot;],&quot;windgust&quot;:19.4,&quot;windspeed&quot;:15.1,&quot;winddir&quot;:76.6,&quot;pressure&quot;:1003.0,&quot;visibility&quot;:24.1,&quot;cloudcover&quot;:80.9,&quot;solarradiation&quot;:796.0,&quot;solarenergy&quot;:2.9,&quot;uvindex&quot;:8.0,&quot;severerisk&quot;:30.0,&quot;conditions&quot;:&quot;Partially cloudy&quot;,&quot;icon&quot;:&quot;partly-cloudy-day&quot;,&quot;stations&quot;:null,&quot;source&quot;:&quot;fcst&quot;},{&quot;datetime&quot;:&quot;12:00:00&quot;,&quot;datetimeEpoch&quot;:1690353000,&quot;temp&quot;:33.0,&quot;feelslike&quot;:38.1,&quot;humidity&quot;:56.13,&quot;dew&quot;:23.1,&quot;precip&quot;:0.0,&quot;precipprob&quot;:4.8,&quot;snow&quot;:0.0,&quot;snowdepth&quot;:0.0,&quot;preciptype&quot;:null,&quot;windgust&quot;:19.1,&quot;windspeed&quot;:15.5,&quot;winddir&quot;:77.5,&quot;pressure&quot;:1002.0,&quot;visibility&quot;:24.1,&quot;cloudcover&quot;:51.1,&quot;solarradiation&quot;:875.0,&quot;solarenergy&quot;:3.2,&quot;uvindex&quot;:9.0,&quot;severerisk&quot;:30.0,&quot;conditions&quot;:&quot;Partially cloudy&quot;,&quot;icon&quot;:&quot;partly-cloudy-day&quot;,&quot;stations&quot;:null,&quot;source&quot;:&quot;fcst&quot;},{&quot;datetime&quot;:&quot;13:00:00&quot;,&quot;datetimeEpoch&quot;:1690356600,&quot;temp&quot;:34.0,&quot;feelslike&quot;:38.8,&quot;humidity&quot;:51.49,&quot;dew&quot;:22.6,&quot;precip&quot;:0.0,&quot;precipprob&quot;:38.1,&quot;snow&quot;:0.0,&quot;snowdepth&quot;:0.0,&quot;preciptype&quot;:null,&quot;windgust&quot;:18.0,&quot;windspeed&quot;:14.4,&quot;winddir&quot;:76.1,&quot;pressure&quot;:1001.0,&quot;visibility&quot;:24.1,&quot;cloudcover&quot;:55.2,&quot;solarradiation&quot;:895.0,&quot;solarenergy&quot;:3.2,&quot;uvindex&quot;:9.0,&quot;severerisk&quot;:30.0,&quot;conditions&quot;:&quot;Partially cloudy&quot;,&quot;icon&quot;:&quot;partly-cloudy-day&quot;,&quot;stations&quot;:null,&quot;source&quot;:&quot;fcst&quot;},{&quot;datetime&quot;:&quot;14:00:00&quot;,&quot;datetimeEpoch&quot;:1690360200,&quot;temp&quot;:34.4,&quot;feelslike&quot;:38.9,&quot;humidity&quot;:49.14,&quot;dew&quot;:22.2,&quot;precip&quot;:0.0,&quot;precipprob&quot;:38.1,&quot;snow&quot;:0.0,&quot;snowdepth&quot;:0.0,&quot;preciptype&quot;:null,&quot;windgust&quot;:18.0,&quot;windspeed&quot;:15.1,&quot;winddir&quot;:67.6,&quot;pressure&quot;:1000.0,&quot;visibility&quot;:24.1,&quot;cloudcover&quot;:82.6,&quot;solarradiation&quot;:843.0,&quot;solarenergy&quot;:3.0,&quot;uvindex&quot;:8.0,&quot;severerisk&quot;:30.0,&quot;conditions&quot;:&quot;Partially cloudy&quot;,&quot;icon&quot;:&quot;partly-cloudy-day&quot;,&quot;stations&quot;:null,&quot;source&quot;:&quot;fcst&quot;},{&quot;datetime&quot;:&quot;15:00:00&quot;,&quot;datetimeEpoch&quot;:1690363800,&quot;temp&quot;:32.9,&quot;feelslike&quot;:37.3,&quot;humidity&quot;:54.43,&quot;dew&quot;:22.5,&quot;precip&quot;:0.0,&quot;precipprob&quot;:38.1,&quot;snow&quot;:0.0,&quot;snowdepth&quot;:0.0,&quot;preciptype&quot;:null,&quot;windgust&quot;:18.4,&quot;windspeed&quot;:16.2,&quot;winddir&quot;:58.0,&quot;pressure&quot;:1000.0,&quot;visibility&quot;:24.1,&quot;cloudcover&quot;:89.8,&quot;solarradiation&quot;:459.0,&quot;solarenergy&quot;:1.7,&quot;uvindex&quot;:5.0,&quot;severerisk&quot;:30.0,&quot;conditions&quot;:&quot;Partially cloudy&quot;,&quot;icon&quot;:&quot;partly-cloudy-day&quot;,&quot;stations&quot;:null,&quot;source&quot;:&quot;fcst&quot;},{&quot;datetime&quot;:&quot;16:00:00&quot;,&quot;datetimeEpoch&quot;:1690367400,&quot;temp&quot;:32.2,&quot;feelslike&quot;:36.7,&quot;humidity&quot;:57.67,&quot;dew&quot;:22.8,&quot;precip&quot;:0.0,&quot;precipprob&quot;:38.1,&quot;snow&quot;:0.0,&quot;snowdepth&quot;:0.0,&quot;preciptype&quot;:null,&quot;windgust&quot;:20.2,&quot;windspeed&quot;:14.8,&quot;winddir&quot;:65.1,&quot;pressure&quot;:1000.0,&quot;visibility&quot;:24.1,&quot;cloudcover&quot;:76.5,&quot;solarradiation&quot;:346.0,&quot;solarenergy&quot;:1.2,&quot;uvindex&quot;:3.0,&quot;severerisk&quot;:30.0,&quot;conditions&quot;:&quot;Partially cloudy&quot;,&quot;icon&quot;:&quot;partly-cloudy-day&quot;,&quot;stations&quot;:null,&quot;source&quot;:&quot;fcst&quot;},{&quot;datetime&quot;:&quot;17:00:00&quot;,&quot;datetimeEpoch&quot;:1690371000,&quot;temp&quot;:31.6,&quot;feelslike&quot;:36.3,&quot;humidity&quot;:60.75,&quot;dew&quot;:23.1,&quot;precip&quot;:0.0,&quot;precipprob&quot;:38.1,&quot;snow&quot;:0.0,&quot;snowdepth&quot;:0.0,&quot;preciptype&quot;:null,&quot;windgust&quot;:21.2,&quot;windspeed&quot;:14.4,&quot;winddir&quot;:84.6,&quot;pressure&quot;:1000.0,&quot;visibility&quot;:24.1,&quot;cloudcover&quot;:32.0,&quot;solarradiation&quot;:262.0,&quot;solarenergy&quot;:0.9,&quot;uvindex&quot;:3.0,&quot;severerisk&quot;:30.0,&quot;conditions&quot;:&quot;Partially cloudy&quot;,&quot;icon&quot;:&quot;partly-cloudy-day&quot;,&quot;stations&quot;:null,&quot;source&quot;:&quot;fcst&quot;},{&quot;datetime&quot;:&quot;18:00:00&quot;,&quot;datetimeEpoch&quot;:1690374600,&quot;temp&quot;:30.5,&quot;feelslike&quot;:35.3,&quot;humidity&quot;:66.67,&quot;dew&quot;:23.6,&quot;precip&quot;:0.1,&quot;precipprob&quot;:38.1,&quot;snow&quot;:0.0,&quot;snowdepth&quot;:0.0,&quot;preciptype&quot;:[&quot;rain&quot;],&quot;windgust&quot;:25.2,&quot;windspeed&quot;:13.7,&quot;winddir&quot;:88.4,&quot;pressure&quot;:1000.0,&quot;visibility&quot;:24.1,&quot;cloudcover&quot;:17.8,&quot;solarradiation&quot;:232.0,&quot;solarenergy&quot;:0.8,&quot;uvindex&quot;:2.0,&quot;severerisk&quot;:30.0,&quot;conditions&quot;:&quot;Clear&quot;,&quot;icon&quot;:&quot;clear-day&quot;,&quot;stations&quot;:null,&quot;source&quot;:&quot;fcst&quot;},{&quot;datetime&quot;:&quot;19:00:00&quot;,&quot;datetimeEpoch&quot;:1690378200,&quot;temp&quot;:28.6,&quot;feelslike&quot;:32.3,&quot;humidity&quot;:73.06,&quot;dew&quot;:23.3,&quot;precip&quot;:0.0,&quot;precipprob&quot;:9.5,&quot;snow&quot;:0.0,&quot;snowdepth&quot;:0.0,&quot;preciptype&quot;:null,&quot;windgust&quot;:28.8,&quot;windspeed&quot;:10.8,&quot;winddir&quot;:79.5,&quot;pressure&quot;:1001.0,&quot;visibility&quot;:24.1,&quot;cloudcover&quot;:77.9,&quot;solarradiation&quot;:58.0,&quot;solarenergy&quot;:0.2,&quot;uvindex&quot;:0.0,&quot;severerisk&quot;:10.0,&quot;conditions&quot;:&quot;Partially cloudy&quot;,&quot;icon&quot;:&quot;partly-cloudy-night&quot;,&quot;stations&quot;:null,&quot;source&quot;:&quot;fcst&quot;},{&quot;datetime&quot;:&quot;20:00:00&quot;,&quot;datetimeEpoch&quot;:1690381800,&quot;temp&quot;:27.9,&quot;feelslike&quot;:31.2,&quot;humidity&quot;:76.1,&quot;dew&quot;:23.3,&quot;precip&quot;:0.0,&quot;precipprob&quot;:9.5,&quot;snow&quot;:0.0,&quot;snowdepth&quot;:0.0,&quot;preciptype&quot;:null,&quot;windgust&quot;:28.1,&quot;windspeed&quot;:9.0,&quot;winddir&quot;:78.4,&quot;pressure&quot;:1001.0,&quot;visibility&quot;:24.1,&quot;cloudcover&quot;:100.0,&quot;solarradiation&quot;:0.0,&quot;solarenergy&quot;:0.0,&quot;uvindex&quot;:0.0,&quot;severerisk&quot;:10.0,&quot;conditions&quot;:&quot;Overcast&quot;,&quot;icon&quot;:&quot;cloudy&quot;,&quot;stations&quot;:null,&quot;source&quot;:&quot;fcst&quot;},{&quot;datetime&quot;:&quot;21:00:00&quot;,&quot;datetimeEpoch&quot;:1690385400,&quot;temp&quot;:27.3,&quot;feelslike&quot;:30.2,&quot;humidity&quot;:78.82,&quot;dew&quot;:23.3,&quot;precip&quot;:0.0,&quot;precipprob&quot;:9.5,&quot;snow&quot;:0.0,&quot;snowdepth&quot;:0.0,&quot;preciptype&quot;:null,&quot;windgust&quot;:27.0,&quot;windspeed&quot;:7.9,&quot;winddir&quot;:78.5,&quot;pressure&quot;:1002.0,&quot;visibility&quot;:24.1,&quot;cloudcover&quot;:100.0,&quot;solarradiation&quot;:0.0,&quot;solarenergy&quot;:0.0,&quot;uvindex&quot;:0.0,&quot;severerisk&quot;:10.0,&quot;conditions&quot;:&quot;Overcast&quot;,&quot;icon&quot;:&quot;cloudy&quot;,&quot;stations&quot;:null,&quot;source&quot;:&quot;fcst&quot;},{&quot;datetime&quot;:&quot;22:00:00&quot;,&quot;datetimeEpoch&quot;:1690389000,&quot;temp&quot;:27.2,&quot;feelslike&quot;:30.1,&quot;humidity&quot;:79.76,&quot;dew&quot;:23.4,&quot;precip&quot;:0.0,&quot;precipprob&quot;:9.5,&quot;snow&quot;:0.0,&quot;snowdepth&quot;:0.0,&quot;preciptype&quot;:null,&quot;windgust&quot;:32.0,&quot;windspeed&quot;:9.4,&quot;winddir&quot;:77.2,&quot;pressure&quot;:1002.0,&quot;visibility&quot;:24.1,&quot;cloudcover&quot;:99.9,&quot;solarradiation&quot;:0.0,&quot;solarenergy&quot;:0.0,&quot;uvindex&quot;:0.0,&quot;severerisk&quot;:10.0,&quot;conditions&quot;:&quot;Overcast&quot;,&quot;icon&quot;:&quot;cloudy&quot;,&quot;stations&quot;:null,&quot;source&quot;:&quot;fcst&quot;},{&quot;datetime&quot;:&quot;23:00:00&quot;,&quot;datetimeEpoch&quot;:1690392600,&quot;temp&quot;:26.8,&quot;feelslike&quot;:29.4,&quot;humidity&quot;:82.15,&quot;dew&quot;:23.5,&quot;precip&quot;:0.0,&quot;precipprob&quot;:9.5,&quot;snow&quot;:0.0,&quot;snowdepth&quot;:0.0,&quot;preciptype&quot;:null,&quot;windgust&quot;:31.7,&quot;windspeed&quot;:9.0,&quot;winddir&quot;:84.9,&quot;pressure&quot;:1002.0,&quot;visibility&quot;:24.1,&quot;cloudcover&quot;:48.0,&quot;solarradiation&quot;:0.0,&quot;solarenergy&quot;:0.0,&quot;uvindex&quot;:0.0,&quot;severerisk&quot;:10.0,&quot;conditions&quot;:&quot;Partially cloudy&quot;,&quot;icon&quot;:&quot;partly-cloudy-night&quot;,&quot;stations&quot;:null,&quot;source&quot;:&quot;fcst&quot;}]},{&quot;datetime&quot;:&quot;2023-07-27&quot;,&quot;datetimeEpoch&quot;:1690396200,&quot;tempmax&quot;:34.7,&quot;tempmin&quot;:24.6,&quot;temp&quot;:29.3,&quot;feelslikemax&quot;:39.7,&quot;feelslikemin&quot;:24.6,&quot;feelslike&quot;:32.4,&quot;dew&quot;:23.5,&quot;humidity&quot;:72.9,&quot;precip&quot;:0.8,&quot;precipprob&quot;:66.7,&quot;precipcover&quot;:12.5,&quot;preciptype&quot;:[&quot;rain&quot;],&quot;snow&quot;:0.0,&quot;snowdepth&quot;:0.0,&quot;windgust&quot;:26.6,&quot;windspeed&quot;:13.0,&quot;winddir&quot;:73.3,&quot;pressure&quot;:1000.8,&quot;cloudcover&quot;:83.9,&quot;visibility&quot;:24.1,&quot;solarradiation&quot;:248.2,&quot;solarenergy&quot;:21.4,&quot;uvindex&quot;:8.0,&quot;severerisk&quot;:30.0,&quot;sunrise&quot;:&quot;05:18:35&quot;,&quot;sunriseEpoch&quot;:1690415315,&quot;sunset&quot;:&quot;18:32:49&quot;,&quot;sunsetEpoch&quot;:1690462969,&quot;moonphase&quot;:0.32,&quot;conditions&quot;:&quot;Rain, Partially cloudy&quot;,&quot;description&quot;:&quot;Partly cloudy throughout the day with storms possible.&quot;,&quot;icon&quot;:&quot;rain&quot;,&quot;stations&quot;:null,&quot;source&quot;:&quot;fcst&quot;,&quot;hours&quot;:[{&quot;datetime&quot;:&quot;00:00:00&quot;,&quot;datetimeEpoch&quot;:1690396200,&quot;temp&quot;:26.3,&quot;feelslike&quot;:26.3,&quot;humidity&quot;:84.61,&quot;dew&quot;:23.5,&quot;precip&quot;:0.0,&quot;precipprob&quot;:9.5,&quot;snow&quot;:0.0,&quot;snowdepth&quot;:0.0,&quot;preciptype&quot;:null,&quot;windgust&quot;:26.6,&quot;windspeed&quot;:7.6,&quot;winddir&quot;:80.7,&quot;pressure&quot;:1002.0,&quot;visibility&quot;:24.1,&quot;cloudcover&quot;:83.1,&quot;solarradiation&quot;:0.0,&quot;solarenergy&quot;:0.0,&quot;uvindex&quot;:0.0,&quot;severerisk&quot;:10.0,&quot;conditions&quot;:&quot;Partially cloudy&quot;,&quot;icon&quot;:&quot;partly-cloudy-night&quot;,&quot;stations&quot;:null,&quot;source&quot;:&quot;fcst&quot;},{&quot;datetime&quot;:&quot;01:00:00&quot;,&quot;datetimeEpoch&quot;:1690399800,&quot;temp&quot;:25.9,&quot;feelslike&quot;:25.9,&quot;humidity&quot;:86.63,&quot;dew&quot;:23.5,&quot;precip&quot;:0.0,&quot;preci
[...]
inddir":72.6,"pressure":996.0,"visibility":6.9,"cloudcover":100.0,"solarradiation":694.0,"solarenergy":2.5,"uvindex":7.0,"severerisk":30.0,"conditions":"Rain, Overcast","icon":"rain","stations":null,"source":"fcst"},{"datetime":"16:00:00","datetimeEpoch":1691231400,"temp":30.8,"feelslike":36.8,"humidity":69.59,"dew":24.6,"precip":0.0,"precipprob":95.2,"snow":0.0,"snowdepth":0.0,"preciptype":["rain"],"windgust":18.4,"windspeed":12.8,"winddir":69.8,"pressure":996.0,"visibility":6.1,"cloudcover":100.0,"solarradiation":594.3,"solarenergy":2.1,"uvindex":6.0,"severerisk":30.0,"conditions":"Rain, Overcast","icon":"rain","stations":null,"source":"fcst"},{"datetime":"17:00:00","datetimeEpoch":1691235000,"temp":29.6,"feelslike":35.3,"humidity":75.9,"dew":24.9,"precip":0.0,"precipprob":95.2,"snow":0.0,"snowdepth":0.0,"preciptype":["rain"],"windgust":18.0,"windspeed":10.6,"winddir":67.1,"pressure":996.0,"visibility":5.3,"cloudcover":100.0,"solarradiation":494.7,"solarenergy":1.8,"uvindex":5.0,"severerisk":30.0,"conditions":"Rain, Overcast","icon":"rain","stations":null,"source":"fcst"},{"datetime":"18:00:00","datetimeEpoch":1691238600,"temp":28.4,"feelslike":33.5,"humidity":82.83,"dew":25.2,"precip":3.8,"precipprob":95.2,"snow":0.0,"snowdepth":0.0,"preciptype":["rain"],"windgust":17.6,"windspeed":8.3,"winddir":64.3,"pressure":996.0,"visibility":4.5,"cloudcover":100.0,"solarradiation":395.0,"solarenergy":1.4,"uvindex":4.0,"severerisk":30.0,"conditions":"Rain, Overcast","icon":"rain","stations":null,"source":"fcst"},{"datetime":"19:00:00","datetimeEpoch":1691242200,"temp":27.7,"feelslike":32.0,"humidity":84.93,"dew":24.9,"precip":0.0,"precipprob":81.0,"snow":0.0,"snowdepth":0.0,"preciptype":["rain"],"windgust":13.3,"windspeed":7.0,"winddir":67.1,"pressure":997.0,"visibility":11.0,"cloudcover":70.3,"solarradiation":267.3,"solarenergy":0.9,"uvindex":0.0,"severerisk":30.0,"conditions":"Rain, Partially cloudy","icon":"rain","stations":null,"source":"fcst"},{"datetime":"20:00:00","datetimeEpoch":1691245800,"temp":27.0,"feelslike":30.5,"humidity":87.09,"dew":24.7,"precip":0.0,"precipprob":81.0,"snow":0.0,"snowdepth":0.0,"preciptype":["rain"],"windgust":9.0,"windspeed":5.6,"winddir":70.0,"pressure":998.0,"visibility":17.6,"cloudcover":40.6,"solarradiation":139.7,"solarenergy":0.5,"uvindex":0.0,"severerisk":30.0,"conditions":"Rain, Partially cloudy","icon":"rain","stations":null,"source":"fcst"},{"datetime":"21:00:00","datetimeEpoch":1691249400,"temp":26.4,"feelslike":26.4,"humidity":89.32,"dew":24.5,"precip":3.9,"precipprob":81.0,"snow":0.0,"snowdepth":0.0,"preciptype":["rain"],"windgust":4.7,"windspeed":4.3,"winddir":72.8,"pressure":999.0,"visibility":24.1,"cloudcover":10.9,"solarradiation":12.0,"solarenergy":0.0,"uvindex":0.0,"severerisk":10.0,"conditions":"Rain","icon":"rain","stations":null,"source":"fcst"},{"datetime":"22:00:00","datetimeEpoch":1691253000,"temp":26.1,"feelslike":26.1,"humidity":90.38,"dew":24.4,"precip":0.0,"precipprob":81.0,"snow":0.0,"snowdepth":0.0,"preciptype":["rain"],"windgust":4.2,"windspeed":4.0,"winddir":65.1,"pressure":999.0,"visibility":24.1,"cloudcover":9.7,"solarradiation":8.0,"solarenergy":0.0,"uvindex":0.0,"severerisk":10.0,"conditions":"Rain","icon":"rain","stations":null,"source":"fcst"},{"datetime":"23:00:00","datetimeEpoch":1691256600,"temp":25.8,"feelslike":25.8,"humidity":91.45,"dew":24.3,"precip":0.0,"precipprob":81.0,"snow":0.0,"snowdepth":0.0,"preciptype":["rain"],"windgust":3.7,"windspeed":3.6,"winddir":57.5,"pressure":999.0,"visibility":24.1,"cloudcover":8.4,"solarradiation":4.0,"solarenergy":0.0,"uvindex":0.0,"severerisk":10.0,"conditions":"Rain","icon":"rain","stations":null,"source":"fcst"}]},{"datetime":"2023-08-06","datetimeEpoch":1691260200,"tempmax":31.6,"tempmin":24.7,"temp":27.8,"feelslikemax":38.5,"feelslikemin":24.7,"feelslike":31.0,"dew":24.7,"humidity":84.0,"precip":26.6,"precipprob":81.0,"precipcover":33.33,"preciptype":["rain"],"snow":0.0,"snowdepth":0.0,"windgust":10.8,"windspeed":7.6,"winddir":61.5,"pressure":997.6,"cloudcover":73.7,"visibility":11.6,"solarradiation":282.6,"solarenergy":24.6,"uvindex":8.0,"severerisk":30.0,"sunrise":"05:22:40","sunriseEpoch":1691279560,"sunset":"18:27:31","sunsetEpoch":1691326651,"moonphase":0.65,"conditions":"Rain, Partially cloudy","description":"Partly cloudy throughout the day with storms possible.","icon":"rain","stations":null,"source":"fcst","hours":[{"datetime":"00:00:00","datetimeEpoch":1691260200,"temp":25.6,"feelslike":25.6,"humidity":92.54,"dew":24.3,"precip":0.4,"precipprob":81.0,"snow":0.0,"snowdepth":0.0,"preciptype":["rain"],"windgust":3.2,"windspeed":3.2,"winddir":49.8,"pressure":999.0,"visibility":24.1,"cloudcover":7.2,"solarradiation":0.0,"solarenergy":0.0,"uvindex":0.0,"severerisk":10.0,"conditions":"Rain","icon":"rain","stations":null,"source":"fcst"},{"datetime":"01:00:00","datetimeEpoch":1691263800,"temp":25.4,"feelslike":25.4,"humidity":92.9,"dew":24.2,"precip":0.0,"precipprob":71.4,"snow":0.0,"snowdepth":0.0,"preciptype":["rain"],"windgust":2.9,"windspeed":2.9,"winddir":37.4,"pressure":998.3,"visibility":24.1,"cloudcover":34.6,"solarradiation":0.0,"solarenergy":0.0,"uvindex":0.0,"severerisk":10.0,"conditions":"Rain, Partially cloudy","icon":"rain","stations":null,"source":"fcst"},{"datetime":"02:00:00","datetimeEpoch":1691267400,"temp":25.2,"feelslike":25.2,"humidity":93.26,"dew":24.1,"precip":0.0,"precipprob":71.4,"snow":0.0,"snowdepth":0.0,"preciptype":["rain"],"windgust":2.5,"windspeed":2.5,"winddir":25.1,"pressure":997.7,"visibility":24.1,"cloudcover":62.0,"solarradiation":0.0,"solarenergy":0.0,"uvindex":0.0,"severerisk":10.0,"conditions":"Rain, Partially cloudy","icon":"rain","stations":null,"source":"fcst"},{"datetime":"03:00:00","datetimeEpoch":1691271000,"temp":25.1,"feelslike":25.1,"humidity":93.63,"dew":24.0,"precip":0.2,"precipprob":71.4,"snow":0.0,"snowdepth":0.0,"preciptype":["rain"],"windgust":2.2,"windspeed":2.2,"winddir":12.7,"pressure":997.0,"visibility":24.1,"cloudcover":89.4,"solarradiation":0.0,"solarenergy":0.0,"uvindex":0.0,"severerisk":10.0,"conditions":"Rain, Partially cloudy","icon":"rain","stations":null,"source":"fcst"},{"datetime":"04:00:00","datetimeEpoch":1691274600,"temp":24.9,"feelslike":24.9,"humidity":94.0,"dew":23.9,"precip":0.0,"precipprob":71.4,"snow":0.0,"snowdepth":0.0,"preciptype":["rain"],"windgust":2.2,"windspeed":2.2,"winddir":32.5,"pressure":997.3,"visibility":21.2,"cloudcover":80.5,"solarradiation":0.0,"solarenergy":0.0,"uvindex":0.0,"severerisk":10.0,"conditions":"Rain, Partially cloudy","icon":"rain","stations":null,"source":"fcst"},{"datetime":"05:00:00","datetimeEpoch":1691278200,"temp":24.8,"feelslike":24.8,"humidity":94.37,"dew":23.8,"precip":0.0,"precipprob":71.4,"snow":0.0,"snowdepth":0.0,"preciptype":["rain"],"windgust":2.2,"windspeed":2.2,"winddir":52.3,"pressure":997.7,"visibility":18.4,"cloudcover":71.7,"solarradiation":0.0,"solarenergy":0.0,"uvindex":0.0,"severerisk":10.0,"conditions":"Rain, Partially cloudy","icon":"rain","stations":null,"source":"fcst"},{"datetime":"06:00:00","datetimeEpoch":1691281800,"temp":24.7,"feelslike":24.7,"humidity":94.74,"dew":23.8,"precip":3.7,"precipprob":71.4,"snow":0.0,"snowdepth":0.0,"preciptype":["rain"],"windgust":2.2,"windspeed":2.2,"winddir":72.1,"pressure":998.0,"visibility":15.5,"cloudcover":62.8,"solarradiation":0.0,"solarenergy":0.0,"uvindex":0.0,"severerisk":10.0,"conditions":"Rain, Partially cloudy","icon":"rain","stations":null,"source":"fcst"},{"datetime":"07:00:00","datetimeEpoch":1691285400,"temp":26.2,"feelslike":26.2,"humidity":88.59,"dew":24.1,"precip":0.0,"precipprob":66.7,"snow":0.0,"snowdepth":0.0,"preciptype":["rain"],"windgust":4.2,"windspeed":2.6,"winddir":64.2,"pressure":998.3,"visibility":12.4,"cloudcover":59.4,"solarradiation":96.3,"solarenergy":0.3,"uvindex":1.0,"severerisk":10.0,"conditions":"Rain, Partially cloudy","icon":"rain","stations":null,"source":"fcst"},{"datetime":"08:00:00","datetimeEpoch":1691289000,"temp":27.7,"feelslike":31.6,"humidity":82.92,"dew":24.5,"precip":0.0,"precipprob":66.7,"snow":0.0,"snowdepth":0.0,"preciptype":["rain"],"windgust":6.2,"windspeed":3.1,"winddir":56.3,"pressure":998.7,"visibility":9.2,"cloudcover":55.9,"solarradiation":192.7,"solarenergy":0.7,"uvindex":2.0,"severerisk":10.0,"conditions":"Rain, Partially cloudy","icon":"rain","stations":null,"source":"fcst"},{"datetime":"09:00:00","datetimeEpoch":1691292600,"temp":29.2,"feelslike":34.6,"humidity":77.68,"dew":24.9,"precip":3.1,"precipprob":66.7,"snow":0.0,"snowdepth":0.0,"preciptype":["rain"],"windgust":8.3,"windspeed":3.6,"winddir":48.4,"pressure":999.0,"visibility":6.1,"cloudcover":52.5,"solarradiation":289.0,"solarenergy":1.0,"uvindex":3.0,"severerisk":30.0,"conditions":"Rain, Partially cloudy","icon":"rain","stations":null,"source":"fcst"},{"datetime":"10:00:00","datetimeEpoch":1691296200,"temp":29.7,"feelslike":35.5,"humidity":75.77,"dew":24.9,"precip":0.0,"precipprob":66.7,"snow":0.0,"snowdepth":0.0,"preciptype":["rain"],"windgust":9.1,"windspeed":4.9,"winddir":52.5,"pressure":998.7,"visibility":5.9,"cloudcover":51.9,"solarradiation":444.7,"solarenergy":1.6,"uvindex":4.0,"severerisk":30.0,"conditions":"Rain, Partially cloudy","icon":"rain","stations":null,"source":"fcst"},{"datetime":"11:00:00","datetimeEpoch":1691299800,"temp":30.2,"feelslike":36.4,"humidity":73.91,"dew":25.0,"precip":0.0,"precipprob":66.7,"snow":0.0,"snowdepth":0.0,"preciptype":["rain"],"windgust":10.0,"windspeed":6.2,"winddir":56.7,"pressure":998.3,"visibility":5.7,"cloudcover":51.2,"solarradiation":600.3,"solarenergy":2.1,"uvindex":6.0,"severerisk":30.0,"conditions":"Rain, Partially cloudy","icon":"rain","stations":null,"source":"fcst"},{"datetime":"12:00:00","datetimeEpoch":1691303400,"temp":30.7,"feelslike":37.3,"humidity":72.11,"dew":25.1,"precip":4.1,"precipprob":66.7,"snow":0.0,"snowdepth":0.0,"preciptype":["rain"],"windgust":10.8,"windspeed":7.6,"winddir":60.8,"pressure":998.0,"visibility":5.5,"cloudcover":50.6,"solarradiation":756.0,"solarenergy":2.7,"uvindex":8.0,"severerisk":30.0,"conditions":"Rain, Partially cloudy","icon":"rain","stations":null,"source":"fcst"},{"datetime":"13:00:00","datetimeEpoch":1691307000,"temp":31.0,"feelslike":37.7,"humidity":70.75,"dew":25.0,"precip":0.0,"precipprob":71.4,"snow":0.0,"snowdepth":0.0,"preciptype":["rain"],"windgust":10.7,"windspeed":7.3,"winddir":62.2,"pressure":997.3,"visibility":5.7,"cloudcover":67.1,"solarradiation":769.7,"solarenergy":2.8,"uvindex":8.0,"severerisk":30.0,"conditions":"Rain, Partially cloudy","icon":"rain","stations":null,"source":"fcst"},{"datetime":"14:00:00","datetimeEpoch":1691310600,"temp":31.3,"feelslike":38.1,"humidity":69.41,"dew":25.0,"precip":0.0,"precipprob":71.4,"snow":0.0,"snowdepth":0.0,"preciptype":["rain"],"windgust":10.6,"windspeed":7.1,"winddir":63.7,"pressure":996.7,"visibility":5.8,"cloudcover":83.5,"solarradiation":783.3,"solarenergy":2.8,"uvindex":8.0,"severerisk":30.0,"conditions":"Rain, Partially cloudy","icon":"rain","stations":null,"source":"fcst"},{"datetime":"15:00:00","datetimeEpoch":1691314200,"temp":31.6,"feelslike":38.5,"humidity":68.1,"dew":25.0,"precip":3.8,"precipprob":71.4,"snow":0.0,"snowdepth":0.0,"preciptype":["rain"],"windgust":10.4,"windspeed":6.8,"winddir":65.1,"pressure":996.0,"visibility":6.0,"cloudcover":100.0,"solarradiation":797.0,"solarenergy":2.9,"uvindex":8.0,"severerisk":30.0,"conditions":"Rain, Overcast","icon":"rain","stations":null,"source":"fcst"},{"datetime":"16:00:00","datetimeEpoch":1691317800,"temp":30.8,"feelslike":37.8,"humidity":72.43,"dew":25.3,"precip":0.0,"precipprob":71.4,"snow":0.0,"snowdepth":0.0,"preciptype":["rain"],"windgust":9.0,"windspeed":6.0,"winddir":70.5,"pressure":996.0,"visibility":6.0,"cloudcover":99.8,"solarradiation":666.0,"solarenergy":2.4,"uvindex":7.0,"severerisk":30.0,"conditions":"Rain, Overcast","icon":"rain","stations":null,"source":"fcst"},{"datetime":"17:00:00","datetimeEpoch":1691321400,"temp":30.1,"feelslike":37.1,"humidity":77.05,"dew":25.6,"precip":0.0,"precipprob":71.4,"snow":0.0,"snowdepth":0.0,"preciptype":["rain"],"windgust":7.6,"windspeed":5.2,"winddir":76.0,"pressure":996.0,"visibility":5.9,"cloudcover":99.6,"solarradiation":535.0,"solarenergy":2.0,"uvindex":5.0,"severerisk":30.0,"conditions":"Rain, Overcast","icon":"rain","stations":null,"source":"fcst"},{"datetime":"18:00:00","datetimeEpoch":1691325000,"temp":29.4,"feelslike":36.2,"humidity":81.97,"dew":26.0,"precip":5.2,"precipprob":71.4,"snow":0.0,"snowdepth":0.0,"preciptype":["rain"],"windgust":6.1,"windspeed":4.3,"winddir":81.4,"pressure":996.0,"visibility":5.9,"cloudcover":99.4,"solarradiation":404.0,"solarenergy":1.5,"uvindex":4.0,"severerisk":30.0,"conditions":"Rain, Overcast","icon":"rain","stations":null,"source":"fcst"},{"datetime":"19:00:00","datetimeEpoch":1691328600,"temp":28.2,"feelslike":33.4,"humidity":85.15,"dew":25.5,"precip":0.0,"precipprob":71.4,"snow":0.0,"snowdepth":0.0,"preciptype":["rain"],"windgust":5.6,"windspeed":4.4,"winddir":76.4,"pressure":996.7,"visibility":5.8,"cloudcover":98.6,"solarradiation":274.3,"solarenergy":1.0,"uvindex":0.0,"severerisk":30.0,"conditions":"Rain, Overcast","icon":"rain","stations":null,"source":"fcst"},{"datetime":"20:00:00","datetimeEpoch":1691332200,"temp":27.0,"feelslike":30.6,"humidity":88.49,"dew":25.0,"precip":0.0,"precipprob":71.4,"snow":0.0,"snowdepth":0.0,"preciptype":["rain"],"windgust":5.2,"windspeed":4.6,"winddir":71.3,"pressure":997.3,"visibility":5.6,"cloudcover":97.7,"solarradiation":144.7,"solarenergy":0.6,"uvindex":0.0,"severerisk":10.0,"conditions":"Rain, Overcast","icon":"rain","stations":null,"source":"fcst"},{"datetime":"21:00:00","datetimeEpoch":1691335800,"temp":25.9,"feelslike":25.9,"humidity":92.0,"dew":24.5,"precip":6.1,"precipprob":71.4,"snow":0.0,"snowdepth":0.0,"preciptype":["rain"],"windgust":4.7,"windspeed":4.7,"winddir":66.3,"pressure":998.0,"visibility":5.5,"cloudcover":96.9,"solarradiation":15.0,"solarenergy":0.1,"uvindex":0.0,"severerisk":10.0,"conditions":"Rain, Overcast","icon":"rain","stations":null,"source":"fcst"},{"datetime":"22:00:00","datetimeEpoch":1691339400,"temp":25.8,"feelslike":25.8,"humidity":91.81,"dew":24.4,"precip":0.0,"precipprob":71.4,"snow":0.0,"snowdepth":0.0,"preciptype":["rain"],"windgust":4.0,"windspeed":4.0,"winddir":71.5,"pressure":998.0,"visibility":11.7,"cloudcover":97.9,"solarradiation":10.0,"solarenergy":0.1,"uvindex":0.0,"severerisk":10.0,"conditions":"Rain, Overcast","icon":"rain","stations":null,"source":"fcst"},{"datetime":"23:00:00","datetimeEpoch":1691343000,"temp":25.7,"feelslike":25.7,"humidity":91.63,"dew":24.3,"precip":0.0,"precipprob":71.4,"snow":0.0,"snowdepth":0.0,"preciptype":["rain"],"windgust":3.2,"windspeed":3.2,"winddir":76.8,"pressure":998.0,"visibility":17.9,"cloudcover":99.0,"solarradiation":5.0,"solarenergy":0.0,"uvindex":0.0,"severerisk":10.0,"conditions":"Rain, Overcast","icon":"rain","stations":null,"source":"fcst"}]}],"alerts":[],"stations":{"VERC":{"distance":92547.0,"latitude":23.31,"longitude":85.32,"useCount":0,"id":"VERC","name":"VERC","quality":48,"contribution":0.0}},"currentConditions":{"datetime":"17:30:00","datetimeEpoch":1690113600,"temp":28.0,"feelslike":32.6,"humidity":83.8,"dew":25.0,"precip":1.0,"precipprob":95.2,"snow":0.0,"snowdepth":0.0,"preciptype":["rain"],"windgust":null,"windspeed":13.0,"winddir":130.0,"pressure":1006.0,"visibility":4.0,"cloudcover":88.0,"solarradiation":249.0,"solarenergy":0.9,"uvindex":2.0,"conditions":"Rain, Partially cloudy","icon":"rain","stations":["VERC"],"source":"obs","sunrise":"05:16:54","sunriseEpoch":1690069614,"sunset":"18:34:26","sunsetEpoch":1690117466,"moonphase":0.18}}

at java.base/jdk.internal.reflect.DirectConstructorHandleAccessor.newInstance(DirectConstructorHandleAccessor.java:67)
at java.base/java.lang.reflect.Constructor.newInstanceWithCaller(Constructor.java:500)
at java.base/java.lang.reflect.Constructor.newInstance(Constructor.java:484)
at org.codehaus.groovy.reflection.CachedConstructor.invoke(CachedConstructor.java:73)
at org.codehaus.groovy.runtime.callsite.ConstructorSite$ConstructorSiteNoUnwrapNoCoerce.callConstructor(ConstructorSite.java:108)
at org.codehaus.groovy.runtime.callsite.CallSiteArray.defaultCallConstructor(CallSiteArray.java:57)
at org.codehaus.groovy.runtime.callsite.AbstractCallSite.callConstructor(AbstractCallSite.java:263)
at org.codehaus.groovy.runtime.callsite.AbstractCallSite.callConstructor(AbstractCallSite.java:277)
at io.restassured.internal.ResponseSpecificationImpl$HamcrestAssertionClosure.validate(ResponseSpecificationImpl.groovy:512)
at io.restassured.internal.ResponseSpecificationImpl$HamcrestAssertionClosure$validate$1.call(Unknown Source)
at io.restassured.internal.ResponseSpecificationImpl.validateResponseIfRequired(ResponseSpecificationImpl.groovy:696)
at io.restassured.internal.ResponseSpecificationImpl.this$2$validateResponseIfRequired(ResponseSpecificationImpl.groovy)
at java.base/jdk.internal.reflect.DirectMethodHandleAccessor.invoke(DirectMethodHandleAccessor.java:104)
at java.base/java.lang.reflect.Method.invoke(Method.java:578)
at org.codehaus.groovy.runtime.callsite.PlainObjectMetaMethodSite.doInvoke(PlainObjectMetaMethodSite.java:43)
at org.codehaus.groovy.runtime.callsite.PogoMetaMethodSite$PogoCachedMethodSiteNoUnwrapNoCoerce.invoke(PogoMetaMethodSite.java:198)
at org.codehaus.groovy.runtime.callsite.PogoMetaMethodSite.callCurrent(PogoMetaMethodSite.java:62)
at org.codehaus.groovy.runtime.callsite.CallSiteArray.defaultCallCurrent(CallSiteArray.java:49)
at org.codehaus.groovy.runtime.callsite.AbstractCallSite.callCurrent(AbstractCallSite.java:171)
at org.codehaus.groovy.runtime.callsite.AbstractCallSite.callCurrent(AbstractCallSite.java:185)
at io.restassured.internal.ResponseSpecificationImpl.body(ResponseSpecificationImpl.groovy:107)
at io.restassured.internal.ValidatableResponseOptionsImpl.body(ValidatableResponseOptionsImpl.java:238)
at com.testautomation.apitesting.tests.GetAPIRequest.verifyResponseKeysAvailable(GetAPIRequest.java:106)
at java.base/jdk.internal.reflect.DirectMethodHandleAccessor.invoke(DirectMethodHandleAccessor.java:104)
at java.base/java.lang.reflect.Method.invoke(Method.java:578)
at org.testng.internal.invokers.MethodInvocationHelper.invokeMethod(MethodInvocationHelper.java:139)
at org.testng.internal.invokers.TestInvoker.invokeMethod(TestInvoker.java:664)
at org.testng.internal.invokers.TestInvoker.invokeTestMethod(TestInvoker.java:227)
at org.testng.internal.invokers.MethodRunner.runInSequence(MethodRunner.java:50)
at org.testng.internal.invokers.TestInvoker$MethodInvocationAgent.invoke(TestInvoker.java:957)
at org.testng.internal.invokers.TestInvoker.invokeTestMethods(TestInvoker.java:200)
at org.testng.internal.invokers.TestMethodWorker.invokeTestMethods(TestMethodWorker.java:148)
at org.testng.internal.invokers.TestMethodWorker.run(TestMethodWorker.java:128)
at java.base/java.util.ArrayList.forEach(ArrayList.java:1511)
at org.testng.TestRunner.privateRun(TestRunner.java:848)
at org.testng.TestRunner.run(TestRunner.java:621)
at org.testng.SuiteRunner.runTest(SuiteRunner.java:443)
at org.testng.SuiteRunner.runSequentially(SuiteRunner.java:437)
at org.testng.SuiteRunner.privateRun(SuiteRunner.java:397)
at org.testng.SuiteRunner.run(SuiteRunner.java:336)
at org.testng.SuiteRunnerWorker.runSuite(SuiteRunnerWorker.java:52)
at org.testng.SuiteRunnerWorker.run(SuiteRunnerWorker.java:95)
at org.testng.TestNG.runSuitesSequentially(TestNG.java:1280)
at org.testng.TestNG.runSuitesLocally(TestNG.java:1200)
at org.testng.TestNG.runSuites(TestNG.java:1114)
at org.testng.TestNG.run(TestNG.java:1082)
at org.testng.remote.AbstractRemoteTestNG.run(AbstractRemoteTestNG.java:115)
at org.testng.remote.RemoteTestNG.initAndRun(RemoteTestNG.java:251)
at org.testng.remote.RemoteTestNG.main(RemoteTestNG.java:77)
]]>
    </failure>
  </testcase> <!-- verifyResponseKeysAvailable -->
</testsuite> <!-- com.testautomation.apitesting.tests.GetAPIRequest -->
